<?xml version="1.0" encoding="utf-8"?><testsuites name="pytest tests"><testsuite name="pytest" errors="0" failures="0" skipped="0" tests="64" time="2.653" timestamp="2026-08-27T19:42:42.908369+07:00" hostname="DESKTOP-QD8TM7N"><testcase classname="tests.test_output_budget" name="test_default_dense_output_boundaries[15-ok]" time="0.362" /><testcase classname="tests.test_output_budget" name="test_default_dense_output_boundaries[16-ok]" time="0.002" /><testcase classname="tests.test_output_budget" name="test_default_dense_output_boundaries[17-ok]" time="0.003" /><testcase classname="tests.test_output_budget" name="test_default_dense_output_boundaries[18-ok]" time="0.002" /><testcase classname="tests.test_output_budget" name="test_default_dense_output_boundaries[20-refused]" time="0.002" /><testcase classname="tests.test_output_budget" name="test_default_dense_output_boundaries[24-refused]" time="0.002" /><testcase classname="tests.test_output_budget" name="test_default_dense_output_boundaries[32-refused]" time="0.002" /><testcase classname="tests.test_output_budget" name="test_default_budget_is_representation_aware" time="0.002" /><testcase classname="tests.test_output_budget" name="test_dense_materialization_refuses_before_large_allocation" time="0.002" /><testcase classname="tests.test_output_budget" name="test_no_reinflate_returns_typed_reduced_status" time="0.002" /><testcase classname="tests.test_output_budget" name="test_temporary_budget_can_refuse_small_output" time="0.002" /><testcase classname="tests.test_output_budget" name="test_equivalence_reports_refused_not_algorithm_error" time="0.002" /><testcase classname="tests.test_output_budget" name="test_remote_budget_round_trip_and_refusal_status" time="0.004" /><testcase classname="tests.test_output_budget" name="test_remote_reduced_output_has_reduced_status" time="0.003" /><testcase classname="tests.test_output_budget" name="test_budget_rejects_malformed_limits[-1-max_output_bytes]" time="0.003" /><testcase classname="tests.test_output_budget" name="test_budget_rejects_malformed_limits[-1-max_temporary_bytes]" time="0.003" /><testcase classname="tests.test_output_budget" name="test_budget_rejects_malformed_limits[-1-max_output_vars]" time="0.003" /><testcase classname="tests.test_output_budget" name="test_budget_rejects_malformed_limits[-0.5-max_output_bytes]" time="0.002" /><testcase classname="tests.test_output_budget" name="test_budget_rejects_malformed_limits[-0.5-max_temporary_bytes]" time="0.002" /><testcase classname="tests.test_output_budget" name="test_budget_rejects_malformed_limits[-0.5-max_output_vars]" time="0.002" /><testcase classname="tests.test_output_budget" name="test_budget_rejects_malformed_limits[1.5-max_output_bytes]" time="0.003" /><testcase classname="tests.test_output_budget" name="test_budget_rejects_malformed_limits[1.5-max_temporary_bytes]" time="0.002" /><testcase classname="tests.test_output_budget" name="test_budget_rejects_malformed_limits[1.5-max_output_vars]" time="0.002" /><testcase classname="tests.test_output_budget" name="test_budget_rejects_malformed_limits[True-max_output_bytes]" time="0.002" /><testcase classname="tests.test_output_budget" name="test_budget_rejects_malformed_limits[True-max_temporary_bytes]" time="0.002" /><testcase classname="tests.test_output_budget" name="test_budget_rejects_malformed_limits[True-max_output_vars]" time="0.002" /><testcase classname="tests.test_output_budget" name="test_budget_rejects_malformed_limits[16-max_output_bytes]" time="0.002" /><testcase classname="tests.test_output_budget" name="test_budget_rejects_malformed_limits[16-max_temporary_bytes]" time="0.004" /><testcase classname="tests.test_output_budget" name="test_budget_rejects_malformed_limits[16-max_output_vars]" time="0.003" /><testcase classname="tests.test_output_budget" name="test_budget_rejects_malformed_limits[nan-max_output_bytes]" time="0.003" /><testcase classname="tests.test_output_budget" name="test_budget_rejects_malformed_limits[nan-max_temporary_bytes]" time="0.002" /><testcase classname="tests.test_output_budget" name="test_budget_rejects_malformed_limits[nan-max_output_vars]" time="0.002" /><testcase classname="tests.test_output_budget" name="test_budget_rejects_malformed_limits[inf-max_output_bytes]" time="0.003" /><testcase classname="tests.test_output_budget" name="test_budget_rejects_malformed_limits[inf-max_temporary_bytes]" time="0.002" /><testcase classname="tests.test_output_budget" name="test_budget_rejects_malformed_limits[inf-max_output_vars]" time="0.002" /><testcase classname="tests.test_output_budget" name="test_budget_exact_limit_neighbors[max_output_bytes-dense_bool]" time="0.002" /><testcase classname="tests.test_output_budget" name="test_budget_exact_limit_neighbors[max_output_bytes-truth_table_uint8]" time="0.002" /><testcase classname="tests.test_output_budget" name="test_budget_exact_limit_neighbors[max_output_bytes-packed_bitset]" time="0.002" /><testcase classname="tests.test_output_budget" name="test_budget_exact_limit_neighbors[max_temporary_bytes-dense_bool]" time="0.002" /><testcase classname="tests.test_output_budget" name="test_budget_exact_limit_neighbors[max_temporary_bytes-truth_table_uint8]" time="0.002" /><testcase classname="tests.test_output_budget" name="test_budget_exact_limit_neighbors[max_temporary_bytes-packed_bitset]" time="0.002" /><testcase classname="tests.test_output_budget" name="test_estimator_rejects_malformed_counts[-1]" time="0.002" /><testcase classname="tests.test_output_budget" name="test_estimator_rejects_malformed_counts[-0.5]" time="0.002" /><testcase classname="tests.test_output_budget" name="test_estimator_rejects_malformed_counts[1.5]" time="0.002" /><testcase classname="tests.test_output_budget" name="test_estimator_rejects_malformed_counts[True]" time="0.002" /><testcase classname="tests.test_output_budget" name="test_estimator_rejects_malformed_counts[6]" time="0.002" /><testcase classname="tests.test_output_budget" name="test_estimator_rejects_unbounded_arithmetic" time="0.002" /><testcase classname="tests.test_output_budget" name="test_refusal_clears_prior_output_diagnostics[False]" time="0.003" /><testcase classname="tests.test_output_budget" name="test_refusal_clears_prior_output_diagnostics[True]" time="0.002" /><testcase classname="tests.test_output_budget" name="test_packed_refusal_precedes_binding_and_cache_fill[False]" time="0.003" /><testcase classname="tests.test_output_budget" name="test_packed_refusal_precedes_binding_and_cache_fill[True]" time="0.003" /><testcase classname="tests.test_output_budget" name="test_pair_refusal_precedes_internal_fallback" time="0.002" /><testcase classname="tests.test_output_budget" name="test_parallel_refusal_precedes_pool_creation" time="0.002" /><testcase classname="tests.test_output_budget" name="test_remote_limits_preserve_null_and_reject_fraction[max_output_bytes]" time="0.002" /><testcase classname="tests.test_output_budget" name="test_remote_limits_preserve_null_and_reject_fraction[max_temporary_bytes]" time="0.002" /><testcase classname="tests.test_output_budget" name="test_remote_limits_preserve_null_and_reject_fraction[max_full_output_vars]" time="0.002" /><testcase classname="tests.test_output_budget" name="test_legacy_remote_missing_limits_and_refusal_has_no_payload" time="0.002" /><testcase classname="tests.test_output_budget" name="test_small_exact_context_output_order_and_serialization[fixed0]" time="0.003" /><testcase classname="tests.test_output_budget" name="test_small_exact_context_output_order_and_serialization[fixed1]" time="0.002" /><testcase classname="tests.test_output_budget" name="test_small_exact_context_output_order_and_serialization[fixed2]" time="0.002" /><testcase classname="tests.test_output_budget" name="test_numpy_integer_budgets_and_override_validation" time="0.002" /><testcase classname="tests.test_output_budget" name="test_memory_candidate_is_monotone_and_bounded" time="0.049" /><testcase classname="tests.test_output_budget" name="test_memory_study_local_gate_and_partial_failure_rows" time="0.002" /><testcase classname="tests.test_output_budget" name="test_memory_study_profiles_do_not_impute_unmeasured_memory" time="0.002" /></testsuite></testsuites>