<?xml version="1.0" encoding="utf-8"?><testsuites name="pytest tests"><testsuite name="pytest" errors="0" failures="0" skipped="0" tests="64" time="42.226" timestamp="2026-08-27T00:27:49.670124+07:00" hostname="DESKTOP-QD8TM7N"><testcase classname="tests.test_cm_workload_opportunity.WorkloadOpportunityTests" name="test_backend_results_do_not_double_count_selector_calls" time="0.191" /><testcase classname="tests.test_cm_workload_opportunity.WorkloadOpportunityTests" name="test_cli_records_hash_and_refuses_overwrite" time="0.015" /><testcase classname="tests.test_cm_workload_opportunity.WorkloadOpportunityTests" name="test_complete_real_cache_trace_can_clear_logical_replay_gate" time="0.010" /><testcase classname="tests.test_cm_workload_opportunity.WorkloadOpportunityTests" name="test_sampled_capture_blocks_exact_cache_replay" time="0.009" /><testcase classname="tests.test_cm_workload_opportunity.WorkloadOpportunityTests" name="test_synthetic_volume_never_promotes_followup" time="0.007" /><testcase classname="tests.test_cm_workload_tracing.WorkloadTraceTests" name="test_base_and_rotation_paths_refuse_overwrite" time="0.008" /><testcase classname="tests.test_cm_workload_tracing.WorkloadTraceTests" name="test_byte_bound_records_drop_and_never_exceeds_limit" time="0.006" /><testcase classname="tests.test_cm_workload_tracing.WorkloadTraceTests" name="test_corrupt_and_duplicate_events_are_refused" time="0.012" /><testcase classname="tests.test_cm_workload_tracing.WorkloadTraceTests" name="test_family_and_context_helpers_emit_only_anonymous_metrics" time="0.508" /><testcase classname="tests.test_cm_workload_tracing.WorkloadTraceTests" name="test_invalid_schema_and_value_are_rejected" time="0.005" /><testcase classname="tests.test_cm_workload_tracing.WorkloadTraceTests" name="test_multi_session_replay_is_deterministic" time="0.018" /><testcase classname="tests.test_cm_workload_tracing.WorkloadTraceTests" name="test_null_sink_is_disabled_and_creates_nothing" time="0.001" /><testcase classname="tests.test_cm_workload_tracing.WorkloadTraceTests" name="test_sampling_is_deterministic_per_workload_stream" time="0.007" /><testcase classname="tests.test_cm_workload_tracing.WorkloadTraceTests" name="test_schema_round_trip_and_privacy_allowlist" time="0.006" /><testcase classname="tests.test_cm_workload_tracing.WorkloadTraceTests" name="test_single_expression_benchmark_trace_preserves_results" time="0.759" /><testcase classname="tests.test_cm_workload_tracing.WorkloadTraceTests" name="test_validator_and_replay_refuse_overwrite_and_hash_input" time="0.019" /><testcase classname="tests.test_cm_workload_tracing.WorkloadTraceTests" name="test_writer_failure_is_contained" time="0.005" /><testcase classname="tests.test_config_context_usage" name="test_run_equivalence_bench_accepts_explicit_config_without_global_args" time="0.026" /><testcase classname="tests.test_workload_provenance_columns" name="test_equivalence_raw_has_phase3_provenance" time="0.081" /><testcase classname="tests.test_workload_provenance_columns" name="test_partial_and_family_raw_have_phase3_provenance" time="0.044" /><testcase classname="tests.test_partial_context_bench.PartialContextBenchTests" name="test_cli_writes_partial_csv_fields" time="2.056" /><testcase classname="tests.test_partial_context_bench.PartialContextBenchTests" name="test_cm_cached_and_no_cache_match_reference" time="0.004" /><testcase classname="tests.test_partial_context_bench.PartialContextBenchTests" name="test_context_generation_count_and_fixed_count" time="0.001" /><testcase classname="tests.test_partial_context_bench.PartialContextBenchTests" name="test_large_n_does_not_force_full_reference_tables" time="0.002" /><testcase classname="tests.test_partial_context_bench.PartialContextBenchTests" name="test_remaining_vars_reference_and_bitset_fixed_match" time="0.001" /><testcase classname="tests.test_partial_context_bench.PartialContextBenchTests" name="test_robdd_restriction_matches_reference_when_available" time="0.001" /><testcase classname="tests.test_expression_family_bench.ExpressionFamilyBenchTests" name="test_cli_writes_family_csv_fields" time="1.842" /><testcase classname="tests.test_expression_family_bench.ExpressionFamilyBenchTests" name="test_family_generation_produces_requested_number_of_variants" time="0.002" /><testcase classname="tests.test_expression_family_bench.ExpressionFamilyBenchTests" name="test_family_workload_correctness_and_cache_fields" time="0.021" /><testcase classname="tests.test_expression_family_bench.ExpressionFamilyBenchTests" name="test_forced_shared_substructure_has_measurable_reuse" time="0.005" /><testcase classname="tests.test_expression_family_bench.ExpressionFamilyBenchTests" name="test_robdd_unavailable_or_disabled_does_not_crash" time="0.006" /><testcase classname="tests.test_context_caches" name="test_context_cache_helpers_are_stable" time="0.001" /><testcase classname="tests.test_cm_persistent_ir_cache.CMPersistentIRCacheTests" name="test_compile_expr_and_evaluate_compiled_hybrid_no_reinflate" time="0.001" /><testcase classname="tests.test_cm_persistent_ir_cache.CMPersistentIRCacheTests" name="test_persistent_cache_hits_on_equivalent_expr_objects" time="0.001" /><testcase classname="tests.test_cm_persistent_ir_cache.CMPersistentIRCacheTests" name="test_persistent_cache_stats_and_clear" time="0.001" /><testcase classname="tests.test_cm_persistent_ir_cache.CMPersistentIRCacheTests" name="test_related_expressions_hit_shared_subtrees" time="0.001" /><testcase classname="tests.test_cm_persistent_ir_cache.CMPersistentIRCacheTests" name="test_structural_hash_is_deterministic_and_commutative" time="0.001" /><testcase classname="tests.test_bench_integration.BenchIntegrationTests" name="test_bench_equivalence_outputs_expected_csv_fields" time="1.979" /><testcase classname="tests.test_bench_integration.BenchIntegrationTests" name="test_bitset_and_cm_equivalence_match_expected" time="0.001" /><testcase classname="tests.test_bench_integration.BenchIntegrationTests" name="test_cached_exec_profile_adds_overhead_columns" time="2.723" /><testcase classname="tests.test_bench_integration.BenchIntegrationTests" name="test_cm_parallel_experiment_outputs_columns_and_ratios" time="4.405" /><testcase classname="tests.test_bench_integration.BenchIntegrationTests" name="test_compile_once_adds_exec_only_columns" time="4.863" /><testcase classname="tests.test_bench_integration.BenchIntegrationTests" name="test_equivalence_pair_generation_expected_styles" time="0.002" /><testcase classname="tests.test_bench_integration.BenchIntegrationTests" name="test_eval_repeat_adds_cached_exec_columns" time="5.010" /><testcase classname="tests.test_bench_integration.BenchIntegrationTests" name="test_expr_style_and_sampled_correctness_columns" time="2.879" /><testcase classname="tests.test_bench_integration.BenchIntegrationTests" name="test_expression_diagnostics_and_nontrivial_filter_columns" time="2.819" /><testcase classname="tests.test_bench_integration.BenchIntegrationTests" name="test_ir_breakdown_flag_adds_ir_columns" time="6.042" /><testcase classname="tests.test_bench_integration.BenchIntegrationTests" name="test_large_n_safe_no_reinflate_records_reduced_output_guard" time="2.296" /><testcase classname="tests.test_bench_integration.BenchIntegrationTests" name="test_missing_cudd_is_reported_not_crashed" time="0.001" /><testcase classname="tests.test_bench_integration.BenchIntegrationTests" name="test_robdd_build_timing_persists_if_extract_fails" time="0.001" /><testcase classname="tests.test_bench_integration.BenchIntegrationTests" name="test_robdd_diagnostic_columns_when_disabled" time="2.122" /><testcase classname="tests.test_bench_integration.BenchIntegrationTests" name="test_robdd_equivalence_missing_cudd_auto_does_not_crash" time="0.002" /><testcase classname="tests.test_bench_integration.BenchIntegrationTests" name="test_robdd_equivalence_semantics" time="0.002" /><testcase classname="tests.test_bench_integration.BenchIntegrationTests" name="test_robdd_tt_extract_matches_reference_for_small_n" time="0.002" /><testcase classname="tests.test_bench_integration.BenchIntegrationTests" name="test_robdd_tt_extract_skips_large_n" time="0.001" /><testcase classname="tests.test_cm_benchmark_audit_integrity" name="test_epfl_context_matches_frozen_truth_digest" time="0.002" /><testcase classname="tests.test_cm_benchmark_audit_integrity" name="test_epfl_dead_syntactic_input_still_verifies_frozen_width" time="0.059" /><testcase classname="tests.test_cm_benchmark_audit_integrity" name="test_truth_digest_mismatch_is_fail_closed" time="0.001" /><testcase classname="tests.test_cm_benchmark_audit_integrity" name="test_symmetric_primary_includes_strong_cse_flat_arm" time="0.024" /><testcase classname="tests.test_cm_benchmark_audit_integrity" name="test_source_snapshot_is_exact_and_refuses_overwrite" time="0.014" /><testcase classname="tests.test_cm_benchmark_audit_integrity" name="test_source_snapshot_missing_input_leaves_no_partial_destination" time="0.006" /><testcase classname="tests.test_cm_benchmark_audit_integrity" name="test_paired_formula_cluster_bootstrap_is_deterministic_and_formula_weighted" time="0.007" /><testcase classname="tests.test_cm_benchmark_audit_integrity" name="test_paired_formula_cluster_bootstrap_rejects_invalid_ratios" time="0.001" /><testcase classname="tests.test_cm_benchmark_audit_integrity" name="test_balanced_schedule_places_every_arm_equally_in_every_position" time="0.001" /></testsuite></testsuites>