<?xml version="1.0" encoding="utf-8"?><testsuites name="pytest tests"><testsuite name="pytest" errors="0" failures="0" skipped="0" tests="3" time="0.746" timestamp="2026-09-15T02:43:54.900525+07:00" hostname="DESKTOP-QD8TM7N"><testcase classname="tests.test_cm_comparative_gf2_decomposition" name="test_all_f1_gf2_arms_deliver_same_exact_artifact" time="0.096" /><testcase classname="tests.test_cm_comparative_gf2_decomposition" name="test_decomposition_contract_cannot_masquerade_as_count_or_relation" time="0.001" /><testcase classname="tests.test_cm_comparative_gf2_decomposition" name="test_result_digest_tamper_is_refused" time="0.005" /></testsuite></testsuites>