<?xml version="1.0" encoding="utf-8"?><testsuites name="pytest tests"><testsuite name="pytest" errors="0" failures="0" skipped="2" tests="234" time="13.099" timestamp="2026-09-15T01:03:26.572084+07:00" hostname="DESKTOP-QD8TM7N"><testcase classname="tests.test_cm_biology_sessions" name="test_random_closed_networks_all_clamps_and_conditions[0]" time="0.018" /><testcase classname="tests.test_cm_biology_sessions" name="test_random_closed_networks_all_clamps_and_conditions[1]" time="0.026" /><testcase classname="tests.test_cm_biology_sessions" name="test_random_closed_networks_all_clamps_and_conditions[2]" time="0.017" /><testcase classname="tests.test_cm_biology_sessions" name="test_random_closed_networks_all_clamps_and_conditions[3]" time="0.016" /><testcase classname="tests.test_cm_biology_sessions" name="test_random_closed_networks_all_clamps_and_conditions[4]" time="0.013" /><testcase classname="tests.test_cm_biology_sessions" name="test_random_closed_networks_all_clamps_and_conditions[5]" time="0.015" /><testcase classname="tests.test_cm_biology_sessions" name="test_random_closed_networks_all_clamps_and_conditions[6]" time="0.019" /><testcase classname="tests.test_cm_biology_sessions" name="test_random_closed_networks_all_clamps_and_conditions[7]" time="0.013" /><testcase classname="tests.test_cm_biology_sessions" name="test_random_closed_networks_all_clamps_and_conditions[8]" time="0.022" /><testcase classname="tests.test_cm_biology_sessions" name="test_random_closed_networks_all_clamps_and_conditions[9]" time="0.017" /><testcase classname="tests.test_cm_biology_sessions" name="test_random_closed_networks_all_clamps_and_conditions[10]" time="0.019" /><testcase classname="tests.test_cm_biology_sessions" name="test_random_closed_networks_all_clamps_and_conditions[11]" time="0.013" /><testcase classname="tests.test_cm_biology_sessions" name="test_raw_path_never_constructs_cm" time="0.001" /><testcase classname="tests.test_cm_biology_sessions" name="test_guards_clamp_all_and_canonical_structure_change" time="0.001" /><testcase classname="tests.test_cm_biology_sessions" name="test_session_timing_outputs_and_schedule_hash[retained]" time="0.009" /><testcase classname="tests.test_cm_biology_sessions" name="test_session_timing_outputs_and_schedule_hash[rebuild]" time="0.046" /><testcase classname="tests.test_cm_biology_sessions" name="test_frozen_small_models_all_64_queries_against_native_control" time="1.609" /><testcase classname="tests.test_cm_biology_sessions" name="test_control_rows_name_their_actual_preprocessing[bnet_scalar_oracle-bounded_bnet_parse]" time="0.006" /><testcase classname="tests.test_cm_biology_sessions" name="test_control_rows_name_their_actual_preprocessing[cadical195_enumeration-parsimonious_definitional_cnf_and_cadical_defaults]" time="0.007" /><testcase classname="tests.test_cm_biology_supervisor" name="test_success_job_accounting_affinity_and_cwd" time="0.206" /><testcase classname="tests.test_cm_biology_supervisor" name="test_limits_installed_and_job_assigned_before_thread_resumes" time="0.193" /><testcase classname="tests.test_cm_biology_supervisor" name="test_nonzero_exit_and_missing_executable" time="0.131" /><testcase classname="tests.test_cm_biology_supervisor" name="test_timeout_cleans_live_descendants_after_parent_exits" time="0.811" /><testcase classname="tests.test_cm_biology_supervisor" name="test_cpu_and_peak_include_descendant_work" time="0.484" /><testcase classname="tests.test_cm_biology_supervisor" name="test_combined_output_cap_and_invalid_utf8_are_bounded" time="0.097" /><testcase classname="tests.test_cm_biology_supervisor" name="test_job_memory_limit_notification_and_cleanup" time="0.122" /><testcase classname="tests.test_cm_biology_supervisor" name="test_memory_is_denied_by_os_even_without_notification_observer" time="0.128" /><testcase classname="tests.test_cm_biology_supervisor" name="test_memory_cap_is_shared_by_descendants" time="0.312" /><testcase classname="tests.test_cm_biology_supervisor" name="test_assignment_failure_never_executes_suspended_worker" time="0.010" /><testcase classname="tests.test_cm_biology_supervisor" name="test_invalid_affinity_does_not_start_worker" time="0.001" /><testcase classname="tests.test_cm_biology_supervisor" name="test_unsupported_platform_does_not_launch" time="0.001" /><testcase classname="tests.test_cm_biology_supervisor" name="test_invalid_configuration_rejected_before_launch[kwargs0]" time="0.001" /><testcase classname="tests.test_cm_biology_supervisor" name="test_invalid_configuration_rejected_before_launch[kwargs1]" time="0.001" /><testcase classname="tests.test_cm_biology_supervisor" name="test_invalid_configuration_rejected_before_launch[kwargs2]" time="0.001" /><testcase classname="tests.test_cm_biology_supervisor" name="test_invalid_configuration_rejected_before_launch[kwargs3]" time="0.001" /><testcase classname="tests.test_cm_biology_session_analysis" name="test_equal_family_weighting_and_repeats_are_not_independent_models" time="0.003" /><testcase classname="tests.test_cm_biology_session_analysis" name="test_order_independence_and_no_mutation" time="0.002" /><testcase classname="tests.test_cm_biology_session_analysis" name="test_failure_and_mismatch_reporting_is_order_independent" time="0.001" /><testcase classname="tests.test_cm_biology_session_analysis" name="test_single_repeat_single_cluster_has_no_interval_or_gate_even_if_labeled_held_out" time="0.001" /><testcase classname="tests.test_cm_biology_session_analysis" name="test_failed_cells_are_retained_and_never_imputed_as_completed_runtime[timeout]" time="0.001" /><testcase classname="tests.test_cm_biology_session_analysis" name="test_failed_cells_are_retained_and_never_imputed_as_completed_runtime[unsupported]" time="0.001" /><testcase classname="tests.test_cm_biology_session_analysis" name="test_failed_cells_are_retained_and_never_imputed_as_completed_runtime[resource_limit]" time="0.001" /><testcase classname="tests.test_cm_biology_session_analysis" name="test_failed_cells_are_retained_and_never_imputed_as_completed_runtime[backend_error]" time="0.001" /><testcase classname="tests.test_cm_biology_session_analysis" name="test_different_valid_witnesses_do_not_create_a_count_mismatch" time="0.001" /><testcase classname="tests.test_cm_biology_session_analysis" name="test_count_mismatch_against_independent_control_excludes_timing_pair" time="0.001" /><testcase classname="tests.test_cm_biology_session_analysis" name="test_sat_disagreement_is_exposed" time="0.001" /><testcase classname="tests.test_cm_biology_session_analysis" name="test_duplicate_and_inconsistent_instance_identity_rejected" time="0.001" /><testcase classname="tests.test_cm_biology_session_analysis" name="test_missing_arm_and_mismatched_schedule_are_not_paired" time="0.001" /><testcase classname="tests.test_cm_biology_session_analysis" name="test_plan_identity_confounds_and_modes_are_distinct" time="0.001" /><testcase classname="tests.test_cm_biology_session_analysis" name="test_missing_plan_identity_unresolved_and_malformed_hash_rejected" time="0.001" /><testcase classname="tests.test_cm_biology_session_analysis" name="test_large_decimal_counts_remain_exact_and_session_sizes_do_not_pool" time="0.002" /><testcase classname="tests.test_cm_biology_session_analysis" name="test_zero_elapsed_success_is_not_an_infinite_or_zero_speedup" time="0.001" /><testcase classname="tests.test_cm_biology_session_analysis" name="test_empty_input_returns_explicit_empty_summary" time="0.001" /><testcase classname="tests.test_cm_biology_session_runner" name="test_three_real_workers_admit_rows_and_agree_end_to_end" time="1.933" /><testcase classname="tests.test_cm_biology_session_runner" name="test_plan_refuses_changed_source_manifest_before_launch" time="0.275" /><testcase classname="tests.test_cm_biology_session_evidence" name="test_terminal_pilot_and_executed_source_snapshot" time="0.096" /><testcase classname="tests.test_cm_biology_session_evidence" name="test_reporting_correction_never_changes_measurements_or_outputs" time="0.319" /><testcase classname="tests.test_cm_biology_session_evidence" name="test_no_go_and_future_plan_do_not_turn_pilot_into_heldout_acceptance" time="0.017" /><testcase classname="tests.test_cm_biology_attribution_controls" name="test_parsimonious_encoding_counts_and_original_witness[a, a\nb, b]" time="0.010" /><testcase classname="tests.test_cm_biology_attribution_controls" name="test_parsimonious_encoding_counts_and_original_witness[a, !a]" time="0.009" /><testcase classname="tests.test_cm_biology_attribution_controls" name="test_parsimonious_encoding_counts_and_original_witness[a, 1\nb, 0]" time="0.010" /><testcase classname="tests.test_cm_biology_attribution_controls" name="test_parsimonious_encoding_counts_and_original_witness[a, b\nb, a]" time="0.010" /><testcase classname="tests.test_cm_biology_attribution_controls" name="test_parsimonious_encoding_counts_and_original_witness[a, b | !a\nb, a &amp; b]" time="0.011" /><testcase classname="tests.test_cm_biology_attribution_controls" name="test_parsimonious_encoding_counts_and_original_witness[a, (a | b) &amp; (!a | !b)\nb, !a]" time="0.012" /><testcase classname="tests.test_cm_biology_attribution_controls" name="test_parsimonious_encoding_counts_and_original_witness[a, !!!a | (a &amp; a)]" time="0.010" /><testcase classname="tests.test_cm_biology_attribution_controls" name="test_clamp_replaces_equation_while_condition_retains_it" time="0.003" /><testcase classname="tests.test_cm_biology_attribution_controls" name="test_projection_support_distinction_and_empty_projection" time="0.002" /><testcase classname="tests.test_cm_biology_attribution_controls" name="test_native_exact_ignores_untrusted_support_and_rejects_universe_overflow[d4]" time="0.009" /><testcase classname="tests.test_cm_biology_attribution_controls" name="test_native_exact_ignores_untrusted_support_and_rejects_universe_overflow[ganak]" time="0.009" /><testcase classname="tests.test_cm_biology_attribution_controls" name="test_sat_duplicate_conflicts_timeout_and_link_rejection" time="0.012" /><testcase classname="tests.test_cm_biology_attribution_controls" name="test_future_schema_requires_attribution_and_exact_semantics" time="0.001" /><testcase classname="tests.test_cm_biology_attribution_controls" name="test_sat_protocol_requires_final_terminator_and_no_unsat_witness[SATISFIABLE-10-v 1 0 -2]" time="0.009" /><testcase classname="tests.test_cm_biology_attribution_controls" name="test_sat_protocol_requires_final_terminator_and_no_unsat_witness[SATISFIABLE-10-v 1 -2]" time="0.009" /><testcase classname="tests.test_cm_biology_attribution_controls" name="test_sat_protocol_requires_final_terminator_and_no_unsat_witness[UNSATISFIABLE-20-v 1 -2 0]" time="0.009" /><testcase classname="tests.test_cm_biology_attribution_controls" name="test_projected_ganak_normalizes_support_and_bounds_empty_universe" time="0.052" /><testcase classname="tests.test_cm_benchmark_attribution_audit" name="test_measurement_repetition_cannot_manufacture_independent_families" time="0.091" /><testcase classname="tests.test_cm_benchmark_attribution_audit" name="test_censored_instance_is_retained_without_invented_time_ratio" time="0.001" /><testcase classname="tests.test_cm_benchmark_attribution_audit" name="test_corpus_closure_family_partition_and_hash_bound_local_controls" time="0.049" /><testcase classname="tests.test_cm_benchmark_attribution_audit" name="test_claim_register_has_complete_contracts_and_no_isolated_claim" time="0.022" /><testcase classname="tests.test_cm_benchmark_attribution_audit" name="test_frozen_query_schedules_are_distinct_valid_prefixes" time="0.032" /><testcase classname="tests.test_cm_benchmark_attribution_audit" name="test_pinned_native_projection_probe_preserves_support_warning" time="0.001" /><testcase classname="tests.test_cm_campaign_new_adapters" name="test_bnet_parser_preserves_precedence_constants_and_regulators" time="0.001" /><testcase classname="tests.test_cm_campaign_new_adapters" name="test_bnet_scalar_fixed_points" time="0.001" /><testcase classname="tests.test_cm_campaign_new_adapters" name="test_bnet_parser_fails_closed[x, a]" time="0.001" /><testcase classname="tests.test_cm_campaign_new_adapters" name="test_bnet_parser_fails_closed[targets,factors\nx, a + b\n]" time="0.001" /><testcase classname="tests.test_cm_campaign_new_adapters" name="test_bnet_parser_fails_closed[targets,factors\nx, (a\n]" time="0.001" /><testcase classname="tests.test_cm_campaign_new_adapters" name="test_exact_independent_support_is_not_projection" time="0.002" /><testcase classname="tests.test_cm_campaign_new_adapters" name="test_projected_hidden_multiplicity_empty_projection_and_contradiction" time="0.003" /><testcase classname="tests.test_cm_native_sat_adapter" name="test_xor_dimacs_parser_and_cryptominisat_witness" time="0.007" /><testcase classname="tests.test_cm_native_sat_adapter" name="test_cryptominisat_adapter_rejects_bad_witness_and_header" time="0.075" /><testcase classname="tests.test_cm_native_count_adapter" name="test_ganak_adapter_pins_deterministic_exact_flags_and_projection" time="0.006" /><testcase classname="tests.test_cm_native_count_adapter" name="test_ganak_adapter_rejects_missing_projection_and_inconsistent_output" time="0.005" /><testcase classname="tests.test_cm_native_count_adapter" name="test_d4_adapter_accepts_one_exact_integer_and_rejects_projection" time="0.007" /><testcase classname="tests.test_cm_native_count_adapter" name="test_d4_adapter_rejects_cache_pages_that_can_repeat_the_four_gib_failure" time="0.005" /><testcase classname="tests.test_cm_benchmark_core_screen" name="test_frozen_plan_is_deterministic_balanced_and_pre_outcome" time="0.028" /><testcase classname="tests.test_cm_benchmark_core_screen" name="test_plan_digest_and_cell_identity_fail_closed" time="0.011" /><testcase classname="tests.test_cm_benchmark_core_screen" name="test_sparse_affine_independent_baseline_matches_packed_plan" time="0.001" /><testcase classname="tests.test_cm_benchmark_core_screen" name="test_summary_keeps_unpaired_projection_out_of_speedup_claims" time="0.001" /><testcase classname="tests.test_cm_benchmark_core_screen" name="test_execute_exercises_biology_scalar_and_both_affine_arms" time="0.017" /><testcase classname="tests.test_cm_benchmark_core_screen_v2" name="test_successor_plan_contains_only_unresolved_admissible_lanes" time="0.000"><skipped type="pytest.skip" message="frozen campaign evidence is excluded from the source-only integration">C:\Users\brian\Documents\CM_Computation\tmp\cm-consolidation-20260914\tests\test_cm_benchmark_core_screen_v2.py:22: frozen campaign evidence is excluded from the source-only integration</skipped></testcase><testcase classname="tests.test_cm_benchmark_core_screen_v2" name="test_successor_upload_bundle_matches_frozen_manifest" time="0.000"><skipped type="pytest.skip" message="frozen source bundle is preserved outside the source-only integration">C:\Users\brian\Documents\CM_Computation\tmp\cm-consolidation-20260914\tests\test_cm_benchmark_core_screen_v2.py:91: frozen source bundle is preserved outside the source-only integration</skipped></testcase><testcase classname="tests.test_cm_benchmark_core_screen_v2" name="test_successor_worker_records_adapter_deadline_as_timeout" time="0.190" /><testcase classname="tests.test_scalar_research" name="test_random_shared_dags_all_operators[0]" time="0.011" /><testcase classname="tests.test_scalar_research" name="test_random_shared_dags_all_operators[1]" time="0.010" /><testcase classname="tests.test_scalar_research" name="test_random_shared_dags_all_operators[2]" time="0.007" /><testcase classname="tests.test_scalar_research" name="test_random_shared_dags_all_operators[3]" time="0.011" /><testcase classname="tests.test_scalar_research" name="test_random_shared_dags_all_operators[4]" time="0.006" /><testcase classname="tests.test_scalar_research" name="test_random_shared_dags_all_operators[5]" time="0.010" /><testcase classname="tests.test_scalar_research" name="test_random_shared_dags_all_operators[6]" time="0.007" /><testcase classname="tests.test_scalar_research" name="test_random_shared_dags_all_operators[7]" time="0.007" /><testcase classname="tests.test_scalar_research" name="test_random_shared_dags_all_operators[8]" time="0.011" /><testcase classname="tests.test_scalar_research" name="test_random_shared_dags_all_operators[9]" time="0.005" /><testcase classname="tests.test_scalar_research" name="test_random_shared_dags_all_operators[10]" time="0.010" /><testcase classname="tests.test_scalar_research" name="test_random_shared_dags_all_operators[11]" time="0.010" /><testcase classname="tests.test_scalar_research" name="test_random_shared_dags_all_operators[12]" time="0.008" /><testcase classname="tests.test_scalar_research" name="test_random_shared_dags_all_operators[13]" time="0.008" /><testcase classname="tests.test_scalar_research" name="test_random_shared_dags_all_operators[14]" time="0.005" /><testcase classname="tests.test_scalar_research" name="test_random_shared_dags_all_operators[15]" time="0.008" /><testcase classname="tests.test_scalar_research" name="test_random_shared_dags_all_operators[16]" time="0.007" /><testcase classname="tests.test_scalar_research" name="test_random_shared_dags_all_operators[17]" time="0.005" /><testcase classname="tests.test_scalar_research" name="test_random_shared_dags_all_operators[18]" time="0.010" /><testcase classname="tests.test_scalar_research" name="test_random_shared_dags_all_operators[19]" time="0.009" /><testcase classname="tests.test_scalar_research" name="test_random_shared_dags_all_operators[20]" time="0.009" /><testcase classname="tests.test_scalar_research" name="test_random_shared_dags_all_operators[21]" time="0.008" /><testcase classname="tests.test_scalar_research" name="test_random_shared_dags_all_operators[22]" time="0.011" /><testcase classname="tests.test_scalar_research" name="test_random_shared_dags_all_operators[23]" time="0.008" /><testcase classname="tests.test_scalar_research" name="test_large_disjoint_counts_and_overlap[And]" time="0.001" /><testcase classname="tests.test_scalar_research" name="test_large_disjoint_counts_and_overlap[Or]" time="0.001" /><testcase classname="tests.test_scalar_research" name="test_large_disjoint_counts_and_overlap[Xor]" time="0.001" /><testcase classname="tests.test_scalar_research" name="test_large_disjoint_counts_and_overlap[Imp]" time="0.001" /><testcase classname="tests.test_scalar_research" name="test_large_disjoint_counts_and_overlap[Eqv]" time="0.001" /><testcase classname="tests.test_scalar_research" name="test_duplicate_xor_group_constants_and_iterative_depth" time="0.013" /><testcase classname="tests.test_scalar_research" name="test_affine_random_rows_against_assignment_enumeration[0]" time="0.002" /><testcase classname="tests.test_scalar_research" name="test_affine_random_rows_against_assignment_enumeration[1]" time="0.002" /><testcase classname="tests.test_scalar_research" name="test_affine_random_rows_against_assignment_enumeration[2]" time="0.002" /><testcase classname="tests.test_scalar_research" name="test_affine_random_rows_against_assignment_enumeration[3]" time="0.002" /><testcase classname="tests.test_scalar_research" name="test_affine_random_rows_against_assignment_enumeration[4]" time="0.002" /><testcase classname="tests.test_scalar_research" name="test_affine_random_rows_against_assignment_enumeration[5]" time="0.002" /><testcase classname="tests.test_scalar_research" name="test_affine_random_rows_against_assignment_enumeration[6]" time="0.002" /><testcase classname="tests.test_scalar_research" name="test_affine_random_rows_against_assignment_enumeration[7]" time="0.002" /><testcase classname="tests.test_scalar_research" name="test_affine_random_rows_against_assignment_enumeration[8]" time="0.002" /><testcase classname="tests.test_scalar_research" name="test_affine_random_rows_against_assignment_enumeration[9]" time="0.002" /><testcase classname="tests.test_scalar_research" name="test_affine_random_rows_against_assignment_enumeration[10]" time="0.002" /><testcase classname="tests.test_scalar_research" name="test_affine_random_rows_against_assignment_enumeration[11]" time="0.002" /><testcase classname="tests.test_scalar_research" name="test_affine_random_rows_against_assignment_enumeration[12]" time="0.002" /><testcase classname="tests.test_scalar_research" name="test_affine_random_rows_against_assignment_enumeration[13]" time="0.002" /><testcase classname="tests.test_scalar_research" name="test_affine_random_rows_against_assignment_enumeration[14]" time="0.002" /><testcase classname="tests.test_scalar_research" name="test_affine_random_rows_against_assignment_enumeration[15]" time="0.002" /><testcase classname="tests.test_scalar_research" name="test_affine_random_rows_against_assignment_enumeration[16]" time="0.002" /><testcase classname="tests.test_scalar_research" name="test_affine_random_rows_against_assignment_enumeration[17]" time="0.002" /><testcase classname="tests.test_scalar_research" name="test_affine_random_rows_against_assignment_enumeration[18]" time="0.002" /><testcase classname="tests.test_scalar_research" name="test_affine_random_rows_against_assignment_enumeration[19]" time="0.002" /><testcase classname="tests.test_scalar_research" name="test_affine_random_rows_against_assignment_enumeration[20]" time="0.002" /><testcase classname="tests.test_scalar_research" name="test_affine_random_rows_against_assignment_enumeration[21]" time="0.002" /><testcase classname="tests.test_scalar_research" name="test_affine_random_rows_against_assignment_enumeration[22]" time="0.002" /><testcase classname="tests.test_scalar_research" name="test_affine_random_rows_against_assignment_enumeration[23]" time="0.002" /><testcase classname="tests.test_scalar_research" name="test_affine_expression_cm_cancellation_nonlinearity_and_constants" time="0.003" /><testcase classname="tests.test_scalar_research" name="test_affine_guards[rows0-rhs0-names0-limits0]" time="0.001" /><testcase classname="tests.test_scalar_research" name="test_affine_guards[rows1-rhs1-names1-limits1]" time="0.001" /><testcase classname="tests.test_scalar_research" name="test_affine_guards[rows2-rhs2-names2-limits2]" time="0.001" /><testcase classname="tests.test_scalar_research" name="test_affine_guards[rows3-rhs3-names3-limits3]" time="0.001" /><testcase classname="tests.test_scalar_research" name="test_affine_guards[rows4-rhs4-names4-limits4]" time="0.001" /><testcase classname="tests.test_scalar_research" name="test_affine_guards[rows5-rhs5-names5-limits5]" time="0.001" /><testcase classname="tests.test_scalar_research" name="test_fixed_guards_and_concurrent_reuse" time="0.005" /><testcase classname="tests.test_scalar_research" name="test_alist_redundant_directions_and_validation" time="0.001" /><testcase classname="tests.test_bucket_counts" name="test_random_cnf_all_partial_assignments[0]" time="0.005" /><testcase classname="tests.test_bucket_counts" name="test_random_cnf_all_partial_assignments[1]" time="0.004" /><testcase classname="tests.test_bucket_counts" name="test_random_cnf_all_partial_assignments[2]" time="0.004" /><testcase classname="tests.test_bucket_counts" name="test_random_cnf_all_partial_assignments[3]" time="0.010" /><testcase classname="tests.test_bucket_counts" name="test_random_cnf_all_partial_assignments[4]" time="0.004" /><testcase classname="tests.test_bucket_counts" name="test_random_cnf_all_partial_assignments[5]" time="0.005" /><testcase classname="tests.test_bucket_counts" name="test_random_cnf_all_partial_assignments[6]" time="0.004" /><testcase classname="tests.test_bucket_counts" name="test_random_cnf_all_partial_assignments[7]" time="0.005" /><testcase classname="tests.test_bucket_counts" name="test_random_cnf_all_partial_assignments[8]" time="0.007" /><testcase classname="tests.test_bucket_counts" name="test_random_cnf_all_partial_assignments[9]" time="0.005" /><testcase classname="tests.test_bucket_counts" name="test_random_cnf_all_partial_assignments[10]" time="0.004" /><testcase classname="tests.test_bucket_counts" name="test_random_cnf_all_partial_assignments[11]" time="0.005" /><testcase classname="tests.test_bucket_counts" name="test_random_cnf_all_partial_assignments[12]" time="0.005" /><testcase classname="tests.test_bucket_counts" name="test_random_cnf_all_partial_assignments[13]" time="0.004" /><testcase classname="tests.test_bucket_counts" name="test_random_cnf_all_partial_assignments[14]" time="0.007" /><testcase classname="tests.test_bucket_counts" name="test_random_cnf_all_partial_assignments[15]" time="0.007" /><testcase classname="tests.test_bucket_counts" name="test_random_cnf_all_partial_assignments[16]" time="0.014" /><testcase classname="tests.test_bucket_counts" name="test_random_cnf_all_partial_assignments[17]" time="0.004" /><testcase classname="tests.test_bucket_counts" name="test_random_cnf_all_partial_assignments[18]" time="0.007" /><testcase classname="tests.test_bucket_counts" name="test_random_cnf_all_partial_assignments[19]" time="0.004" /><testcase classname="tests.test_bucket_counts" name="test_random_cnf_all_partial_assignments[20]" time="0.004" /><testcase classname="tests.test_bucket_counts" name="test_random_cnf_all_partial_assignments[21]" time="0.007" /><testcase classname="tests.test_bucket_counts" name="test_random_cnf_all_partial_assignments[22]" time="0.007" /><testcase classname="tests.test_bucket_counts" name="test_random_cnf_all_partial_assignments[23]" time="0.006" /><testcase classname="tests.test_bucket_counts" name="test_large_counts_unused_axes_units_and_contradictions" time="0.001" /><testcase classname="tests.test_bucket_counts" name="test_expr_cm_ingress_and_constants" time="0.008" /><testcase classname="tests.test_bucket_counts" name="test_cycle_known_count_and_thread_private_queries" time="0.064" /><testcase classname="tests.test_bucket_counts" name="test_admission_refuses_before_tables[limits0]" time="0.001" /><testcase classname="tests.test_bucket_counts" name="test_admission_refuses_before_tables[limits1]" time="0.001" /><testcase classname="tests.test_bucket_counts" name="test_admission_refuses_before_tables[limits2]" time="0.001" /><testcase classname="tests.test_bucket_counts" name="test_admission_refuses_before_tables[limits3]" time="0.001" /><testcase classname="tests.test_bucket_counts" name="test_admission_refuses_before_tables[limits4]" time="0.001" /><testcase classname="tests.test_bucket_counts" name="test_admission_refuses_before_tables[limits5]" time="0.001" /><testcase classname="tests.test_bucket_counts" name="test_bad_inputs_contexts_and_empty_basis" time="0.001" /><testcase classname="tests.test_bucket_counts" name="test_dimacs_strict_records_multiline_comments_and_guards" time="0.001" /><testcase classname="tests.test_bucket_counts" name="test_early_contradiction_does_not_skip_context_validation" time="0.001" /><testcase classname="tests.test_bucket_numpy" name="test_random_cnf_all_partial_assignments[natural]" time="0.134" /><testcase classname="tests.test_bucket_numpy" name="test_random_cnf_all_partial_assignments[min_fill]" time="0.128" /><testcase classname="tests.test_bucket_numpy" name="test_intermediate_values_beyond_machine_integer_precision" time="0.006" /><testcase classname="tests.test_bucket_numpy" name="test_constant_unit_and_unused_contexts[clauses0]" time="0.002" /><testcase classname="tests.test_bucket_numpy" name="test_constant_unit_and_unused_contexts[clauses1]" time="0.002" /><testcase classname="tests.test_bucket_numpy" name="test_constant_unit_and_unused_contexts[clauses2]" time="0.002" /><testcase classname="tests.test_bucket_numpy" name="test_constant_unit_and_unused_contexts[clauses3]" time="0.002" /><testcase classname="tests.test_bucket_numpy" name="test_constant_unit_and_unused_contexts[clauses4]" time="0.002" /><testcase classname="tests.test_bucket_numpy" name="test_expression_and_cm_ingress" time="0.001" /><testcase classname="tests.test_bucket_numpy" name="test_parallel_queries_keep_inputs_readonly_and_context_unchanged" time="0.006" /><testcase classname="tests.test_bucket_numpy" name="test_array_admission_precedes_array_allocation" time="0.002" /><testcase classname="tests.test_bucket_numpy" name="test_invalid_fixed_context_even_on_constant[fixed0]" time="0.001" /><testcase classname="tests.test_bucket_numpy" name="test_invalid_fixed_context_even_on_constant[fixed1]" time="0.001" /><testcase classname="tests.test_bucket_numpy" name="test_invalid_fixed_context_even_on_constant[fixed2]" time="0.001" /><testcase classname="tests.test_bucket_numpy" name="test_invalid_fixed_context_even_on_constant[fixed3]" time="0.001" /><testcase classname="tests.test_bucket_numpy" name="test_invalid_array_budget[-1]" time="0.001" /><testcase classname="tests.test_bucket_numpy" name="test_invalid_array_budget[True]" time="0.001" /><testcase classname="tests.test_bucket_numpy" name="test_invalid_array_budget[1.5]" time="0.001" /><testcase classname="tests.test_packed_queries" name="test_positional_cache_shares_across_names_and_keeps_global_cache_empty" time="0.019" /><testcase classname="tests.test_packed_queries" name="test_budget_eviction_bypass_and_caller_retention" time="0.001" /><testcase classname="tests.test_packed_queries" name="test_cache_uses_recency_and_serializes_same_width_misses" time="0.004" /><testcase classname="tests.test_packed_queries" name="test_guards_precede_mask_build_and_exceptions_are_not_cached" time="0.001" /><testcase classname="tests.test_packed_queries" name="test_bad_cache_limits[kwargs0]" time="0.001" /><testcase classname="tests.test_packed_queries" name="test_bad_cache_limits[kwargs1]" time="0.001" /><testcase classname="tests.test_packed_queries" name="test_bad_cache_limits[kwargs2]" time="0.001" /><testcase classname="tests.test_packed_queries" name="test_disjoint_counts_overlap_merge_unused_axes_and_large_declared_basis" time="0.001" /><testcase classname="tests.test_packed_queries" name="test_cm_constants_empty_basis_and_unused_axes[0]" time="0.001" /><testcase classname="tests.test_packed_queries" name="test_cm_constants_empty_basis_and_unused_axes[1]" time="0.001" /><testcase classname="tests.test_packed_queries" name="test_all_three_variable_functions_and_all_partial_assignments" time="0.623" /><testcase classname="tests.test_packed_queries" name="test_random_dags_reordered_fixed_axes_and_stream_boundaries" time="0.175" /><testcase classname="tests.test_packed_queries" name="test_query_guards_and_eager_stream_refusal" time="0.001" /><testcase classname="tests.test_packed_queries" name="test_stream_close_concurrent_queries_and_no_bound_context_retention" time="0.085" /><testcase classname="tests.test_packed_queries" name="test_stream_copies_fixed_context_at_request_time" time="0.001" /></testsuite></testsuites>