<?xml version="1.0" encoding="utf-8"?><testsuites name="pytest tests"><testsuite name="pytest" errors="0" failures="0" skipped="0" tests="14" time="1.445" timestamp="2026-09-15T02:51:46.598412+07:00" hostname="DESKTOP-QD8TM7N"><testcase classname="tests.test_cm_learning_neural_website.LearningNeuralWebsiteTests" name="test_action_boundaries_are_explicit" time="0.688" /><testcase classname="tests.test_cm_learning_neural_website.LearningNeuralWebsiteTests" name="test_batch_promotion_drift_is_refused" time="0.263" /><testcase classname="tests.test_cm_learning_neural_website.LearningNeuralWebsiteTests" name="test_c6_positive_exact_core_is_separate_from_learned_routing" time="0.002" /><testcase classname="tests.test_cm_learning_neural_website.LearningNeuralWebsiteTests" name="test_complete_milestone_index_resolves_and_binds_artifacts" time="0.063" /><testcase classname="tests.test_cm_learning_neural_website.LearningNeuralWebsiteTests" name="test_completed_q64_artifacts_are_pinned_and_visible" time="0.006" /><testcase classname="tests.test_cm_learning_neural_website.LearningNeuralWebsiteTests" name="test_decision_fails_closed" time="0.001" /><testcase classname="tests.test_cm_learning_neural_website.LearningNeuralWebsiteTests" name="test_generated_page_is_fully_expanded" time="0.003" /><testcase classname="tests.test_cm_learning_neural_website.LearningNeuralWebsiteTests" name="test_generated_payload_matches_pinned_loader" time="0.001" /><testcase classname="tests.test_cm_learning_neural_website.LearningNeuralWebsiteTests" name="test_latest_exact_batch_followup_is_a_separate_no_go" time="0.001" /><testcase classname="tests.test_cm_learning_neural_website.LearningNeuralWebsiteTests" name="test_new_read_only_integrity_gates_are_visible" time="0.001" /><testcase classname="tests.test_cm_learning_neural_website.LearningNeuralWebsiteTests" name="test_page_exposes_required_sections_and_interactions" time="0.001" /><testcase classname="tests.test_cm_learning_neural_website.LearningNeuralWebsiteTests" name="test_source_blind_contract_is_visible" time="0.001" /><testcase classname="tests.test_cm_learning_neural_website.LearningNeuralWebsiteTests" name="test_source_links_resolve_and_no_machine_paths_leak" time="0.015" /><testcase classname="tests.test_cm_learning_neural_website.LearningNeuralWebsiteTests" name="test_source_template_forwards_to_generated_page_without_a_fourth_script" time="0.001" /></testsuite></testsuites>