<?xml version="1.0" encoding="utf-8"?><testsuites name="pytest tests"><testsuite name="pytest" errors="0" failures="0" skipped="0" tests="5" time="0.723" timestamp="2026-09-15T02:53:03.527855+07:00" hostname="DESKTOP-QD8TM7N"><testcase classname="tests.test_cm_workload_opportunity.WorkloadOpportunityTests" name="test_backend_results_do_not_double_count_selector_calls" time="0.009" /><testcase classname="tests.test_cm_workload_opportunity.WorkloadOpportunityTests" name="test_cli_records_hash_and_refuses_overwrite" time="0.014" /><testcase classname="tests.test_cm_workload_opportunity.WorkloadOpportunityTests" name="test_complete_real_cache_trace_can_clear_logical_replay_gate" time="0.009" /><testcase classname="tests.test_cm_workload_opportunity.WorkloadOpportunityTests" name="test_sampled_capture_blocks_exact_cache_replay" time="0.043" /><testcase classname="tests.test_cm_workload_opportunity.WorkloadOpportunityTests" name="test_synthetic_volume_never_promotes_followup" time="0.006" /></testsuite></testsuites>