<?xml version="1.0" encoding="utf-8"?><testsuites name="pytest tests"><testsuite name="pytest" errors="0" failures="0" skipped="0" tests="4" time="0.541" timestamp="2026-09-15T02:47:33.680161+07:00" hostname="DESKTOP-QD8TM7N"><testcase classname="tests.test_cm_comparative_gf2_prepared_policy_experiment" name="test_c30_schedule_is_adjacent_and_counterbalanced" time="0.001" /><testcase classname="tests.test_cm_comparative_gf2_prepared_policy_experiment" name="test_c30_summary_conserves_preparation_and_charges_candidate" time="0.002" /><testcase classname="tests.test_cm_comparative_gf2_prepared_policy_experiment" name="test_c30_summary_rejects_missing_or_misallocated_charge" time="0.001" /><testcase classname="tests.test_cm_comparative_gf2_prepared_policy_experiment" name="test_c30_config_requires_q8_complete_width_cycles" time="0.001" /></testsuite></testsuites>