<?xml version="1.0" encoding="utf-8"?><testsuites name="pytest tests"><testsuite name="pytest" errors="0" failures="0" skipped="0" tests="8" time="0.497" timestamp="2026-09-15T02:55:31.643495+07:00" hostname="DESKTOP-QD8TM7N"><testcase classname="tests.test_program_metrics" name="test_unary_not_counts" time="0.001" /><testcase classname="tests.test_program_metrics" name="test_binary_ops_count_one_combine" time="0.001" /><testcase classname="tests.test_program_metrics" name="test_imp_eqv_expand_to_multiple_primitives" time="0.001" /><testcase classname="tests.test_program_metrics" name="test_nary_instruction_counts_arity_minus_one" time="0.001" /><testcase classname="tests.test_program_metrics" name="test_one_ary_instruction_is_a_copy_in_words_executor" time="0.001" /><testcase classname="tests.test_program_metrics" name="test_xor_chain_cm_vs_raw_executed_ops_agree" time="0.001" /><testcase classname="tests.test_program_metrics" name="test_mixed_expression_metrics_are_deterministic" time="0.001" /><testcase classname="tests.test_program_metrics" name="test_program_metrics_is_observationally_pure" time="0.001" /></testsuite></testsuites>