<?xml version="1.0" encoding="utf-8"?><testsuites name="pytest tests"><testsuite name="pytest" errors="0" failures="0" skipped="0" tests="4" time="1.485" timestamp="2026-09-15T02:50:05.041250+07:00" hostname="DESKTOP-QD8TM7N"><testcase classname="tests.test_cli_helpers" name="test_parse_sizes" time="0.001" /><testcase classname="tests.test_cli_helpers" name="test_parse_depth_sweep" time="0.981" /><testcase classname="tests.test_cli_helpers" name="test_apply_preset_args_compare_robdd_cm" time="0.001" /><testcase classname="tests.test_cli_helpers" name="test_build_config_and_context_minimal_namespace" time="0.002" /></testsuite></testsuites>