<?xml version="1.0" encoding="utf-8"?><testsuites name="pytest tests"><testsuite name="pytest" errors="0" failures="0" skipped="0" tests="2" time="0.472" timestamp="2026-09-15T02:55:20.755625+07:00" hostname="DESKTOP-QD8TM7N"><testcase classname="tests.test_partial_full_vars_reference" name="test_full_vars_reference_keeps_context_fixed_and_broadcasts_its_axis" time="0.001" /><testcase classname="tests.test_partial_full_vars_reference" name="test_full_vars_reference_repeats_conditioned_function_across_fixed_axis" time="0.001" /></testsuite></testsuites>