<?xml version="1.0" encoding="utf-8"?><testsuites name="pytest tests"><testsuite name="pytest" errors="0" failures="0" skipped="0" tests="15" time="1.068" timestamp="2026-09-15T03:00:59.798834+07:00" hostname="DESKTOP-QD8TM7N"><testcase classname="tests.test_cm_comparative_fresh_persistence.FreshPersistenceTests" name="test_bdd_artifact_tamper_and_invalid_graph_are_refused" time="0.381" /><testcase classname="tests.test_cm_comparative_fresh_persistence.FreshPersistenceTests" name="test_bdd_artifacts_are_canonical_across_fresh_builds" time="0.028" /><testcase classname="tests.test_cm_comparative_fresh_persistence.FreshPersistenceTests" name="test_contract_and_refusal_are_machine_checked" time="0.012" /><testcase classname="tests.test_cm_comparative_fresh_persistence.FreshPersistenceTests" name="test_d4_ddnnf_requires_explicit_hash_bound_project_local_compiler" time="0.013" /><testcase classname="tests.test_cm_comparative_fresh_persistence.FreshPersistenceTests" name="test_executable_local_arms_build_reload_and_independently_replay_exact" time="0.046" /><testcase classname="tests.test_cm_comparative_fresh_persistence.FreshPersistenceTests" name="test_inventory_never_substitutes_autoref_for_native_arms" time="0.008" /><testcase classname="tests.test_cm_comparative_fresh_persistence.FreshPersistenceTests" name="test_worker_request_refuses_extra_fields_and_accepts_registered_optional_arms" time="0.003" /></testsuite></testsuites>