<?xml version="1.0" encoding="utf-8"?><testsuites name="pytest tests"><testsuite name="pytest" errors="0" failures="0" skipped="0" tests="4" time="0.531" timestamp="2026-09-15T02:59:15.726228+07:00" hostname="DESKTOP-QD8TM7N"><testcase classname="tests.test_feature_mapping" name="test_xml_cnf_miter_detects_equivalence_and_semantic_drift" time="0.020" /><testcase classname="tests.test_feature_mapping" name="test_auxiliaries_and_duplicate_names_never_receive_guessed_semantics" time="0.001" /><testcase classname="tests.test_feature_mapping" name="test_original_projection_is_mandatory_and_strict" time="0.001" /><testcase classname="tests.test_feature_mapping" name="test_all_feature_and_concrete_feature_equivalence_are_distinct_contracts" time="0.002" /></testsuite></testsuites>