<?xml version="1.0" encoding="utf-8"?><testsuites name="pytest tests"><testsuite name="pytest" errors="0" failures="0" skipped="0" tests="3" time="0.471" timestamp="2026-09-15T02:50:11.508526+07:00" hostname="DESKTOP-QD8TM7N"><testcase classname="tests.test_cm_benchmark_acquire" name="test_git_blob_identity_matches_git_object_contract" time="0.001" /><testcase classname="tests.test_cm_benchmark_acquire" name="test_bounded_gzip_roundtrip_and_limit" time="0.002" /><testcase classname="tests.test_cm_benchmark_acquire" name="test_family_round_robin_selection_is_path_hash_deterministic" time="0.001" /></testsuite></testsuites>