<?xml version="1.0" encoding="utf-8"?><testsuites name="pytest tests"><testsuite name="pytest" errors="0" failures="0" skipped="0" tests="16" time="0.753" timestamp="2026-09-15T02:58:40.321661+07:00" hostname="DESKTOP-QD8TM7N"><testcase classname="tests.test_projected_simplify" name="test_simplification_matches_exhaustive_projection_and_conditioning[0]" time="0.017" /><testcase classname="tests.test_projected_simplify" name="test_simplification_matches_exhaustive_projection_and_conditioning[1]" time="0.017" /><testcase classname="tests.test_projected_simplify" name="test_simplification_matches_exhaustive_projection_and_conditioning[2]" time="0.021" /><testcase classname="tests.test_projected_simplify" name="test_simplification_matches_exhaustive_projection_and_conditioning[3]" time="0.018" /><testcase classname="tests.test_projected_simplify" name="test_simplification_matches_exhaustive_projection_and_conditioning[4]" time="0.016" /><testcase classname="tests.test_projected_simplify" name="test_simplification_matches_exhaustive_projection_and_conditioning[5]" time="0.016" /><testcase classname="tests.test_projected_simplify" name="test_simplification_matches_exhaustive_projection_and_conditioning[6]" time="0.016" /><testcase classname="tests.test_projected_simplify" name="test_simplification_matches_exhaustive_projection_and_conditioning[7]" time="0.017" /><testcase classname="tests.test_projected_simplify" name="test_simplification_matches_exhaustive_projection_and_conditioning[8]" time="0.016" /><testcase classname="tests.test_projected_simplify" name="test_simplification_matches_exhaustive_projection_and_conditioning[9]" time="0.016" /><testcase classname="tests.test_projected_simplify" name="test_simplification_matches_exhaustive_projection_and_conditioning[10]" time="0.019" /><testcase classname="tests.test_projected_simplify" name="test_simplification_matches_exhaustive_projection_and_conditioning[11]" time="0.017" /><testcase classname="tests.test_projected_simplify" name="test_hidden_multiple_witnesses_do_not_multiply_count" time="0.001" /><testcase classname="tests.test_projected_simplify" name="test_resolution_eliminates_only_hidden_axes_and_preserves_free_selected_axes" time="0.001" /><testcase classname="tests.test_projected_simplify" name="test_empty_projection_and_inconsistent_units" time="0.001" /><testcase classname="tests.test_projected_simplify" name="test_invalid_projection_and_assignments_are_rejected" time="0.001" /></testsuite></testsuites>