<?xml version="1.0" encoding="utf-8"?><testsuites name="pytest tests"><testsuite name="pytest" errors="0" failures="0" skipped="0" tests="8" time="3.348" timestamp="2026-09-15T02:48:39.587265+07:00" hostname="DESKTOP-QD8TM7N"><testcase classname="tests.test_gf2_decomposition.ExactGF2DecompositionTests" name="test_complement_cofactor_blocks_and_kronecker" time="0.002" /><testcase classname="tests.test_gf2_decomposition.ExactGF2DecompositionTests" name="test_dense_incompressible_negative_and_strict_artifact_reload" time="0.075" /><testcase classname="tests.test_gf2_decomposition.ExactGF2DecompositionTests" name="test_frozen_structured_and_dense_controls" time="1.202" /><testcase classname="tests.test_gf2_decomposition.ExactGF2DecompositionTests" name="test_partition_screen_is_not_an_accepted_artifact" time="0.002" /><testcase classname="tests.test_gf2_decomposition.ExactGF2DecompositionTests" name="test_rank_factor_exact" time="0.001" /><testcase classname="tests.test_gf2_decomposition.ExactGF2DecompositionTests" name="test_rank_one_tensor_input_output_negation_and_transpose_orientation" time="0.002" /><testcase classname="tests.test_gf2_decomposition.ExactGF2DecompositionTests" name="test_recursive_disjoint_xor_artifact_and_permutation" time="0.002" /><testcase classname="tests.test_gf2_decomposition.ExactGF2DecompositionTests" name="test_screened_tail_matches_exhaustive_best" time="1.565" /></testsuite></testsuites>