<?xml version="1.0" encoding="utf-8"?><testsuites name="pytest tests"><testsuite name="pytest" errors="0" failures="0" skipped="0" tests="94" time="0.617" timestamp="2026-09-15T02:50:37.089858+07:00" hostname="DESKTOP-QD8TM7N"><testcase classname="tests.test_cm_comparative_foundation.ComparativeContractTests" name="test_canonical_json_rejects_nonfinite_and_contract_digest_is_order_stable" time="0.001" /><testcase classname="tests.test_cm_comparative_foundation.ComparativeContractTests" name="test_contract_refuses_task_artifact_axis_restoration_and_validation_confusion" time="0.003" /><testcase classname="tests.test_cm_comparative_foundation.ComparativeContractTests" name="test_full_reduced_scalar_and_stream_contracts_are_explicit" time="0.001" /><testcase classname="tests.test_cm_comparative_foundation.ComparativeContractTests" name="test_result_validation_keeps_failures_and_checks_success_artifact" time="0.002" /><testcase classname="tests.test_cm_comparative_foundation.ComparativeStructuralTests" name="test_expression_stats_distinguish_object_and_structural_sharing" time="0.001" /><testcase classname="tests.test_cm_comparative_foundation.ComparativeStructuralTests" name="test_unfolding_cap_and_cm_signature_are_bounded_and_exact" time="0.001" /><testcase classname="tests.test_cm_comparative_foundation.ComparativeScheduleEvidenceTests" name="test_append_resume_reconcile_partial_and_nonoverwriting_publication" time="0.041" /><testcase classname="tests.test_cm_comparative_foundation.ComparativeScheduleEvidenceTests" name="test_arm_and_case_schedules_preserve_cardinality" time="0.002" /><testcase classname="tests.test_cm_comparative_foundation.ComparativeScheduleEvidenceTests" name="test_plan_is_deterministic_counterbalanced_sharded_and_tamper_evident" time="0.008" /><testcase classname="tests.test_cm_comparative_foundation.ComparativeArmTests" name="test_all_core_arms_deliver_the_same_scalar_oracle_relation" time="0.012" /><testcase classname="tests.test_cm_comparative_foundation.ComparativeArmTests" name="test_all_sixteen_binary_truth_functions_match_scalar_oracle" time="0.037" /><testcase classname="tests.test_cm_comparative_foundation.ComparativeArmTests" name="test_reduced_no_reinflate_has_explicit_reduced_oracle_and_axes" time="0.001" /><testcase classname="tests.test_cm_comparative_foundation.ComparativeArmTests" name="test_smoke_bound_and_arm_artifact_mismatch_refuse_before_execution" time="0.001" /></testsuite></testsuites>