<?xml version="1.0" encoding="utf-8"?><testsuites name="pytest tests"><testsuite name="pytest" errors="0" failures="0" skipped="0" tests="2" time="0.613" timestamp="2026-09-15T02:53:56.934186+07:00" hostname="DESKTOP-QD8TM7N"><testcase classname="tests.test_expr_partial_contexts_module" name="test_partial_context_generation_is_deterministic_with_fixed_rng" time="0.031" /><testcase classname="tests.test_expr_partial_contexts_module" name="test_partial_reference_array_matches_bitset_fixed" time="0.001" /></testsuite></testsuites>