<?xml version="1.0" encoding="utf-8"?><testsuites name="pytest tests"><testsuite name="pytest" errors="0" failures="0" skipped="0" tests="3" time="0.603" timestamp="2026-09-15T02:53:38.406061+07:00" hostname="DESKTOP-QD8TM7N"><testcase classname="tests.test_evaluation_defaults_scope" name="test_evaluation_defaults_scope_alternates_and_restores" time="0.001" /><testcase classname="tests.test_evaluation_defaults_scope" name="test_evaluation_defaults_scope_restores_after_exception" time="0.001" /><testcase classname="tests.test_evaluation_defaults_scope" name="test_preserve_defaults_makes_reentrant_entry_point_isolated" time="0.001" /></testsuite></testsuites>