<?xml version="1.0" encoding="utf-8"?><testsuites name="pytest tests"><testsuite name="pytest" errors="0" failures="0" skipped="0" tests="4" time="2.336" timestamp="2026-09-15T03:02:32.925699+07:00" hostname="DESKTOP-QD8TM7N"><testcase classname="tests.test_natural_revision_cache" name="test_audited_natural_revision_selection_and_identity_boundary" time="0.674" /><testcase classname="tests.test_natural_revision_cache" name="test_exact_revision_cache_checks_bytes_after_forced_digest_collision" time="0.001" /><testcase classname="tests.test_natural_revision_cache" name="test_natural_revision_outputs_and_snapshot_reproduce" time="1.181" /><testcase classname="tests.test_natural_revision_cache" name="test_natural_revision_config_bounds" time="0.001" /></testsuite></testsuites>