<?xml version="1.0" encoding="utf-8"?><testsuites name="pytest tests"><testsuite name="pytest" errors="0" failures="0" skipped="0" tests="11" time="1.772" timestamp="2026-09-15T02:54:09.071392+07:00" hostname="DESKTOP-QD8TM7N"><testcase classname="tests.test_foreign_node_interning" name="test_and_of_structurally_equal_foreign_vars_is_the_var" time="0.001" /><testcase classname="tests.test_foreign_node_interning" name="test_or_of_structurally_equal_foreign_vars_is_the_var" time="0.001" /><testcase classname="tests.test_foreign_node_interning" name="test_xor_of_structurally_equal_foreign_vars_is_const_zero" time="0.001" /><testcase classname="tests.test_foreign_node_interning" name="test_equal_public_keys_intern_to_one_node" time="0.001" /><testcase classname="tests.test_foreign_node_interning" name="test_mixed_internal_and_foreign_args_match_all_internal" time="0.001" /><testcase classname="tests.test_foreign_node_interning" name="test_foreign_complement_pair_collapses_to_const" time="0.001" /><testcase classname="tests.test_foreign_node_interning" name="test_foreign_subtree_dedupes_against_internal_equivalent" time="0.001" /><testcase classname="tests.test_foreign_node_interning" name="test_deep_foreign_chain_adoption_is_iterative" time="0.056" /><testcase classname="tests.test_foreign_node_interning" name="test_adopted_foreign_nodes_are_pinned_against_id_reuse" time="0.648" /><testcase classname="tests.test_foreign_node_interning" name="test_gc_churn_with_fresh_foreign_structures_stays_correct" time="0.607" /><testcase classname="tests.test_foreign_node_interning" name="test_persistent_style_reuse_across_builders_keeps_canonical_keys" time="0.001" /></testsuite></testsuites>