<?xml version="1.0" encoding="utf-8"?><testsuites name="pytest tests"><testsuite name="pytest" errors="0" failures="0" skipped="0" tests="3" time="0.297" timestamp="2026-09-15T02:55:30.275028+07:00" hostname="DESKTOP-QD8TM7N"><testcase classname="tests.test_profitability_policy.ProfitabilityPolicyTests" name="test_calibration_identity_mismatch_abstains" time="0.001" /><testcase classname="tests.test_profitability_policy.ProfitabilityPolicyTests" name="test_fit_save_reload_and_conservative_range_fallback" time="0.004" /><testcase classname="tests.test_profitability_policy.ProfitabilityPolicyTests" name="test_invalid_metadata_is_rejected_before_vector_allocation" time="0.001" /></testsuite></testsuites>