<?xml version="1.0" encoding="utf-8"?><testsuites name="pytest tests"><testsuite name="pytest" errors="0" failures="0" skipped="2" tests="3" time="0.567" timestamp="2026-09-15T02:50:17.543229+07:00" hostname="DESKTOP-QD8TM7N"><testcase classname="tests.test_cm_benchmark_core_screen_v2" name="test_successor_plan_contains_only_unresolved_admissible_lanes" time="0.001"><skipped type="pytest.skip" message="frozen campaign evidence is excluded from the source-only integration">C:\Users\brian\Documents\CM_Computation\tmp\cm-consolidation-20260914\tests\test_cm_benchmark_core_screen_v2.py:22: frozen campaign evidence is excluded from the source-only integration</skipped></testcase><testcase classname="tests.test_cm_benchmark_core_screen_v2" name="test_successor_upload_bundle_matches_frozen_manifest" time="0.000"><skipped type="pytest.skip" message="frozen source bundle is preserved outside the source-only integration">C:\Users\brian\Documents\CM_Computation\tmp\cm-consolidation-20260914\tests\test_cm_benchmark_core_screen_v2.py:91: frozen source bundle is preserved outside the source-only integration</skipped></testcase><testcase classname="tests.test_cm_benchmark_core_screen_v2" name="test_successor_worker_records_adapter_deadline_as_timeout" time="0.206" /></testsuite></testsuites>