<?xml version="1.0" encoding="utf-8"?><testsuites name="pytest tests"><testsuite name="pytest" errors="0" failures="0" skipped="0" tests="8" time="0.889" timestamp="2026-09-15T02:51:25.695136+07:00" hostname="DESKTOP-QD8TM7N"><testcase classname="tests.test_cm_comparative_restricted_evaluators" name="test_restricted_r0_r1_r2_match_frozen_control_for_all_gate_types" time="0.001" /><testcase classname="tests.test_cm_comparative_restricted_evaluators" name="test_sharing_counters_prove_occurrence_to_unique_node_reduction_and_liveness" time="0.001" /><testcase classname="tests.test_cm_comparative_restricted_evaluators" name="test_r2_repeated_child_release_is_safe" time="0.001" /><testcase classname="tests.test_cm_comparative_restricted_evaluators" name="test_r1_memoizes_shared_zero_results" time="0.001" /><testcase classname="tests.test_cm_comparative_restricted_evaluators" name="test_development_session_delivers_exact_canonical_output_and_stage_counters" time="0.306" /><testcase classname="tests.test_cm_comparative_restricted_evaluators" name="test_development_schedule_is_complete_and_counterbalanced" time="0.014" /><testcase classname="tests.test_cm_comparative_restricted_evaluators" name="test_manifest_source_hash_changes_when_bitset_backend_changes" time="0.010" /><testcase classname="tests.test_cm_comparative_restricted_evaluators" name="test_arena_rejects_non_dag_v2_input" time="0.001" /></testsuite></testsuites>