<?xml version="1.0" encoding="utf-8"?><testsuites name="pytest tests"><testsuite name="pytest" errors="0" failures="0" skipped="0" tests="13" time="1.138" timestamp="2026-09-15T02:55:22.507262+07:00" hostname="DESKTOP-QD8TM7N"><testcase classname="tests.test_persistent_path_consistency.PersistentPathConsistencyTests" name="test_build_memo_flag_does_not_change_output_or_fragment_cache" time="0.002" /><testcase classname="tests.test_persistent_path_consistency.PersistentPathConsistencyTests" name="test_cache_eviction_keeps_bound_and_recompiles" time="0.002" /><testcase classname="tests.test_persistent_path_consistency.PersistentPathConsistencyTests" name="test_cold_miss_then_warm_hit" time="0.002" /><testcase classname="tests.test_persistent_path_consistency.PersistentPathConsistencyTests" name="test_commutative_variant_hits_and_matches_normal_compile" time="0.001" /><testcase classname="tests.test_persistent_path_consistency.PersistentPathConsistencyTests" name="test_gc_and_id_reuse_pressure" time="0.619" /><testcase classname="tests.test_persistent_path_consistency.PersistentPathConsistencyTests" name="test_normal_and_persistent_agree_on_shared_dags" time="0.008" /><testcase classname="tests.test_persistent_path_consistency.PersistentPathConsistencyTests" name="test_option_change_never_cross_hits" time="0.002" /><testcase classname="tests.test_persistent_path_consistency.PersistentPathConsistencyTests" name="test_persistent_preserves_shared_associative_subchains" time="0.001" /><testcase classname="tests.test_persistent_path_consistency.PersistentPathConsistencyTests" name="test_separately_allocated_copies_and_representations_agree" time="0.002" /></testsuite></testsuites>