<?xml version="1.0" encoding="utf-8"?><testsuites name="pytest tests"><testsuite name="pytest" errors="0" failures="0" skipped="0" tests="3" time="11.464" timestamp="2026-09-15T03:01:52.298079+07:00" hostname="DESKTOP-QD8TM7N"><testcase classname="tests.test_cm_comparative_persistence_pilot.PersistencePilotTests" name="test_new_output_only_and_existing_output_refuse" time="0.007" /><testcase classname="tests.test_cm_comparative_persistence_pilot.PersistencePilotTests" name="test_plan_is_balanced_real_cohort_and_trace_gap_is_explicit" time="0.581" /><testcase classname="tests.test_cm_comparative_persistence_pilot.PersistencePilotTests" name="test_verifier_detects_mutated_summary_without_rewriting_evidence" time="10.374" /></testsuite></testsuites>