<?xml version="1.0" encoding="utf-8"?><testsuites name="pytest tests"><testsuite name="pytest" errors="0" failures="0" skipped="0" tests="5" time="0.601" timestamp="2026-09-15T02:48:56.859453+07:00" hostname="DESKTOP-QD8TM7N"><testcase classname="tests.test_gf2_task_dispatcher.GF2TaskDispatcherTests" name="test_policy_roundtrip_and_tamper_rejection" time="0.089" /><testcase classname="tests.test_gf2_task_dispatcher.GF2TaskDispatcherTests" name="test_selected_shadow_and_advice_off_preserve_exact_best" time="0.017" /><testcase classname="tests.test_gf2_task_dispatcher.GF2TaskDispatcherTests" name="test_tiny_bypass_screened_selection_and_advice_off" time="0.001" /><testcase classname="tests.test_gf2_task_dispatcher.GF2TaskDispatcherTests" name="test_tiny_execution_and_result_tamper_rejection" time="0.003" /><testcase classname="tests.test_gf2_task_dispatcher.GF2TaskDispatcherTests" name="test_unknown_platform_abstains_and_bad_task_refuses" time="0.001" /></testsuite></testsuites>