<?xml version="1.0" encoding="utf-8"?><testsuites name="pytest tests"><testsuite name="pytest" errors="0" failures="0" skipped="0" tests="4" time="4.079" timestamp="2026-09-15T03:00:31.020347+07:00" hostname="DESKTOP-QD8TM7N"><testcase classname="tests.test_cm_comparative_architecture_refresh_harness" name="test_plan_is_four_lane_and_never_authorizes_timing_or_new_data" time="0.001" /><testcase classname="tests.test_cm_comparative_architecture_refresh_harness" name="test_all_four_lanes_match_their_exact_artifacts" time="3.511" /><testcase classname="tests.test_cm_comparative_architecture_refresh_harness" name="test_result_mutations_fail_closed" time="0.003" /><testcase classname="tests.test_cm_comparative_architecture_refresh_harness" name="test_native_plan_cannot_validate_nonnative_result" time="0.001" /></testsuite></testsuites>