<?xml version="1.0" encoding="utf-8"?><testsuites name="pytest tests"><testsuite name="pytest" errors="0" failures="0" skipped="0" tests="42" time="0.849" timestamp="2026-09-15T02:52:55.222173+07:00" hostname="DESKTOP-QD8TM7N"><testcase classname="tests.test_cm_website_navigation.WebsiteNavigationTests" name="test_each_page_has_title_language_and_application_shell" time="0.101" /><testcase classname="tests.test_cm_website_navigation.WebsiteNavigationTests" name="test_images_declare_alternative_text" time="0.001" /><testcase classname="tests.test_cm_website_navigation.WebsiteNavigationTests" name="test_literal_local_link_file_targets_exist" time="0.021" /><testcase classname="tests.test_cm_website_navigation.WebsiteNavigationTests" name="test_no_duplicate_ids_in_static_html_shells" time="0.004" /><testcase classname="tests.test_cm_website_navigation.WebsiteNavigationTests" name="test_no_template_placeholders_or_absolute_machine_links" time="0.022" /><testcase classname="tests.test_cm_website_navigation.WebsiteNavigationTests" name="test_shared_navigation_declares_all_entry_pages" time="0.049" /></testsuite></testsuites>