<?xml version="1.0" encoding="utf-8"?><testsuites name="pytest tests"><testsuite name="pytest" errors="0" failures="0" skipped="0" tests="2" time="0.665" timestamp="2026-09-15T02:47:44.647449+07:00" hostname="DESKTOP-QD8TM7N"><testcase classname="tests.test_cm_comparative_gf2_support_aware_experiment" name="test_c27_config_is_frozen" time="0.001" /><testcase classname="tests.test_cm_comparative_gf2_support_aware_experiment" name="test_c27_summary_applies_frozen_confirmation_gate" time="0.003" /></testsuite></testsuites>