<?xml version="1.0" encoding="utf-8"?><testsuites name="pytest tests"><testsuite name="pytest" errors="0" failures="0" skipped="0" tests="9" time="0.392" timestamp="2026-09-15T02:50:35.737465+07:00" hostname="DESKTOP-QD8TM7N"><testcase classname="tests.test_cm_comparative_corpus_freeze.ComparativeCorpusFreezeTests" name="test_build_is_deterministic_and_ready_when_all_roles_exist" time="0.020" /><testcase classname="tests.test_cm_comparative_corpus_freeze.ComparativeCorpusFreezeTests" name="test_clusters_cannot_cross_roles" time="0.010" /><testcase classname="tests.test_cm_comparative_corpus_freeze.ComparativeCorpusFreezeTests" name="test_dimacs_metadata_is_strict_and_does_not_solve" time="0.006" /><testcase classname="tests.test_cm_comparative_corpus_freeze.ComparativeCorpusFreezeTests" name="test_duplicate_json_keys_in_member_fail_closed" time="0.005" /><testcase classname="tests.test_cm_comparative_corpus_freeze.ComparativeCorpusFreezeTests" name="test_member_hash_and_secret_path_fail_closed" time="0.006" /><testcase classname="tests.test_cm_comparative_corpus_freeze.ComparativeCorpusFreezeTests" name="test_missing_confirmation_is_a_gate_failure_not_an_invalid_freeze" time="0.010" /><testcase classname="tests.test_cm_comparative_corpus_freeze.ComparativeCorpusFreezeTests" name="test_source_mutation_is_detected_without_changing_freeze" time="0.012" /><testcase classname="tests.test_cm_comparative_corpus_freeze.ComparativeCorpusFreezeTests" name="test_timing_inspection_and_order_tampering_fail_closed" time="0.010" /><testcase classname="tests.test_cm_comparative_corpus_freeze.ComparativeCorpusFreezeTests" name="test_unbalanced_blocks_are_rejected" time="0.007" /></testsuite></testsuites>