<?xml version="1.0" encoding="utf-8"?><testsuites name="pytest tests"><testsuite name="pytest" errors="0" failures="0" skipped="0" tests="8" time="1.024" timestamp="2026-09-15T02:49:57.359234+07:00" hostname="DESKTOP-QD8TM7N"><testcase classname="tests.test_build_memo" name="test_memo_hits_on_shared_dag_and_result_matches_raw" time="0.007" /><testcase classname="tests.test_build_memo" name="test_memo_scope_is_one_build_no_state_left_behind" time="0.002" /><testcase classname="tests.test_build_memo" name="test_sharing_aware_build_uses_only_structural_memo" time="0.001" /><testcase classname="tests.test_build_memo" name="test_id_reuse_across_many_discarded_expressions_stays_correct" time="0.531" /><testcase classname="tests.test_build_memo" name="test_repeated_compilation_is_stable" time="0.002" /><testcase classname="tests.test_build_memo" name="test_diagnostics_on_off_produce_identical_nodes" time="0.001" /><testcase classname="tests.test_build_memo" name="test_structurally_equal_separately_allocated_objects_intern_to_one_node" time="0.001" /><testcase classname="tests.test_build_memo" name="test_build_memo_flag_does_not_change_share_aware_output" time="0.002" /></testsuite></testsuites>