<?xml version="1.0" encoding="utf-8"?><testsuites name="pytest tests"><testsuite name="pytest" errors="0" failures="0" skipped="0" tests="10" time="0.552" timestamp="2026-09-15T03:00:45.520331+07:00" hostname="DESKTOP-QD8TM7N"><testcase classname="tests.test_cm_runpod_w8_logikbench_semantic" name="test_selection_keys_and_round_robin_are_deterministic" time="0.004" /><testcase classname="tests.test_cm_runpod_w8_logikbench_semantic" name="test_one_case_refuses_identity_mismatch_without_importing_parser" time="0.009" /><testcase classname="tests.test_cm_runpod_w8_logikbench_semantic" name="test_fake_parent_run_freezes_exactly_thirty_unique_cases" time="0.208" /><testcase classname="tests.test_cm_runpod_w8_logikbench_semantic" name="test_worker_declares_bounded_no_timing_contract" time="0.002" /><testcase classname="tests.test_cm_runpod_w8_logikbench_semantic" name="test_historical_upload_package_refuses_live_source_drift" time="0.011" /><testcase classname="tests.test_cm_runpod_w8_logikbench_semantic" name="test_remote_wrapper_is_dependency_locked_and_semantic_only" time="0.002" /><testcase classname="tests.test_cm_runpod_w8_logikbench_semantic" name="test_controller_preserves_one_create_zero_volume_and_exact_payload" time="0.002" /><testcase classname="tests.test_cm_runpod_w8_logikbench_semantic" name="test_manifest_excludes_secret_like_targets" time="0.002" /><testcase classname="tests.test_cm_runpod_w8_logikbench_semantic" name="test_retry_controller_uses_same_payload_and_smaller_bounded_chunks" time="0.002" /><testcase classname="tests.test_cm_runpod_w8_logikbench_semantic" name="test_v3_retry_preserves_payload_and_adds_compatible_cpu_fallbacks" time="0.003" /></testsuite></testsuites>