<?xml version="1.0" encoding="utf-8"?><testsuites name="pytest tests"><testsuite name="pytest" errors="0" failures="0" skipped="0" tests="47" time="0.627" timestamp="2026-09-15T02:52:39.147642+07:00" hostname="DESKTOP-QD8TM7N"><testcase classname="tests.test_cm_runpod_http_transport_independent.TransportIndependentTests" name="test_bad_lengths_and_transfer_encoding_are_refused" time="0.009" /><testcase classname="tests.test_cm_runpod_http_transport_independent.TransportIndependentTests" name="test_bound_worker_ack_must_match_child_not_venv_launcher" time="0.003" /><testcase classname="tests.test_cm_runpod_http_transport_independent.TransportIndependentTests" name="test_child_environment_drops_provider_and_bootstrap_secrets" time="0.002" /><testcase classname="tests.test_cm_runpod_http_transport_independent.TransportIndependentTests" name="test_cleanup_ignores_unrelated_pods_and_refuses_ambiguous_ownership" time="0.002" /><testcase classname="tests.test_cm_runpod_http_transport_independent.TransportIndependentTests" name="test_cleanup_refuses_reassigned_id_or_different_matching_id" time="0.002" /><testcase classname="tests.test_cm_runpod_http_transport_independent.TransportIndependentTests" name="test_control_state_is_not_visible_during_json_writes" time="0.055" /><testcase classname="tests.test_cm_runpod_http_transport_independent.TransportIndependentTests" name="test_declared_and_streamed_result_caps_are_enforced" time="0.002" /><testcase classname="tests.test_cm_runpod_http_transport_independent.TransportIndependentTests" name="test_documented_response_still_refuses_resource_and_budget_changes" time="0.005" /><testcase classname="tests.test_cm_runpod_http_transport_independent.TransportIndependentTests" name="test_documented_v1_response_field_names_are_accepted" time="0.002" /><testcase classname="tests.test_cm_runpod_http_transport_independent.TransportIndependentTests" name="test_expired_deadline_refuses_upload_and_run" time="0.002" /><testcase classname="tests.test_cm_runpod_http_transport_independent.TransportIndependentTests" name="test_health_is_minimal_and_does_not_disclose_state" time="0.002" /><testcase classname="tests.test_cm_runpod_http_transport_independent.TransportIndependentTests" name="test_missing_and_wrong_tokens_deny_all_sensitive_routes" time="0.005" /><testcase classname="tests.test_cm_runpod_http_transport_independent.TransportIndependentTests" name="test_missing_or_conflicting_placement_and_image_evidence_is_refused" time="0.002" /><testcase classname="tests.test_cm_runpod_http_transport_independent.TransportIndependentTests" name="test_payload_cannot_add_environment_fields_even_with_matching_hash" time="0.002" /><testcase classname="tests.test_cm_runpod_http_transport_independent.TransportIndependentTests" name="test_placement_fallback_uses_same_pod_id_and_no_redirects" time="0.002" /><testcase classname="tests.test_cm_runpod_http_transport_independent.TransportIndependentTests" name="test_results_refuse_incomplete_work_and_return_only_bounded_log" time="0.002" /><testcase classname="tests.test_cm_runpod_http_transport_independent.TransportIndependentTests" name="test_routes_are_bound_to_their_declared_ports" time="0.002" /><testcase classname="tests.test_cm_runpod_http_transport_independent.TransportIndependentTests" name="test_run_is_at_most_once_and_later_upload_is_refused" time="0.002" /><testcase classname="tests.test_cm_runpod_http_transport_independent.TransportIndependentTests" name="test_run_requires_upload_and_accepts_no_command" time="0.002" /><testcase classname="tests.test_cm_runpod_http_transport_independent.TransportIndependentTests" name="test_upload_tampering_and_truncation_are_refused" time="0.002" /><testcase classname="tests.test_cm_runpod_http_transport_independent.TransportIndependentTests" name="test_watchdog_missing_acknowledgment_times_out_without_real_waits" time="0.005" /><testcase classname="tests.test_cm_runpod_http_transport_independent.TransportIndependentTests" name="test_watchdog_requires_exact_acknowledgment_and_live_process" time="0.002" /><testcase classname="tests.test_cm_runpod_http_transport_independent.TransportIndependentTests" name="test_windows_worker_binding_accepts_only_live_launcher_or_its_child" time="0.003" /></testsuite></testsuites>