<?xml version="1.0" encoding="utf-8"?><testsuites name="pytest tests"><testsuite name="pytest" errors="0" failures="0" skipped="0" tests="4" time="0.629" timestamp="2026-09-15T02:52:14.116251+07:00" hostname="DESKTOP-QD8TM7N"><testcase classname="tests.test_cm_overnight_local_portfolio" name="test_portfolio_group_classification" time="0.002" /><testcase classname="tests.test_cm_overnight_local_portfolio" name="test_small_plan_is_bound_and_valid" time="0.122" /><testcase classname="tests.test_cm_overnight_local_portfolio" name="test_partial_verification_checks_log_and_junit_hashes" time="0.155" /><testcase classname="tests.test_cm_overnight_local_portfolio" name="test_execution_lock_refuses_concurrent_controller" time="0.006" /></testsuite></testsuites>