<?xml version="1.0" encoding="utf-8"?><testsuites name="pytest tests"><testsuite name="pytest" errors="0" failures="0" skipped="0" tests="6" time="4.702" timestamp="2026-09-15T02:51:15.605338+07:00" hostname="DESKTOP-QD8TM7N"><testcase classname="tests.test_cm_comparative_projection_optimized" name="test_minimum_projection_dtype[8-expected0]" time="0.001" /><testcase classname="tests.test_cm_comparative_projection_optimized" name="test_minimum_projection_dtype[9-expected1]" time="0.001" /><testcase classname="tests.test_cm_comparative_projection_optimized" name="test_minimum_projection_dtype[16-expected2]" time="0.001" /><testcase classname="tests.test_cm_comparative_projection_optimized" name="test_minimum_projection_dtype[17-expected3]" time="0.001" /><testcase classname="tests.test_cm_comparative_projection_optimized" name="test_typed_flat_and_packed_projection_match_all_exposed_c36_queries" time="4.135" /><testcase classname="tests.test_cm_comparative_projection_optimized" name="test_projection_rejects_an_index_dtype_that_is_too_narrow" time="0.001" /></testsuite></testsuites>