<?xml version="1.0" encoding="utf-8"?><testsuites name="pytest tests"><testsuite name="pytest" errors="0" failures="0" skipped="0" tests="18" time="0.279" timestamp="2026-09-15T03:02:42.569536+07:00" hostname="DESKTOP-QD8TM7N"><testcase classname="tests.test_cm_biology_session_analysis" name="test_equal_family_weighting_and_repeats_are_not_independent_models" time="0.002" /><testcase classname="tests.test_cm_biology_session_analysis" name="test_order_independence_and_no_mutation" time="0.001" /><testcase classname="tests.test_cm_biology_session_analysis" name="test_failure_and_mismatch_reporting_is_order_independent" time="0.001" /><testcase classname="tests.test_cm_biology_session_analysis" name="test_single_repeat_single_cluster_has_no_interval_or_gate_even_if_labeled_held_out" time="0.001" /><testcase classname="tests.test_cm_biology_session_analysis" name="test_failed_cells_are_retained_and_never_imputed_as_completed_runtime[timeout]" time="0.001" /><testcase classname="tests.test_cm_biology_session_analysis" name="test_failed_cells_are_retained_and_never_imputed_as_completed_runtime[unsupported]" time="0.001" /><testcase classname="tests.test_cm_biology_session_analysis" name="test_failed_cells_are_retained_and_never_imputed_as_completed_runtime[resource_limit]" time="0.001" /><testcase classname="tests.test_cm_biology_session_analysis" name="test_failed_cells_are_retained_and_never_imputed_as_completed_runtime[backend_error]" time="0.001" /><testcase classname="tests.test_cm_biology_session_analysis" name="test_different_valid_witnesses_do_not_create_a_count_mismatch" time="0.001" /><testcase classname="tests.test_cm_biology_session_analysis" name="test_count_mismatch_against_independent_control_excludes_timing_pair" time="0.001" /><testcase classname="tests.test_cm_biology_session_analysis" name="test_sat_disagreement_is_exposed" time="0.001" /><testcase classname="tests.test_cm_biology_session_analysis" name="test_duplicate_and_inconsistent_instance_identity_rejected" time="0.001" /><testcase classname="tests.test_cm_biology_session_analysis" name="test_missing_arm_and_mismatched_schedule_are_not_paired" time="0.001" /><testcase classname="tests.test_cm_biology_session_analysis" name="test_plan_identity_confounds_and_modes_are_distinct" time="0.001" /><testcase classname="tests.test_cm_biology_session_analysis" name="test_missing_plan_identity_unresolved_and_malformed_hash_rejected" time="0.001" /><testcase classname="tests.test_cm_biology_session_analysis" name="test_large_decimal_counts_remain_exact_and_session_sizes_do_not_pool" time="0.002" /><testcase classname="tests.test_cm_biology_session_analysis" name="test_zero_elapsed_success_is_not_an_infinite_or_zero_speedup" time="0.001" /><testcase classname="tests.test_cm_biology_session_analysis" name="test_empty_input_returns_explicit_empty_summary" time="0.001" /></testsuite></testsuites>