<?xml version="1.0" encoding="utf-8"?><testsuites name="pytest tests"><testsuite name="pytest" errors="0" failures="0" skipped="0" tests="18" time="35.368" timestamp="2026-09-15T02:49:13.197658+07:00" hostname="DESKTOP-QD8TM7N"><testcase classname="tests.test_bench_integration.BenchIntegrationTests" name="test_bench_equivalence_outputs_expected_csv_fields" time="3.141" /><testcase classname="tests.test_bench_integration.BenchIntegrationTests" name="test_bitset_and_cm_equivalence_match_expected" time="0.725" /><testcase classname="tests.test_bench_integration.BenchIntegrationTests" name="test_cached_exec_profile_adds_overhead_columns" time="2.590" /><testcase classname="tests.test_bench_integration.BenchIntegrationTests" name="test_cm_parallel_experiment_outputs_columns_and_ratios" time="4.689" /><testcase classname="tests.test_bench_integration.BenchIntegrationTests" name="test_compile_once_adds_exec_only_columns" time="4.561" /><testcase classname="tests.test_bench_integration.BenchIntegrationTests" name="test_equivalence_pair_generation_expected_styles" time="0.001" /><testcase classname="tests.test_bench_integration.BenchIntegrationTests" name="test_eval_repeat_adds_cached_exec_columns" time="4.586" /><testcase classname="tests.test_bench_integration.BenchIntegrationTests" name="test_expr_style_and_sampled_correctness_columns" time="2.518" /><testcase classname="tests.test_bench_integration.BenchIntegrationTests" name="test_expression_diagnostics_and_nontrivial_filter_columns" time="2.279" /><testcase classname="tests.test_bench_integration.BenchIntegrationTests" name="test_ir_breakdown_flag_adds_ir_columns" time="4.947" /><testcase classname="tests.test_bench_integration.BenchIntegrationTests" name="test_large_n_safe_no_reinflate_records_reduced_output_guard" time="2.359" /><testcase classname="tests.test_bench_integration.BenchIntegrationTests" name="test_missing_cudd_is_reported_not_crashed" time="0.001" /><testcase classname="tests.test_bench_integration.BenchIntegrationTests" name="test_robdd_build_timing_persists_if_extract_fails" time="0.002" /><testcase classname="tests.test_bench_integration.BenchIntegrationTests" name="test_robdd_diagnostic_columns_when_disabled" time="2.501" /><testcase classname="tests.test_bench_integration.BenchIntegrationTests" name="test_robdd_equivalence_missing_cudd_auto_does_not_crash" time="0.002" /><testcase classname="tests.test_bench_integration.BenchIntegrationTests" name="test_robdd_equivalence_semantics" time="0.002" /><testcase classname="tests.test_bench_integration.BenchIntegrationTests" name="test_robdd_tt_extract_matches_reference_for_small_n" time="0.002" /><testcase classname="tests.test_bench_integration.BenchIntegrationTests" name="test_robdd_tt_extract_skips_large_n" time="0.001" /></testsuite></testsuites>