<?xml version="1.0" encoding="utf-8"?><testsuites name="pytest tests"><testsuite name="pytest" errors="0" failures="0" skipped="0" tests="5" time="2.828" timestamp="2026-09-15T02:55:58.861217+07:00" hostname="DESKTOP-QD8TM7N"><testcase classname="tests.test_query_ladder_learning_evidence" name="test_replays_verified_cross_machine_sum_economics" time="1.701" /><testcase classname="tests.test_query_ladder_learning_evidence" name="test_records_cross_host_oracle_label_instability" time="0.001" /><testcase classname="tests.test_query_ladder_learning_evidence" name="test_normalized_incomplete_handoff_reaches_gate_and_abstains" time="0.001" /><testcase classname="tests.test_query_ladder_learning_evidence" name="test_evidence_economics_tampering_is_rejected" time="0.001" /><testcase classname="tests.test_query_ladder_learning_evidence" name="test_missing_costs_are_allowed_only_on_incomplete_handoff" time="0.001" /></testsuite></testsuites>