<?xml version="1.0" encoding="utf-8"?><testsuites name="pytest tests"><testsuite name="pytest" errors="0" failures="0" skipped="0" tests="2" time="2.159" timestamp="2026-09-15T03:02:45.835149+07:00" hostname="DESKTOP-QD8TM7N"><testcase classname="tests.test_cm_biology_session_runner" name="test_three_real_workers_admit_rows_and_agree_end_to_end" time="1.579" /><testcase classname="tests.test_cm_biology_session_runner" name="test_plan_refuses_changed_source_manifest_before_launch" time="0.149" /></testsuite></testsuites>