<?xml version="1.0" encoding="utf-8"?><testsuites name="pytest tests"><testsuite name="pytest" errors="0" failures="0" skipped="0" tests="4" time="0.736" timestamp="2026-09-15T02:50:38.691567+07:00" hostname="DESKTOP-QD8TM7N"><testcase classname="tests.test_cm_comparative_h2_h3_profile_gate" name="test_freeze_is_deterministic_source_bound_and_uses_only_admitted_cases" time="0.086" /><testcase classname="tests.test_cm_comparative_h2_h3_profile_gate" name="test_profile_function_rules_are_mutually_exclusive_and_cover_frozen_components" time="0.001" /><testcase classname="tests.test_cm_comparative_h2_h3_profile_gate" name="test_exhaustive_boolean_functions_through_three_variables_match_independent_vectors" time="0.107" /><testcase classname="tests.test_cm_comparative_h2_h3_profile_gate" name="test_sharing_and_commutative_metamorphics_preserve_canonical_structure_and_output" time="0.002" /></testsuite></testsuites>