<?xml version="1.0" encoding="utf-8"?><testsuites name="pytest tests"><testsuite name="pytest" errors="0" failures="0" skipped="0" tests="3" time="0.623" timestamp="2026-09-15T02:48:50.983275+07:00" hostname="DESKTOP-QD8TM7N"><testcase classname="tests.test_gf2_source_portfolio_boundary" name="test_boundary_selected_advice_off_and_shadow" time="0.037" /><testcase classname="tests.test_gf2_source_portfolio_boundary" name="test_boundary_forced_source_refusal_uses_exact_fallback" time="0.081" /><testcase classname="tests.test_gf2_source_portfolio_boundary" name="test_boundary_refuses_ood_malformed_truth_and_policy" time="0.010" /></testsuite></testsuites>