<?xml version="1.0" encoding="utf-8"?><testsuites name="pytest tests"><testsuite name="pytest" errors="0" failures="0" skipped="0" tests="7" time="0.486" timestamp="2026-09-15T02:49:02.381109+07:00" hostname="DESKTOP-QD8TM7N"><testcase classname="tests.test_gf2_work_policy_compiler" name="test_constant_leaf_is_folded_without_features" time="0.001" /><testcase classname="tests.test_gf2_work_policy_compiler" name="test_feature_tree_preserves_fixed_threshold_decisions" time="0.001" /><testcase classname="tests.test_gf2_work_policy_compiler" name="test_compiled_policy_rejects_out_of_contract_truth_vectors[-1-4]" time="0.001" /><testcase classname="tests.test_gf2_work_policy_compiler" name="test_compiled_policy_rejects_out_of_contract_truth_vectors[65536-4]" time="0.001" /><testcase classname="tests.test_gf2_work_policy_compiler" name="test_compiled_policy_rejects_out_of_contract_truth_vectors[0-1]" time="0.001" /><testcase classname="tests.test_gf2_work_policy_compiler" name="test_compiled_policy_rejects_out_of_contract_truth_vectors[0-11]" time="0.001" /><testcase classname="tests.test_gf2_work_policy_compiler" name="test_compile_rejects_tampered_policy" time="0.001" /></testsuite></testsuites>