<?xml version="1.0" encoding="utf-8"?><testsuites name="pytest tests"><testsuite name="pytest" errors="0" failures="0" skipped="0" tests="12" time="1.351" timestamp="2026-09-15T02:53:54.138415+07:00" hostname="DESKTOP-QD8TM7N"><testcase classname="tests.test_expr_golden" name="test_assignment_eval_agrees_with_truth_table[expr0]" time="0.002" /><testcase classname="tests.test_expr_golden" name="test_assignment_eval_agrees_with_truth_table[expr1]" time="0.001" /><testcase classname="tests.test_expr_golden" name="test_assignment_eval_agrees_with_truth_table[expr2]" time="0.001" /><testcase classname="tests.test_expr_golden" name="test_assignment_eval_agrees_with_truth_table[expr3]" time="0.001" /><testcase classname="tests.test_expr_golden" name="test_bitset_eval_agrees_with_truth_table[expr0]" time="0.001" /><testcase classname="tests.test_expr_golden" name="test_bitset_eval_agrees_with_truth_table[expr1]" time="0.001" /><testcase classname="tests.test_expr_golden" name="test_bitset_eval_agrees_with_truth_table[expr2]" time="0.001" /><testcase classname="tests.test_expr_golden" name="test_bitset_eval_agrees_with_truth_table[expr3]" time="0.001" /><testcase classname="tests.test_expr_golden" name="test_cm_eval_agrees_with_truth_table[expr0]" time="0.002" /><testcase classname="tests.test_expr_golden" name="test_cm_eval_agrees_with_truth_table[expr1]" time="0.001" /><testcase classname="tests.test_expr_golden" name="test_cm_eval_agrees_with_truth_table[expr2]" time="0.001" /><testcase classname="tests.test_expr_golden" name="test_cm_eval_agrees_with_truth_table[expr3]" time="0.001" /></testsuite></testsuites>