<?xml version="1.0" encoding="utf-8"?><testsuites name="pytest tests"><testsuite name="pytest" errors="0" failures="0" skipped="0" tests="3" time="0.458" timestamp="2026-09-15T02:48:38.323613+07:00" hostname="DESKTOP-QD8TM7N"><testcase classname="tests.test_gf2_compiled_policy_tail_experiment" name="test_summary_uses_per_case_medians_and_predeclared_tail_gate" time="0.001" /><testcase classname="tests.test_gf2_compiled_policy_tail_experiment" name="test_summary_rejects_a_slow_compiled_tail" time="0.001" /><testcase classname="tests.test_gf2_compiled_policy_tail_experiment" name="test_config_and_method_contract_are_bounded" time="0.001" /></testsuite></testsuites>