<?xml version="1.0" encoding="utf-8"?><testsuites name="pytest tests"><testsuite name="pytest" errors="0" failures="0" skipped="0" tests="19" time="0.845" timestamp="2026-09-15T02:58:42.624994+07:00" hostname="DESKTOP-QD8TM7N"><testcase classname="tests.test_sat_guidance.ExpressionCnfTests" name="test_bounds_and_assumption_contract_refuse_invalid_inputs" time="0.001" /><testcase classname="tests.test_sat_guidance.ExpressionCnfTests" name="test_deterministic_phase_controls_cover_original_universe" time="0.001" /><testcase classname="tests.test_sat_guidance.ExpressionCnfTests" name="test_explicit_universe_and_order_are_part_of_identity" time="0.001" /><testcase classname="tests.test_sat_guidance.ExpressionCnfTests" name="test_one_allocator_keeps_miter_auxiliaries_disjoint" time="0.001" /><testcase classname="tests.test_sat_guidance.ExactSatSessionTests" name="test_all_operators_match_independent_truth_evaluation" time="0.139" /><testcase classname="tests.test_sat_guidance.ExactSatSessionTests" name="test_assumptions_replace_instead_of_accumulating" time="0.002" /><testcase classname="tests.test_sat_guidance.ExactSatSessionTests" name="test_equivalence_miter_has_exact_sat_and_unsat_controls" time="0.003" /><testcase classname="tests.test_sat_guidance.ExactSatSessionTests" name="test_legacy_public_tseitin_and_miter_helpers_are_exact" time="0.003" /><testcase classname="tests.test_sat_guidance.ExactSatSessionTests" name="test_sat_witness_is_checked_against_every_clause" time="0.002" /><testcase classname="tests.test_sat_guidance.ExactSatSessionTests" name="test_unsat_core_is_subset_and_reconfirmed_by_complete_solver" time="0.005" /><testcase classname="tests.test_sat_guidance.ExactSatSessionTests" name="test_version_change_invalidates_and_exact_digest_reuses" time="0.002" /><testcase classname="tests.test_sat_guidance.SatGuidancePolicyTests" name="test_bounded_cost_tree_selects_actions_and_round_trips" time="0.002" /></testsuite></testsuites>