<?xml version="1.0" encoding="utf-8"?><testsuites name="pytest tests"><testsuite name="pytest" errors="0" failures="0" skipped="0" tests="2" time="0.743" timestamp="2026-09-15T02:57:03.252260+07:00" hostname="DESKTOP-QD8TM7N"><testcase classname="tests.test_sxfm_semantics" name="test_group_members_are_alternatives_despite_legacy_mandatory_markers" time="0.005" /><testcase classname="tests.test_sxfm_semantics" name="test_unsupported_or_ambiguous_sxfm_is_refused" time="0.002" /></testsuite></testsuites>