<?xml version="1.0" encoding="utf-8"?><testsuites name="pytest tests"><testsuite name="pytest" errors="0" failures="0" skipped="0" tests="70" time="0.617" timestamp="2026-09-15T02:52:37.467962+07:00" hostname="DESKTOP-QD8TM7N"><testcase classname="tests.test_cm_runpod_ephemeral_independent.EphemeralIndependentTests" name="test_actual_and_quoted_price_gates_share_aggregate_cap" time="0.011" /><testcase classname="tests.test_cm_runpod_ephemeral_independent.EphemeralIndependentTests" name="test_actual_resource_gate_cannot_omit_prior_reserve" time="0.003" /><testcase classname="tests.test_cm_runpod_ephemeral_independent.EphemeralIndependentTests" name="test_billing_counts_are_strict_and_complete" time="0.004" /><testcase classname="tests.test_cm_runpod_ephemeral_independent.EphemeralIndependentTests" name="test_billing_lookup_is_grouped_readonly_and_does_not_follow_redirects" time="0.002" /><testcase classname="tests.test_cm_runpod_ephemeral_independent.EphemeralIndependentTests" name="test_container_and_network_volume_checks_remain_required" time="0.003" /><testcase classname="tests.test_cm_runpod_ephemeral_independent.EphemeralIndependentTests" name="test_delayed_billing_uses_reserve_or_higher_attributed_amount" time="0.002" /><testcase classname="tests.test_cm_runpod_ephemeral_independent.EphemeralIndependentTests" name="test_detail_and_component_totals_must_reconcile" time="0.002" /><testcase classname="tests.test_cm_runpod_ephemeral_independent.EphemeralIndependentTests" name="test_non_numeric_negative_and_nonfinite_costs_are_refused" time="0.004" /><testcase classname="tests.test_cm_runpod_ephemeral_independent.EphemeralIndependentTests" name="test_only_an_explicit_integer_zero_volume_is_accepted" time="0.003" /><testcase classname="tests.test_cm_runpod_ephemeral_independent.EphemeralIndependentTests" name="test_prior_allocation_must_be_reconciled_and_executed_sources_unchanged" time="0.004" /><testcase classname="tests.test_cm_runpod_ephemeral_independent.EphemeralIndependentTests" name="test_request_and_returned_resource_agree_on_ephemeral_storage" time="0.002" /><testcase classname="tests.test_cm_runpod_ephemeral_independent.EphemeralIndependentTests" name="test_unattributed_and_missing_pod_ids_are_refused" time="0.002" /></testsuite></testsuites>