<?xml version="1.0" encoding="utf-8"?><testsuites name="pytest tests"><testsuite name="pytest" errors="6" failures="0" skipped="0" tests="7" time="0.670" timestamp="2026-09-15T02:55:25.001997+07:00" hostname="DESKTOP-QD8TM7N"><testcase classname="tests.test_post_benchmark_neural_gate" name="test_surface_uses_per_case_medians_and_retains_refusals" time="0.001" /><testcase classname="tests.test_post_benchmark_neural_gate" name="test_retry_002_recomputes_22_task_and_cohort_surfaces" time="0.012"><error message="failed on setup with &quot;FileNotFoundError: [WinError 3] The system cannot find the path specified: 'C:\\Users\\brian\\Documents\\CM_Computation\\tmp\\cm-consolidation-20260914\\docs\\recognition\\runs\\neural-architecture-reassessment-development-20260902-001\\assessment.json'&quot;">@pytest.fixture(scope="module")
    def current_inputs():
&gt;       return gate.load_default_inputs()
               ^^^^^^^^^^^^^^^^^^^^^^^^^^

tests\test_post_benchmark_neural_gate.py:17: 
_ _ _ _ _ _ _ _ _ _ _ _ _ _ _ _ _ _ _ _ _ _ _ _ _ _ _ _ _ _ _ _ _ _ _ _ _ _ _ _
cmbench\recognition\post_benchmark_neural_gate.py:127: in load_default_inputs
    name: read_json(path)
          ^^^^^^^^^^^^^^^
cmbench\recognition\post_benchmark_neural_gate.py:107: in read_json
    size = path.stat().st_size
           ^^^^^^^^^^^
_ _ _ _ _ _ _ _ _ _ _ _ _ _ _ _ _ _ _ _ _ _ _ _ _ _ _ _ _ _ _ _ _ _ _ _ _ _ _ _

self = WindowsPath('C:/Users/brian/Documents/CM_Computation/tmp/cm-consolidation-20260914/docs/recognition/runs/neural-architecture-reassessment-development-20260902-001/assessment.json')
follow_symlinks = True

    def stat(self, *, follow_symlinks=True):
        """
        Return the result of the stat() system call on this path, like
        os.stat() does.
        """
&gt;       return os.stat(self, follow_symlinks=follow_symlinks)
               ^^^^^^^^^^^^^^^^^^^^^^^^^^^^^^^^^^^^^^^^^^^^^^
E       FileNotFoundError: [WinError 3] The system cannot find the path specified: 'C:\\Users\\brian\\Documents\\CM_Computation\\tmp\\cm-consolidation-20260914\\docs\\recognition\\runs\\neural-architecture-reassessment-development-20260902-001\\assessment.json'

..\..\..\..\AppData\Local\Programs\Python\Python313\Lib\pathlib\_local.py:515: FileNotFoundError</error></testcase><testcase classname="tests.test_post_benchmark_neural_gate" name="test_strongest_surface_is_only_a_gross_signal" time="0.001"><error message="failed on setup with &quot;FileNotFoundError: [WinError 3] The system cannot find the path specified: 'C:\\Users\\brian\\Documents\\CM_Computation\\tmp\\cm-consolidation-20260914\\docs\\recognition\\runs\\neural-architecture-reassessment-development-20260902-001\\assessment.json'&quot;">@pytest.fixture(scope="module")
    def current_inputs():
&gt;       return gate.load_default_inputs()
               ^^^^^^^^^^^^^^^^^^^^^^^^^^

tests\test_post_benchmark_neural_gate.py:17: 
_ _ _ _ _ _ _ _ _ _ _ _ _ _ _ _ _ _ _ _ _ _ _ _ _ _ _ _ _ _ _ _ _ _ _ _ _ _ _ _
cmbench\recognition\post_benchmark_neural_gate.py:127: in load_default_inputs
    name: read_json(path)
          ^^^^^^^^^^^^^^^
cmbench\recognition\post_benchmark_neural_gate.py:107: in read_json
    size = path.stat().st_size
           ^^^^^^^^^^^
_ _ _ _ _ _ _ _ _ _ _ _ _ _ _ _ _ _ _ _ _ _ _ _ _ _ _ _ _ _ _ _ _ _ _ _ _ _ _ _

self = WindowsPath('C:/Users/brian/Documents/CM_Computation/tmp/cm-consolidation-20260914/docs/recognition/runs/neural-architecture-reassessment-development-20260902-001/assessment.json')
follow_symlinks = True

    def stat(self, *, follow_symlinks=True):
        """
        Return the result of the stat() system call on this path, like
        os.stat() does.
        """
&gt;       return os.stat(self, follow_symlinks=follow_symlinks)
               ^^^^^^^^^^^^^^^^^^^^^^^^^^^^^^^^^^^^^^^^^^^^^^
E       FileNotFoundError: [WinError 3] The system cannot find the path specified: 'C:\\Users\\brian\\Documents\\CM_Computation\\tmp\\cm-consolidation-20260914\\docs\\recognition\\runs\\neural-architecture-reassessment-development-20260902-001\\assessment.json'

..\..\..\..\AppData\Local\Programs\Python\Python313\Lib\pathlib\_local.py:515: FileNotFoundError</error></testcase><testcase classname="tests.test_post_benchmark_neural_gate" name="test_major_exact_surfaces_remain_below_development_gate" time="0.001"><error message="failed on setup with &quot;FileNotFoundError: [WinError 3] The system cannot find the path specified: 'C:\\Users\\brian\\Documents\\CM_Computation\\tmp\\cm-consolidation-20260914\\docs\\recognition\\runs\\neural-architecture-reassessment-development-20260902-001\\assessment.json'&quot;">@pytest.fixture(scope="module")
    def current_inputs():
&gt;       return gate.load_default_inputs()
               ^^^^^^^^^^^^^^^^^^^^^^^^^^

tests\test_post_benchmark_neural_gate.py:17: 
_ _ _ _ _ _ _ _ _ _ _ _ _ _ _ _ _ _ _ _ _ _ _ _ _ _ _ _ _ _ _ _ _ _ _ _ _ _ _ _
cmbench\recognition\post_benchmark_neural_gate.py:127: in load_default_inputs
    name: read_json(path)
          ^^^^^^^^^^^^^^^
cmbench\recognition\post_benchmark_neural_gate.py:107: in read_json
    size = path.stat().st_size
           ^^^^^^^^^^^
_ _ _ _ _ _ _ _ _ _ _ _ _ _ _ _ _ _ _ _ _ _ _ _ _ _ _ _ _ _ _ _ _ _ _ _ _ _ _ _

self = WindowsPath('C:/Users/brian/Documents/CM_Computation/tmp/cm-consolidation-20260914/docs/recognition/runs/neural-architecture-reassessment-development-20260902-001/assessment.json')
follow_symlinks = True

    def stat(self, *, follow_symlinks=True):
        """
        Return the result of the stat() system call on this path, like
        os.stat() does.
        """
&gt;       return os.stat(self, follow_symlinks=follow_symlinks)
               ^^^^^^^^^^^^^^^^^^^^^^^^^^^^^^^^^^^^^^^^^^^^^^
E       FileNotFoundError: [WinError 3] The system cannot find the path specified: 'C:\\Users\\brian\\Documents\\CM_Computation\\tmp\\cm-consolidation-20260914\\docs\\recognition\\runs\\neural-architecture-reassessment-development-20260902-001\\assessment.json'

..\..\..\..\AppData\Local\Programs\Python\Python313\Lib\pathlib\_local.py:515: FileNotFoundError</error></testcase><testcase classname="tests.test_post_benchmark_neural_gate" name="test_tampered_evidence_bindings_fail_closed" time="0.001"><error message="failed on setup with &quot;FileNotFoundError: [WinError 3] The system cannot find the path specified: 'C:\\Users\\brian\\Documents\\CM_Computation\\tmp\\cm-consolidation-20260914\\docs\\recognition\\runs\\neural-architecture-reassessment-development-20260902-001\\assessment.json'&quot;">@pytest.fixture(scope="module")
    def current_inputs():
&gt;       return gate.load_default_inputs()
               ^^^^^^^^^^^^^^^^^^^^^^^^^^

tests\test_post_benchmark_neural_gate.py:17: 
_ _ _ _ _ _ _ _ _ _ _ _ _ _ _ _ _ _ _ _ _ _ _ _ _ _ _ _ _ _ _ _ _ _ _ _ _ _ _ _
cmbench\recognition\post_benchmark_neural_gate.py:127: in load_default_inputs
    name: read_json(path)
          ^^^^^^^^^^^^^^^
cmbench\recognition\post_benchmark_neural_gate.py:107: in read_json
    size = path.stat().st_size
           ^^^^^^^^^^^
_ _ _ _ _ _ _ _ _ _ _ _ _ _ _ _ _ _ _ _ _ _ _ _ _ _ _ _ _ _ _ _ _ _ _ _ _ _ _ _

self = WindowsPath('C:/Users/brian/Documents/CM_Computation/tmp/cm-consolidation-20260914/docs/recognition/runs/neural-architecture-reassessment-development-20260902-001/assessment.json')
follow_symlinks = True

    def stat(self, *, follow_symlinks=True):
        """
        Return the result of the stat() system call on this path, like
        os.stat() does.
        """
&gt;       return os.stat(self, follow_symlinks=follow_symlinks)
               ^^^^^^^^^^^^^^^^^^^^^^^^^^^^^^^^^^^^^^^^^^^^^^
E       FileNotFoundError: [WinError 3] The system cannot find the path specified: 'C:\\Users\\brian\\Documents\\CM_Computation\\tmp\\cm-consolidation-20260914\\docs\\recognition\\runs\\neural-architecture-reassessment-development-20260902-001\\assessment.json'

..\..\..\..\AppData\Local\Programs\Python\Python313\Lib\pathlib\_local.py:515: FileNotFoundError</error></testcase><testcase classname="tests.test_post_benchmark_neural_gate" name="test_tampered_permissions_labels_and_candidates_fail_closed" time="0.001"><error message="failed on setup with &quot;FileNotFoundError: [WinError 3] The system cannot find the path specified: 'C:\\Users\\brian\\Documents\\CM_Computation\\tmp\\cm-consolidation-20260914\\docs\\recognition\\runs\\neural-architecture-reassessment-development-20260902-001\\assessment.json'&quot;">@pytest.fixture(scope="module")
    def current_inputs():
&gt;       return gate.load_default_inputs()
               ^^^^^^^^^^^^^^^^^^^^^^^^^^

tests\test_post_benchmark_neural_gate.py:17: 
_ _ _ _ _ _ _ _ _ _ _ _ _ _ _ _ _ _ _ _ _ _ _ _ _ _ _ _ _ _ _ _ _ _ _ _ _ _ _ _
cmbench\recognition\post_benchmark_neural_gate.py:127: in load_default_inputs
    name: read_json(path)
          ^^^^^^^^^^^^^^^
cmbench\recognition\post_benchmark_neural_gate.py:107: in read_json
    size = path.stat().st_size
           ^^^^^^^^^^^
_ _ _ _ _ _ _ _ _ _ _ _ _ _ _ _ _ _ _ _ _ _ _ _ _ _ _ _ _ _ _ _ _ _ _ _ _ _ _ _

self = WindowsPath('C:/Users/brian/Documents/CM_Computation/tmp/cm-consolidation-20260914/docs/recognition/runs/neural-architecture-reassessment-development-20260902-001/assessment.json')
follow_symlinks = True

    def stat(self, *, follow_symlinks=True):
        """
        Return the result of the stat() system call on this path, like
        os.stat() does.
        """
&gt;       return os.stat(self, follow_symlinks=follow_symlinks)
               ^^^^^^^^^^^^^^^^^^^^^^^^^^^^^^^^^^^^^^^^^^^^^^
E       FileNotFoundError: [WinError 3] The system cannot find the path specified: 'C:\\Users\\brian\\Documents\\CM_Computation\\tmp\\cm-consolidation-20260914\\docs\\recognition\\runs\\neural-architecture-reassessment-development-20260902-001\\assessment.json'

..\..\..\..\AppData\Local\Programs\Python\Python313\Lib\pathlib\_local.py:515: FileNotFoundError</error></testcase><testcase classname="tests.test_post_benchmark_neural_gate" name="test_report_states_signal_without_authorizing_training" time="0.001"><error message="failed on setup with &quot;FileNotFoundError: [WinError 3] The system cannot find the path specified: 'C:\\Users\\brian\\Documents\\CM_Computation\\tmp\\cm-consolidation-20260914\\docs\\recognition\\runs\\neural-architecture-reassessment-development-20260902-001\\assessment.json'&quot;">@pytest.fixture(scope="module")
    def current_inputs():
&gt;       return gate.load_default_inputs()
               ^^^^^^^^^^^^^^^^^^^^^^^^^^

tests\test_post_benchmark_neural_gate.py:17: 
_ _ _ _ _ _ _ _ _ _ _ _ _ _ _ _ _ _ _ _ _ _ _ _ _ _ _ _ _ _ _ _ _ _ _ _ _ _ _ _
cmbench\recognition\post_benchmark_neural_gate.py:127: in load_default_inputs
    name: read_json(path)
          ^^^^^^^^^^^^^^^
cmbench\recognition\post_benchmark_neural_gate.py:107: in read_json
    size = path.stat().st_size
           ^^^^^^^^^^^
_ _ _ _ _ _ _ _ _ _ _ _ _ _ _ _ _ _ _ _ _ _ _ _ _ _ _ _ _ _ _ _ _ _ _ _ _ _ _ _

self = WindowsPath('C:/Users/brian/Documents/CM_Computation/tmp/cm-consolidation-20260914/docs/recognition/runs/neural-architecture-reassessment-development-20260902-001/assessment.json')
follow_symlinks = True

    def stat(self, *, follow_symlinks=True):
        """
        Return the result of the stat() system call on this path, like
        os.stat() does.
        """
&gt;       return os.stat(self, follow_symlinks=follow_symlinks)
               ^^^^^^^^^^^^^^^^^^^^^^^^^^^^^^^^^^^^^^^^^^^^^^
E       FileNotFoundError: [WinError 3] The system cannot find the path specified: 'C:\\Users\\brian\\Documents\\CM_Computation\\tmp\\cm-consolidation-20260914\\docs\\recognition\\runs\\neural-architecture-reassessment-development-20260902-001\\assessment.json'

..\..\..\..\AppData\Local\Programs\Python\Python313\Lib\pathlib\_local.py:515: FileNotFoundError</error></testcase></testsuite></testsuites>