<?xml version="1.0" encoding="utf-8"?><testsuites name="pytest tests"><testsuite name="pytest" errors="0" failures="0" skipped="0" tests="2" time="0.349" timestamp="2026-09-15T02:55:28.528986+07:00" hostname="DESKTOP-QD8TM7N"><testcase classname="tests.test_presentation_capture" name="test_formatter_receipt_preserves_objects_and_does_not_admit_natural_use" time="0.007" /><testcase classname="tests.test_presentation_capture" name="test_formatter_failure_is_retained_and_original_restored" time="0.005" /></testsuite></testsuites>