<?xml version="1.0" encoding="utf-8"?><testsuites name="pytest tests"><testsuite name="pytest" errors="0" failures="0" skipped="0" tests="3" time="0.799" timestamp="2026-09-15T02:53:47.327289+07:00" hostname="DESKTOP-QD8TM7N"><testcase classname="tests.test_expr_eval_module" name="test_eval_expr_assignment_matches_truth_table" time="0.002" /><testcase classname="tests.test_expr_eval_module" name="test_result_value_for_assignment_reads_bits_and_tt" time="0.001" /><testcase classname="tests.test_expr_eval_module" name="test_sampled_correctness_check_reports_zero_mismatches" time="0.040" /></testsuite></testsuites>