<?xml version="1.0" encoding="utf-8"?><testsuites name="pytest tests"><testsuite name="pytest" errors="0" failures="0" skipped="0" tests="2" time="0.382" timestamp="2026-09-15T02:50:29.906284+07:00" hostname="DESKTOP-QD8TM7N"><testcase classname="tests.test_cm_benchmark_successor_authorization" name="test_records_exact_hash_bound_successor_authorization" time="0.011" /><testcase classname="tests.test_cm_benchmark_successor_authorization" name="test_refuses_wrong_request_hash_and_existing_output" time="0.012" /></testsuite></testsuites>