<?xml version="1.0" encoding="utf-8"?><testsuites name="pytest tests"><testsuite name="pytest" errors="0" failures="0" skipped="0" tests="2" time="0.405" timestamp="2026-09-15T02:54:16.812689+07:00" hostname="DESKTOP-QD8TM7N"><testcase classname="tests.test_historical_fixture_restoration" name="test_restoration_is_exact_idempotent_and_preserves_conflicting_files" time="0.042" /><testcase classname="tests.test_historical_fixture_restoration" name="test_restoration_rejects_traversal_and_mutated_archive_before_writing" time="0.030" /></testsuite></testsuites>