<?xml version="1.0" encoding="utf-8"?><testsuites name="pytest tests"><testsuite name="pytest" errors="0" failures="0" skipped="0" tests="5" time="2.021" timestamp="2026-09-15T02:54:13.575081+07:00" hostname="DESKTOP-QD8TM7N"><testcase classname="tests.test_h6_freeze_portability" name="test_real_h6_freeze_is_semantically_portable_without_rewriting" time="0.666" /><testcase classname="tests.test_h6_freeze_portability" name="test_historical_audit_rejects_backend_and_task_source_edits" time="0.744" /><testcase classname="tests.test_h6_freeze_portability" name="test_text_record_accepts_only_line_ending_equivalence" time="0.005" /><testcase classname="tests.test_h6_freeze_portability" name="test_semantic_text_change_is_rejected" time="0.006" /><testcase classname="tests.test_h6_freeze_portability" name="test_binary_record_remains_byte_exact" time="0.004" /></testsuite></testsuites>