<?xml version="1.0" encoding="utf-8"?><testsuites name="pytest tests"><testsuite name="pytest" errors="0" failures="0" skipped="1" tests="1" time="0.758" timestamp="2026-09-15T02:58:19.605266+07:00" hostname="DESKTOP-QD8TM7N"><testcase classname="" name="tests.test_bucket_cudd_reference" time="0.000"><skipped message="collection skipped">('C:\\Users\\brian\\Documents\\CM_Computation\\tmp\\cm-consolidation-20260914\\tests\\test_bucket_cudd_reference.py', 5, "Skipped: could not import 'dd.cudd': No module named 'dd.cudd'")</skipped></testcase></testsuite></testsuites>