<?xml version="1.0" encoding="utf-8"?><testsuites name="pytest tests"><testsuite name="pytest" errors="0" failures="0" skipped="0" tests="5" time="0.602" timestamp="2026-09-15T02:52:57.455451+07:00" hostname="DESKTOP-QD8TM7N"><testcase classname="tests.test_cm_website_update_pass.WebsiteUpdatePassTests" name="test_c16_local_and_linux_values_are_evidence_bound" time="0.023" /><testcase classname="tests.test_cm_website_update_pass.WebsiteUpdatePassTests" name="test_download_index_is_commit_pinned_and_hash_complete" time="0.136" /><testcase classname="tests.test_cm_website_update_pass.WebsiteUpdatePassTests" name="test_every_chart_constructor_emits_title_and_description" time="0.002" /><testcase classname="tests.test_cm_website_update_pass.WebsiteUpdatePassTests" name="test_flattened_cse_headline_uses_current_v3_and_retains_history" time="0.002" /><testcase classname="tests.test_cm_website_update_pass.WebsiteUpdatePassTests" name="test_generated_download_page_is_expanded_and_deployed" time="0.005" /></testsuite></testsuites>