<?xml version="1.0" encoding="utf-8"?><testsuites name="pytest tests"><testsuite name="pytest" errors="0" failures="0" skipped="0" tests="4" time="0.433" timestamp="2026-09-15T02:52:21.566469+07:00" hostname="DESKTOP-QD8TM7N"><testcase classname="tests.test_cm_recent_dispositions_website.RecentDispositionsWebsiteTests" name="test_all_controlling_decisions_fail_closed" time="0.020" /><testcase classname="tests.test_cm_recent_dispositions_website.RecentDispositionsWebsiteTests" name="test_each_audience_renders_the_disposition_and_source_links" time="0.018" /><testcase classname="tests.test_cm_recent_dispositions_website.RecentDispositionsWebsiteTests" name="test_missing_neural_machine_artifacts_are_explicitly_excluded" time="0.006" /><testcase classname="tests.test_cm_recent_dispositions_website.RecentDispositionsWebsiteTests" name="test_rendered_numbers_equal_controlling_summary_fields" time="0.005" /></testsuite></testsuites>