<?xml version="1.0" encoding="utf-8"?><testsuites name="pytest tests"><testsuite name="pytest" errors="0" failures="0" skipped="0" tests="4" time="7.775" timestamp="2026-09-15T03:01:05.285793+07:00" hostname="DESKTOP-QD8TM7N"><testcase classname="tests.test_cm_comparative_fresh_persistence_pilot.FreshPersistencePilotTests" name="test_functional_profile_bounds_arms_cases_and_blocks" time="0.875" /><testcase classname="tests.test_cm_comparative_fresh_persistence_pilot.FreshPersistencePilotTests" name="test_new_output_gate_refuses_existing_path" time="0.007" /><testcase classname="tests.test_cm_comparative_fresh_persistence_pilot.FreshPersistencePilotTests" name="test_plan_is_complete_balanced_and_refusal_preserving" time="0.639" /><testcase classname="tests.test_cm_comparative_fresh_persistence_pilot.FreshPersistencePilotTests" name="test_supervised_cell_uses_distinct_owned_processes" time="5.785" /></testsuite></testsuites>