<?xml version="1.0" encoding="utf-8"?><testsuites name="pytest tests"><testsuite name="pytest" errors="0" failures="0" skipped="0" tests="4" time="0.649" timestamp="2026-09-15T02:51:40.130122+07:00" hostname="DESKTOP-QD8TM7N"><testcase classname="tests.test_cm_ir_cost.CMIRCostDiagnosticsTests" name="test_cached_ir_path_preserves_correctness_for_no_reinflate" time="0.028" /><testcase classname="tests.test_cm_ir_cost.CMIRCostDiagnosticsTests" name="test_compiled_ir_cache_hit_counters" time="0.001" /><testcase classname="tests.test_cm_ir_cost.CMIRCostDiagnosticsTests" name="test_ir_compile_timing_fields_exist_when_enabled" time="0.001" /><testcase classname="tests.test_cm_ir_cost.CMIRCostDiagnosticsTests" name="test_node_count_is_cached_on_immutable_ir_root" time="0.001" /></testsuite></testsuites>