<?xml version="1.0" encoding="utf-8"?><testsuites name="pytest tests"><testsuite name="pytest" errors="0" failures="0" skipped="0" tests="12" time="1.090" timestamp="2026-09-15T02:56:37.989385+07:00" hostname="DESKTOP-QD8TM7N"><testcase classname="tests.test_robdd_dd_backend_module" name="test_robdd_variable_order_fixed_policy" time="0.001" /><testcase classname="tests.test_robdd_dd_backend_module" name="test_robdd_variable_order_expr_policy_uses_first_occurrence" time="0.001" /><testcase classname="tests.test_robdd_dd_backend_module" name="test_interaction_order_is_deterministic_and_keeps_connected_variables_together" time="0.001" /><testcase classname="tests.test_robdd_dd_backend_module" name="test_compact_order_repr_short_and_long" time="0.001" /><testcase classname="tests.test_robdd_dd_backend_module" name="test_select_dd_module_auto_does_not_raise" time="0.369" /><testcase classname="tests.test_robdd_dd_backend_module" name="test_run_robdd_dd_backend_autoref_small_expr_if_available" time="0.023" /><testcase classname="tests.test_robdd_dd_backend_module" name="test_empty_robdd_result_preserves_legacy_keys" time="0.001" /><testcase classname="tests.test_robdd_dd_backend_module" name="test_best_of_k_persists_trials_and_selection_objective[composite]" time="0.005" /><testcase classname="tests.test_robdd_dd_backend_module" name="test_best_of_k_persists_trials_and_selection_objective[min_nodes]" time="0.004" /><testcase classname="tests.test_robdd_dd_backend_module" name="test_best_of_k_persists_trials_and_selection_objective[min_build_time]" time="0.004" /><testcase classname="tests.test_robdd_dd_backend_module" name="test_build_plus_query_objective_charges_bounded_partial_restrictions" time="0.004" /><testcase classname="tests.test_robdd_dd_backend_module" name="test_unknown_selection_objective_is_rejected" time="0.001" /></testsuite></testsuites>