<?xml version="1.0" encoding="utf-8"?><testsuites name="pytest tests"><testsuite name="pytest" errors="0" failures="0" skipped="0" tests="4" time="0.844" timestamp="2026-09-15T02:49:11.344414+07:00" hostname="DESKTOP-QD8TM7N"><testcase classname="tests.test_bdd_ordering.BddOrderCostTreeTests" name="test_small_tree_ranks_orders_and_round_trips_as_inert_json" time="0.002" /><testcase classname="tests.test_bdd_ordering.ExactBddOrderingTests" name="test_changed_order_identity_is_rejected_if_not_a_permutation" time="0.024" /><testcase classname="tests.test_bdd_ordering.ExactBddOrderingTests" name="test_serialization_reload_and_independent_replay_preserve_order" time="0.035" /><testcase classname="tests.test_bdd_ordering.ExactBddOrderingTests" name="test_truth_count_sat_restriction_and_equivalence_are_exact" time="0.020" /></testsuite></testsuites>