<?xml version="1.0" encoding="utf-8"?><testsuites name="pytest tests"><testsuite name="pytest" errors="0" failures="0" skipped="0" tests="3" time="0.581" timestamp="2026-09-15T02:48:52.495610+07:00" hostname="DESKTOP-QD8TM7N"><testcase classname="tests.test_gf2_source_portfolio_session" name="test_resident_session_reuses_compiled_width_and_enforces_limit" time="0.016" /><testcase classname="tests.test_gf2_source_portfolio_session" name="test_resident_session_fallback_advice_off_and_query_refusal" time="0.088" /><testcase classname="tests.test_gf2_source_portfolio_session" name="test_resident_session_rejects_tampered_policy" time="0.021" /></testsuite></testsuites>