<?xml version="1.0" encoding="utf-8"?><testsuites name="pytest tests"><testsuite name="pytest" errors="0" failures="0" skipped="0" tests="3" time="0.730" timestamp="2026-09-15T02:50:52.971096+07:00" hostname="DESKTOP-QD8TM7N"><testcase classname="tests.test_cm_comparative_native_confirmation" name="test_prospective_single_root_candidate_freeze_is_balanced_and_disjoint" time="0.019" /><testcase classname="tests.test_cm_comparative_native_confirmation" name="test_prospective_multi_root_workloads_are_distinct_and_share_nodes" time="0.006" /><testcase classname="tests.test_cm_comparative_native_confirmation" name="test_confirmation_configuration_is_immutable" time="0.001" /></testsuite></testsuites>