<?xml version="1.0" encoding="utf-8"?><testsuites name="pytest tests"><testsuite name="pytest" errors="0" failures="0" skipped="0" tests="4" time="0.533" timestamp="2026-09-15T02:48:49.549999+07:00" hostname="DESKTOP-QD8TM7N"><testcase classname="tests.test_gf2_source_portfolio" name="test_selected_advice_off_and_shadow_preserve_exact_best" time="0.011" /><testcase classname="tests.test_gf2_source_portfolio" name="test_source_refusal_falls_back_exactly" time="0.005" /><testcase classname="tests.test_gf2_source_portfolio" name="test_policy_roundtrip_and_tamper_rejection" time="0.011" /><testcase classname="tests.test_gf2_source_portfolio" name="test_task_and_result_tamper_are_refused" time="0.004" /></testsuite></testsuites>