<?xml version="1.0" encoding="utf-8"?><testsuites name="pytest tests"><testsuite name="pytest" errors="0" failures="0" skipped="0" tests="4" time="0.646" timestamp="2026-09-15T02:56:40.525079+07:00" hostname="DESKTOP-QD8TM7N"><testcase classname="tests.test_rule_normalization" name="test_fixpoint_exposes_and_applies_factoring_on_second_productive_pass" time="0.003" /><testcase classname="tests.test_rule_normalization" name="test_fixpoint_refuses_declared_overlap_when_requested" time="0.003" /><testcase classname="tests.test_rule_normalization" name="test_fixpoint_refuses_insufficient_pass_budget_instead_of_returning_partial" time="0.002" /><testcase classname="tests.test_rule_normalization" name="test_operator_count_expands_shared_dag_occurrences_for_ast_measure" time="0.001" /></testsuite></testsuites>