<?xml version="1.0" encoding="utf-8"?><testsuites name="pytest tests"><testsuite name="pytest" errors="0" failures="0" skipped="0" tests="4" time="0.556" timestamp="2026-09-15T02:48:48.106023+07:00" hostname="DESKTOP-QD8TM7N"><testcase classname="tests.test_gf2_prepared_support_context" name="test_prepared_context_is_deterministic_immutable_and_exact" time="0.019" /><testcase classname="tests.test_gf2_prepared_support_context" name="test_prepared_context_retains_advice_off_and_exact_fallback" time="0.016" /><testcase classname="tests.test_gf2_prepared_support_context" name="test_prepared_context_refuses_source_change_and_wrong_binding" time="0.028" /><testcase classname="tests.test_gf2_prepared_support_context" name="test_prepared_context_rejects_direct_unvalidated_construction" time="0.008" /></testsuite></testsuites>