<?xml version="1.0" encoding="utf-8"?><testsuites name="pytest tests"><testsuite name="pytest" errors="0" failures="0" skipped="0" tests="15" time="2.048" timestamp="2026-09-15T02:55:07.083558+07:00" hostname="DESKTOP-QD8TM7N"><testcase classname="tests.test_packed_queries" name="test_positional_cache_shares_across_names_and_keeps_global_cache_empty" time="0.039" /><testcase classname="tests.test_packed_queries" name="test_budget_eviction_bypass_and_caller_retention" time="0.002" /><testcase classname="tests.test_packed_queries" name="test_cache_uses_recency_and_serializes_same_width_misses" time="0.010" /><testcase classname="tests.test_packed_queries" name="test_guards_precede_mask_build_and_exceptions_are_not_cached" time="0.002" /><testcase classname="tests.test_packed_queries" name="test_bad_cache_limits[kwargs0]" time="0.002" /><testcase classname="tests.test_packed_queries" name="test_bad_cache_limits[kwargs1]" time="0.001" /><testcase classname="tests.test_packed_queries" name="test_bad_cache_limits[kwargs2]" time="0.001" /><testcase classname="tests.test_packed_queries" name="test_disjoint_counts_overlap_merge_unused_axes_and_large_declared_basis" time="0.003" /><testcase classname="tests.test_packed_queries" name="test_cm_constants_empty_basis_and_unused_axes[0]" time="0.002" /><testcase classname="tests.test_packed_queries" name="test_cm_constants_empty_basis_and_unused_axes[1]" time="0.002" /><testcase classname="tests.test_packed_queries" name="test_all_three_variable_functions_and_all_partial_assignments" time="0.939" /><testcase classname="tests.test_packed_queries" name="test_random_dags_reordered_fixed_axes_and_stream_boundaries" time="0.305" /><testcase classname="tests.test_packed_queries" name="test_query_guards_and_eager_stream_refusal" time="0.001" /><testcase classname="tests.test_packed_queries" name="test_stream_close_concurrent_queries_and_no_bound_context_retention" time="0.105" /><testcase classname="tests.test_packed_queries" name="test_stream_copies_fixed_context_at_request_time" time="0.001" /></testsuite></testsuites>