<?xml version="1.0" encoding="utf-8"?><testsuites name="pytest tests"><testsuite name="pytest" errors="0" failures="0" skipped="0" tests="2" time="0.678" timestamp="2026-09-15T02:50:50.947107+07:00" hostname="DESKTOP-QD8TM7N"><testcase classname="tests.test_cm_comparative_multi_root_python" name="test_python_union_and_separate_roots_match_independent_scalar_oracle" time="0.002" /><testcase classname="tests.test_cm_comparative_multi_root_python" name="test_python_multi_root_validates_dag_and_restriction_partitions" time="0.002" /></testsuite></testsuites>