<?xml version="1.0" encoding="utf-8"?><testsuites name="pytest tests"><testsuite name="pytest" errors="0" failures="0" skipped="0" tests="3" time="3.369" timestamp="2026-09-15T02:57:07.482227+07:00" hostname="DESKTOP-QD8TM7N"><testcase classname="tests.test_truth_table_conversion" name="test_cm_matrix_to_tt_no_padding_ordered_vars" time="0.001" /><testcase classname="tests.test_truth_table_conversion" name="test_cm_matrix_to_tt_permuted_row_column_vars" time="0.001" /><testcase classname="tests.test_truth_table_conversion" name="test_cm_matrix_to_tt_removes_padding_axis" time="0.001" /></testsuite></testsuites>