<?xml version="1.0" encoding="utf-8"?><testsuites name="pytest tests"><testsuite name="pytest" errors="0" failures="0" skipped="0" tests="2" time="0.595" timestamp="2026-09-15T02:47:41.501504+07:00" hostname="DESKTOP-QD8TM7N"><testcase classname="tests.test_cm_comparative_gf2_resident_session_experiment" name="test_c25_config_is_frozen" time="0.001" /><testcase classname="tests.test_cm_comparative_gf2_resident_session_experiment" name="test_c25_summary_reports_break_even_and_excludes_false_gate" time="0.004" /></testsuite></testsuites>