<?xml version="1.0" encoding="utf-8"?><testsuites name="pytest tests"><testsuite name="pytest" errors="0" failures="0" skipped="0" tests="2" time="0.752" timestamp="2026-09-15T02:59:02.467753+07:00" hostname="DESKTOP-QD8TM7N"><testcase classname="tests.test_cm_feature_model_version_delta" name="test_joint_witness_shares_named_features_but_not_auxiliaries" time="0.036" /><testcase classname="tests.test_cm_feature_model_version_delta" name="test_selector_sat_vectors_reconstruct_both_relations" time="0.003" /></testsuite></testsuites>