<?xml version="1.0" encoding="utf-8"?><testsuites name="pytest tests"><testsuite name="pytest" errors="1" failures="0" skipped="0" tests="1" time="0.609" timestamp="2026-09-15T02:56:14.900627+07:00" hostname="DESKTOP-QD8TM7N"><testcase classname="" name="tests.test_recognition_neural" time="0.000"><error message="collection failure">ImportError while importing test module 'C:\Users\brian\Documents\CM_Computation\tmp\cm-consolidation-20260914\tests\test_recognition_neural.py'.
Hint: make sure your test modules/packages have valid Python names.
Traceback:
..\..\..\..\AppData\Local\Programs\Python\Python313\Lib\importlib\__init__.py:88: in import_module
    return _bootstrap._gcd_import(name[level:], package, level)
           ^^^^^^^^^^^^^^^^^^^^^^^^^^^^^^^^^^^^^^^^^^^^^^^^^^^^
tests\test_recognition_neural.py:10: in &lt;module&gt;
    import torch
E   ModuleNotFoundError: No module named 'torch'</error></testcase></testsuite></testsuites>