<?xml version="1.0" encoding="utf-8"?><testsuites name="pytest tests"><testsuite name="pytest" errors="0" failures="0" skipped="0" tests="3" time="9.971" timestamp="2026-09-15T02:46:15.994863+07:00" hostname="DESKTOP-QD8TM7N"><testcase classname="tests.test_cm_comparative_gf2_async_shadow_experiment" name="test_c33_schedule_is_fully_counterbalanced" time="0.002" /><testcase classname="tests.test_cm_comparative_gf2_async_shadow_experiment" name="test_all_methods_serve_exact_baseline_with_expected_observation_coverage" time="0.084" /><testcase classname="tests.test_cm_comparative_gf2_async_shadow_experiment" name="test_generated_c33_evidence_recomputes_and_detects_pre_ack_mutation" time="9.358" /></testsuite></testsuites>