<?xml version="1.0" encoding="utf-8"?><testsuites name="pytest tests"><testsuite name="pytest" errors="0" failures="1" skipped="0" tests="21" time="1.185" timestamp="2026-09-15T02:56:25.335667+07:00" hostname="DESKTOP-QD8TM7N"><testcase classname="tests.test_recognition_rules.ProvedMetavariableRuleTests" name="test_compiled_matcher_handles_commutation_and_rejects_near_matches" time="0.033" /><testcase classname="tests.test_recognition_rules.ProvedMetavariableRuleTests" name="test_proof_exhausts_boolean_domain_and_rejects_tampering" time="0.034" /><testcase classname="tests.test_recognition_rules.ProvedMetavariableRuleTests" name="test_rewrite_preserves_dag_sharing_and_can_require_instance_check" time="0.004" /><testcase classname="tests.test_recognition_rules.ProvedRuleExperimentTests" name="test_register_and_summary_preserve_full_research_agenda" time="0.005" /><testcase classname="tests.test_recognition_rules.ProvedRuleExperimentTests" name="test_small_run_is_exact_and_independently_verifiable" time="0.205"><failure message="AssertionError: 'failed' != 'complete'&#10;- failed&#10;+ complete">self = &lt;test_recognition_rules.ProvedRuleExperimentTests testMethod=test_small_run_is_exact_and_independently_verifiable&gt;

    def test_small_run_is_exact_and_independently_verifiable(self):
        config = RuleExperimentConfig(data_seed=91, batch_sizes=(1, 8), rounds=1,
                                      epfl_limit=2, negative_controls=4, max_seconds=30)
        with tempfile.TemporaryDirectory() as temp:
            run = Path(temp) / "run"
            result = run_rule_experiment(config, run, progress=lambda _message: None)
&gt;           self.assertEqual(result["status"], "complete")
E           AssertionError: 'failed' != 'complete'
E           - failed
E           + complete

tests\test_recognition_rules.py:101: AssertionError</failure></testcase></testsuite></testsuites>