<?xml version="1.0" encoding="utf-8"?><testsuites name="pytest tests"><testsuite name="pytest" errors="0" failures="0" skipped="0" tests="10" time="0.619" timestamp="2026-09-15T02:50:14.161268+07:00" hostname="DESKTOP-QD8TM7N"><testcase classname="tests.test_cm_benchmark_audit_integrity" name="test_sha256_file_is_streaming_shared_provenance_helper" time="0.022" /><testcase classname="tests.test_cm_benchmark_audit_integrity" name="test_epfl_context_matches_frozen_truth_digest" time="0.003" /><testcase classname="tests.test_cm_benchmark_audit_integrity" name="test_epfl_dead_syntactic_input_still_verifies_frozen_width" time="0.039" /><testcase classname="tests.test_cm_benchmark_audit_integrity" name="test_truth_digest_mismatch_is_fail_closed" time="0.001" /><testcase classname="tests.test_cm_benchmark_audit_integrity" name="test_symmetric_primary_includes_strong_cse_flat_arm" time="0.022" /><testcase classname="tests.test_cm_benchmark_audit_integrity" name="test_source_snapshot_is_exact_and_refuses_overwrite" time="0.013" /><testcase classname="tests.test_cm_benchmark_audit_integrity" name="test_source_snapshot_missing_input_leaves_no_partial_destination" time="0.005" /><testcase classname="tests.test_cm_benchmark_audit_integrity" name="test_paired_formula_cluster_bootstrap_is_deterministic_and_formula_weighted" time="0.004" /><testcase classname="tests.test_cm_benchmark_audit_integrity" name="test_paired_formula_cluster_bootstrap_rejects_invalid_ratios" time="0.001" /><testcase classname="tests.test_cm_benchmark_audit_integrity" name="test_balanced_schedule_places_every_arm_equally_in_every_position" time="0.001" /></testsuite></testsuites>