<?xml version="1.0" encoding="utf-8"?><testsuites name="pytest tests"><testsuite name="pytest" errors="0" failures="0" skipped="0" tests="11" time="1.668" timestamp="2026-09-15T02:50:19.479650+07:00" hostname="DESKTOP-QD8TM7N"><testcase classname="tests.test_cm_benchmark_prelaunch" name="test_safe_paths_refuse_traversal_secrets_and_windows_absolute_paths" time="0.004" /><testcase classname="tests.test_cm_benchmark_prelaunch" name="test_source_identity_marks_dirty_or_untracked_files_and_hashes_exact_bytes" time="0.272" /><testcase classname="tests.test_cm_benchmark_prelaunch" name="test_dimacs_admission_checks_hash_license_and_semantics" time="0.040" /><testcase classname="tests.test_cm_benchmark_prelaunch" name="test_executable_payload_is_rejected_before_parser" time="0.047" /><testcase classname="tests.test_cm_benchmark_prelaunch" name="test_bnet_fixed_point_admission_requires_a_closed_model" time="0.041" /><testcase classname="tests.test_cm_benchmark_prelaunch" name="test_admission_and_schedule_keep_shortfalls_visible" time="0.071" /><testcase classname="tests.test_cm_benchmark_prelaunch" name="test_prior_refusals_remain_in_admission_ledger" time="0.004" /><testcase classname="tests.test_cm_benchmark_prelaunch" name="test_synthetic_specs_are_balanced_deterministic_and_labeled" time="0.014" /><testcase classname="tests.test_cm_benchmark_prelaunch" name="test_reduced_arm_scope_plans_only_verified_adapters" time="0.001" /><testcase classname="tests.test_cm_benchmark_prelaunch" name="test_deterministic_bundle_has_exact_safe_manifest" time="0.023" /><testcase classname="tests.test_cm_benchmark_prelaunch" name="test_deterministic_upload_shards_cover_every_member_once" time="0.046" /></testsuite></testsuites>