<?xml version="1.0" encoding="utf-8"?><testsuites name="pytest tests"><testsuite name="pytest" errors="0" failures="0" skipped="0" tests="21" time="0.817" timestamp="2026-09-15T02:52:51.054597+07:00" hostname="DESKTOP-QD8TM7N"><testcase classname="tests.test_cm_runpod_readiness.RunpodReadinessTests" name="test_cli_has_no_network_or_launch_switch" time="0.005" /><testcase classname="tests.test_cm_runpod_readiness.RunpodReadinessTests" name="test_cli_prints_valid_json_without_writing_by_default" time="0.004" /><testcase classname="tests.test_cm_runpod_readiness.RunpodReadinessTests" name="test_credential_files_are_never_opened" time="0.025" /><testcase classname="tests.test_cm_runpod_readiness.RunpodReadinessTests" name="test_default_environment_iteration_does_not_index_values" time="0.065" /><testcase classname="tests.test_cm_runpod_readiness.RunpodReadinessTests" name="test_distinct_workflows_keep_distinct_credential_locations" time="0.027" /><testcase classname="tests.test_cm_runpod_readiness.RunpodReadinessTests" name="test_environment_values_are_never_requested" time="0.027" /><testcase classname="tests.test_cm_runpod_readiness.RunpodReadinessTests" name="test_git_errors_are_not_echoed" time="0.003" /><testcase classname="tests.test_cm_runpod_readiness.RunpodReadinessTests" name="test_git_only_runs_read_only_identity_commands" time="0.003" /><testcase classname="tests.test_cm_runpod_readiness.RunpodReadinessTests" name="test_inventory_does_not_certify_connectivity" time="0.033" /><testcase classname="tests.test_cm_runpod_readiness.RunpodReadinessTests" name="test_linked_source_is_not_read" time="0.005" /><testcase classname="tests.test_cm_runpod_readiness.RunpodReadinessTests" name="test_package_metadata_is_not_native_backend_validation" time="0.020" /><testcase classname="tests.test_cm_runpod_readiness.RunpodReadinessTests" name="test_report_is_created_exclusively" time="0.010" /><testcase classname="tests.test_cm_runpod_readiness.RunpodReadinessTests" name="test_report_refuses_links" time="0.004" /><testcase classname="tests.test_cm_runpod_readiness.RunpodReadinessTests" name="test_report_refuses_sensitive_and_outside_paths" time="0.006" /><testcase classname="tests.test_cm_runpod_readiness.RunpodReadinessTests" name="test_source_hashes_are_allowlisted_code_only" time="0.005" /><testcase classname="tests.test_cm_runpod_readiness.RunpodReadinessTests" name="test_sources_that_change_are_not_hashed_as_stable" time="0.006" /></testsuite></testsuites>