<?xml version="1.0" encoding="utf-8"?><testsuites name="pytest tests"><testsuite name="pytest" errors="0" failures="0" skipped="0" tests="4" time="0.472" timestamp="2026-09-15T02:58:25.438363+07:00" hostname="DESKTOP-QD8TM7N"><testcase classname="tests.test_cm_native_count_adapter" name="test_ganak_adapter_pins_deterministic_exact_flags_and_projection" time="0.009" /><testcase classname="tests.test_cm_native_count_adapter" name="test_ganak_adapter_rejects_missing_projection_and_inconsistent_output" time="0.009" /><testcase classname="tests.test_cm_native_count_adapter" name="test_d4_adapter_accepts_one_exact_integer_and_rejects_projection" time="0.009" /><testcase classname="tests.test_cm_native_count_adapter" name="test_d4_adapter_rejects_cache_pages_that_can_repeat_the_four_gib_failure" time="0.007" /></testsuite></testsuites>