<?xml version="1.0" encoding="utf-8"?><testsuites name="pytest tests"><testsuite name="pytest" errors="0" failures="0" skipped="0" tests="2" time="0.543" timestamp="2026-09-15T02:53:52.284472+07:00" hostname="DESKTOP-QD8TM7N"><testcase classname="tests.test_expr_generators_module" name="test_generators_return_expressions_for_all_styles" time="0.022" /><testcase classname="tests.test_expr_generators_module" name="test_generate_benchmark_expr_can_return_tt_ref" time="0.001" /></testsuite></testsuites>