<?xml version="1.0" encoding="utf-8"?><testsuites name="pytest tests"><testsuite name="pytest" errors="0" failures="0" skipped="0" tests="6" time="3.494" timestamp="2026-09-15T02:55:15.948241+07:00" hostname="DESKTOP-QD8TM7N"><testcase classname="tests.test_partial_context_bench.PartialContextBenchTests" name="test_cli_writes_partial_csv_fields" time="2.403" /><testcase classname="tests.test_partial_context_bench.PartialContextBenchTests" name="test_cm_cached_and_no_cache_match_reference" time="0.003" /><testcase classname="tests.test_partial_context_bench.PartialContextBenchTests" name="test_context_generation_count_and_fixed_count" time="0.001" /><testcase classname="tests.test_partial_context_bench.PartialContextBenchTests" name="test_large_n_does_not_force_full_reference_tables" time="0.002" /><testcase classname="tests.test_partial_context_bench.PartialContextBenchTests" name="test_remaining_vars_reference_and_bitset_fixed_match" time="0.001" /><testcase classname="tests.test_partial_context_bench.PartialContextBenchTests" name="test_robdd_restriction_matches_reference_when_available" time="0.001" /></testsuite></testsuites>