<?xml version="1.0" encoding="utf-8"?><testsuites name="pytest tests"><testsuite name="pytest" errors="0" failures="1" skipped="0" tests="3" time="1.096" timestamp="2026-09-15T02:59:40.352829+07:00" hostname="DESKTOP-QD8TM7N"><testcase classname="tests.test_cm_architecture_query_ladder_retry_002_analysis" name="test_retry_002_evidence_is_complete_exact_and_cleaned_up" time="0.007"><failure message="AssertionError: assert '4a2b2330fa89...7bf54510c80eb' == '75c55df254e1...1deab13db0755'&#10;  &#10;  - 75c55df254e1751420f9e583b342f9627c08679759bb5f7a96f1deab13db0755&#10;  + 4a2b2330fa894075b57a48439e2a6461604284737407f53a8a57bf54510c80eb">def test_retry_002_evidence_is_complete_exact_and_cleaned_up() -&gt; None:
        analysis = _load(ANALYSIS)
        verification = _load(RUN / "independent_verification.json")
        controller = _load(CONTROLLER)
        post_inventory = _load(POST_INVENTORY)
    
        assert analysis["status"] == "verified_interpretation_complete"
&gt;       assert analysis["inputs"]["results_sha256"] == _sha256(RUN / "results.json")
E       AssertionError: assert '4a2b2330fa89...7bf54510c80eb' == '75c55df254e1...1deab13db0755'
E         
E         - 75c55df254e1751420f9e583b342f9627c08679759bb5f7a96f1deab13db0755
E         + 4a2b2330fa894075b57a48439e2a6461604284737407f53a8a57bf54510c80eb

tests\test_cm_architecture_query_ladder_retry_002_analysis.py:53: AssertionError</failure></testcase><testcase classname="tests.test_cm_architecture_query_ladder_retry_002_analysis" name="test_retry_002_interpretation_preserves_cohorts_and_publication_gates" time="0.004" /><testcase classname="tests.test_cm_architecture_query_ladder_retry_002_analysis" name="test_retry_002_cleanup_accounting_and_render_are_reproducible" time="0.705" /></testsuite></testsuites>