<?xml version="1.0" encoding="utf-8"?><testsuites name="pytest tests"><testsuite name="pytest" errors="0" failures="0" skipped="0" tests="3" time="1.864" timestamp="2026-09-15T02:47:23.005337+07:00" hostname="DESKTOP-QD8TM7N"><testcase classname="tests.test_cm_comparative_gf2_method_table" name="test_every_c21_method_delivers_the_same_exact_best_artifact" time="1.315" /><testcase classname="tests.test_cm_comparative_gf2_method_table" name="test_interaction_min_cut_is_deterministic_and_bounded" time="0.001" /><testcase classname="tests.test_cm_comparative_gf2_method_table" name="test_truth_or_required_artifact_tamper_is_refused" time="0.004" /></testsuite></testsuites>