<?xml version="1.0" encoding="utf-8"?><testsuites name="pytest tests"><testsuite name="pytest" errors="0" failures="0" skipped="0" tests="6" time="0.679" timestamp="2026-09-15T02:58:52.019387+07:00" hostname="DESKTOP-QD8TM7N"><testcase classname="tests.test_attributed_feature_projection" name="test_static_attributes_are_separate_from_boolean_features" time="0.060" /><testcase classname="tests.test_attributed_feature_projection" name="test_unknown_or_nonboolean_semantics_are_refused[type=&quot;double&quot;-type=&quot;long&quot;]" time="0.001" /><testcase classname="tests.test_attributed_feature_projection" name="test_unknown_or_nonboolean_semantics_are_refused[value=&quot;4.5&quot;-value=&quot;NaN&quot;]" time="0.001" /><testcase classname="tests.test_attributed_feature_projection" name="test_unknown_or_nonboolean_semantics_are_refused[value=&quot;4.5&quot;-value=&quot;4.5&quot; configurable=&quot;true&quot;]" time="0.001" /><testcase classname="tests.test_attributed_feature_projection" name="test_unknown_or_nonboolean_semantics_are_refused[&lt;var&gt;A&lt;/var&gt;-&lt;var&gt;Price&lt;/var&gt;]" time="0.001" /><testcase classname="tests.test_attributed_feature_projection" name="test_unknown_or_nonboolean_semantics_are_refused[imp-add]" time="0.001" /></testsuite></testsuites>