<?xml version="1.0" encoding="utf-8"?><testsuites name="pytest tests"><testsuite name="pytest" errors="0" failures="0" skipped="0" tests="12" time="3.978" timestamp="2026-09-15T02:56:03.886821+07:00" hostname="DESKTOP-QD8TM7N"><testcase classname="tests.test_query_ladder_learning_freeze" name="test_freezes_new_source_blind_cohort_and_isolated_splits" time="1.300" /><testcase classname="tests.test_query_ladder_learning_freeze" name="test_model_features_replay_without_identity_or_timing_fields" time="0.011" /><testcase classname="tests.test_query_ladder_learning_freeze" name="test_clear_cross_host_label_is_accepted" time="0.001" /><testcase classname="tests.test_query_ladder_learning_freeze" name="test_near_tie_abstains" time="0.001" /><testcase classname="tests.test_query_ladder_learning_freeze" name="test_cross_host_winner_disagreement_abstains" time="0.001" /><testcase classname="tests.test_query_ladder_learning_freeze" name="test_block_instability_abstains_even_when_medians_pass" time="0.001" /><testcase classname="tests.test_query_ladder_learning_freeze" name="test_charged_path_components_are_bounded_to_exact_arms" time="0.001" /><testcase classname="tests.test_query_ladder_learning_freeze" name="test_charged_cost_harness_executes_no_exact_backend" time="0.002" /><testcase classname="tests.test_query_ladder_learning_freeze" name="test_expected_fallback_charges_abstention_regret_and_dispatch" time="0.001" /><testcase classname="tests.test_query_ladder_learning_freeze" name="test_feature_or_split_tampering_is_rejected" time="0.577" /><testcase classname="tests.test_query_ladder_learning_freeze" name="test_source_closed_independent_replay" time="1.377" /><testcase classname="tests.test_query_ladder_learning_freeze" name="test_canonical_freeze_artifact_is_independently_verified" time="0.073" /></testsuite></testsuites>