<?xml version="1.0" encoding="utf-8"?><testsuites name="pytest tests"><testsuite name="pytest" errors="0" failures="0" skipped="0" tests="6" time="0.505" timestamp="2026-09-15T02:50:12.781770+07:00" hostname="DESKTOP-QD8TM7N"><testcase classname="tests.test_cm_benchmark_attribution_audit" name="test_measurement_repetition_cannot_manufacture_independent_families" time="0.101" /><testcase classname="tests.test_cm_benchmark_attribution_audit" name="test_censored_instance_is_retained_without_invented_time_ratio" time="0.001" /><testcase classname="tests.test_cm_benchmark_attribution_audit" name="test_corpus_closure_family_partition_and_hash_bound_local_controls" time="0.057" /><testcase classname="tests.test_cm_benchmark_attribution_audit" name="test_claim_register_has_complete_contracts_and_no_isolated_claim" time="0.023" /><testcase classname="tests.test_cm_benchmark_attribution_audit" name="test_frozen_query_schedules_are_distinct_valid_prefixes" time="0.038" /><testcase classname="tests.test_cm_benchmark_attribution_audit" name="test_pinned_native_projection_probe_preserves_support_warning" time="0.001" /></testsuite></testsuites>