<?xml version="1.0" encoding="utf-8"?><testsuites name="pytest tests"><testsuite name="pytest" errors="0" failures="0" skipped="0" tests="27" time="0.730" timestamp="2026-09-15T02:52:53.097805+07:00" hostname="DESKTOP-QD8TM7N"><testcase classname="tests.test_cm_runpod_readonly_lookup.RootLookupOfflineTests" name="test_both_endpoints_use_only_bounded_nonredirecting_gets" time="0.016" /><testcase classname="tests.test_cm_runpod_readonly_lookup.RootLookupOfflineTests" name="test_detail_and_inventory_drop_unselected_private_fields" time="0.003" /><testcase classname="tests.test_cm_runpod_readonly_lookup.RootLookupOfflineTests" name="test_http_error_bodies_are_never_parsed" time="0.007" /><testcase classname="tests.test_cm_runpod_readonly_lookup.RootLookupOfflineTests" name="test_invalid_pod_id_refuses_before_credentials_or_network" time="0.005" /><testcase classname="tests.test_cm_runpod_readonly_lookup.RootLookupOfflineTests" name="test_inventory_accepts_list_and_pods_wrapper" time="0.004" /><testcase classname="tests.test_cm_runpod_readonly_lookup.RootLookupOfflineTests" name="test_json_failure_records_exception_type_not_message" time="0.003" /><testcase classname="tests.test_cm_runpod_readonly_lookup.RootLookupOfflineTests" name="test_main_writes_new_sanitized_evidence_with_fake_auth_only" time="0.011" /><testcase classname="tests.test_cm_runpod_readonly_lookup.RootLookupOfflineTests" name="test_malformed_inventory_is_not_reported_as_empty" time="0.006" /><testcase classname="tests.test_cm_runpod_readonly_lookup.RootLookupOfflineTests" name="test_missing_fake_key_refuses_before_network" time="0.002" /><testcase classname="tests.test_cm_runpod_readonly_lookup.RootLookupOfflineTests" name="test_network_exception_is_redacted_and_other_request_is_retained" time="0.002" /></testsuite></testsuites>