<?xml version="1.0" encoding="utf-8"?><testsuites name="pytest tests"><testsuite name="pytest" errors="0" failures="0" skipped="0" tests="8" time="0.700" timestamp="2026-09-15T02:54:40.475821+07:00" hostname="DESKTOP-QD8TM7N"><testcase classname="tests.test_native_restriction_backend" name="test_feature_is_disabled_by_default_and_python_fallback_is_exact" time="0.001" /><testcase classname="tests.test_native_restriction_backend" name="test_environment_requires_explicit_path_and_hash" time="0.001" /><testcase classname="tests.test_native_restriction_backend" name="test_changed_native_binary_is_refused_before_loading" time="0.011" /><testcase classname="tests.test_native_restriction_backend" name="test_multi_root_python_fallback_preserves_output_order" time="0.002" /><testcase classname="tests.test_native_restriction_backend" name="test_confirmed_library_activates_only_with_matching_sha256" time="0.006" /><testcase classname="tests.test_native_restriction_backend" name="test_confirmed_multi_root_union_activates_and_preserves_order" time="0.004" /><testcase classname="tests.test_native_restriction_backend" name="test_invalid_partition_is_rejected_before_either_backend" time="0.001" /><testcase classname="tests.test_native_restriction_backend" name="test_native_runtime_failure_permanently_falls_back_exactly" time="0.001" /></testsuite></testsuites>