<?xml version="1.0" encoding="utf-8"?><testsuites name="pytest tests"><testsuite name="pytest" errors="0" failures="0" skipped="0" tests="3" time="1.691" timestamp="2026-09-15T02:56:56.438203+07:00" hostname="DESKTOP-QD8TM7N"><testcase classname="tests.test_single_expr_schema_stability" name="test_single_expr_row_preserves_representative_schema_keys" time="0.587" /><testcase classname="tests.test_single_expr_schema_stability" name="test_no_reinflate_row_preserves_representative_schema_keys" time="0.006" /><testcase classname="tests.test_single_expr_schema_stability" name="test_single_expr_selected_values_stable_for_small_expression" time="0.003" /></testsuite></testsuites>