<?xml version="1.0" encoding="utf-8"?><testsuites name="pytest tests"><testsuite name="pytest" errors="0" failures="0" skipped="0" tests="7" time="0.642" timestamp="2026-09-15T02:49:49.626091+07:00" hostname="DESKTOP-QD8TM7N"><testcase classname="tests.test_bitset_backend.BitsetBackendTests" name="test_bitset_env_cache_hits" time="0.001" /><testcase classname="tests.test_bitset_backend.BitsetBackendTests" name="test_cm_node_bitset_eval_matches_truth_table_shape_and_values" time="0.001" /><testcase classname="tests.test_bitset_backend.BitsetBackendTests" name="test_cm_node_bitset_memoizes_shared_zero_results" time="0.001" /><testcase classname="tests.test_bitset_backend.BitsetBackendTests" name="test_cm_node_bitset_respects_fixed_variables" time="0.017" /><testcase classname="tests.test_bitset_backend.BitsetBackendTests" name="test_expr_bitset_evaluates_shared_dag_nodes_once" time="0.001" /><testcase classname="tests.test_bitset_backend.BitsetBackendTests" name="test_full_mask_clipping_for_not_imp_eqv" time="0.001" /><testcase classname="tests.test_bitset_backend.BitsetBackendTests" name="test_truth_table_ordering_matches_eval_expr_tt_random" time="0.187" /></testsuite></testsuites>