<?xml version="1.0" encoding="utf-8"?><testsuites name="pytest tests"><testsuite name="pytest" errors="0" failures="0" skipped="0" tests="22" time="0.466" timestamp="2026-09-15T03:02:36.532365+07:00" hostname="DESKTOP-QD8TM7N"><testcase classname="tests.test_packed_stream_io" name="test_short_writes_and_padding[3-fixed0]" time="0.001" /><testcase classname="tests.test_packed_stream_io" name="test_short_writes_and_padding[3-fixed1]" time="0.001" /><testcase classname="tests.test_packed_stream_io" name="test_short_writes_and_padding[3-fixed2]" time="0.001" /><testcase classname="tests.test_packed_stream_io" name="test_short_writes_and_padding[5-fixed0]" time="0.001" /><testcase classname="tests.test_packed_stream_io" name="test_short_writes_and_padding[5-fixed1]" time="0.001" /><testcase classname="tests.test_packed_stream_io" name="test_short_writes_and_padding[5-fixed2]" time="0.001" /><testcase classname="tests.test_packed_stream_io" name="test_short_writes_and_padding[9-fixed0]" time="0.002" /><testcase classname="tests.test_packed_stream_io" name="test_short_writes_and_padding[9-fixed1]" time="0.001" /><testcase classname="tests.test_packed_stream_io" name="test_short_writes_and_padding[9-fixed2]" time="0.001" /><testcase classname="tests.test_packed_stream_io" name="test_cancelled_prefix_does_not_generate_the_next_chunk[0]" time="0.001" /><testcase classname="tests.test_packed_stream_io" name="test_cancelled_prefix_does_not_generate_the_next_chunk[1]" time="0.001" /><testcase classname="tests.test_packed_stream_io" name="test_cancelled_prefix_does_not_generate_the_next_chunk[7]" time="0.001" /><testcase classname="tests.test_packed_stream_io" name="test_cancelled_prefix_does_not_generate_the_next_chunk[64]" time="0.002" /><testcase classname="tests.test_packed_stream_io" name="test_broken_sink_fails_without_spinning[None]" time="0.001" /><testcase classname="tests.test_packed_stream_io" name="test_broken_sink_fails_without_spinning[0]" time="0.001" /><testcase classname="tests.test_packed_stream_io" name="test_broken_sink_fails_without_spinning[-1]" time="0.001" /><testcase classname="tests.test_packed_stream_io" name="test_broken_sink_fails_without_spinning[1000]" time="0.001" /><testcase classname="tests.test_packed_stream_io" name="test_broken_sink_fails_without_spinning[True]" time="0.001" /><testcase classname="tests.test_packed_stream_io" name="test_broken_sink_fails_without_spinning[1.5]" time="0.001" /><testcase classname="tests.test_packed_stream_io" name="test_guard_does_not_touch_sink_or_generate" time="0.001" /><testcase classname="tests.test_packed_stream_io" name="test_sink_error_releases_generator_and_preserves_partial_bytes" time="0.001" /><testcase classname="tests.test_packed_stream_io" name="test_shared_plan_separate_sinks_and_fixed_contexts" time="0.010" /></testsuite></testsuites>