<?xml version="1.0" encoding="utf-8"?><testsuites name="pytest tests"><testsuite name="pytest" errors="0" failures="0" skipped="0" tests="16" time="2.798" timestamp="2026-09-15T03:02:52.847554+07:00" hostname="DESKTOP-QD8TM7N"><testcase classname="tests.test_cm_biology_supervisor" name="test_success_job_accounting_affinity_and_cwd" time="0.167" /><testcase classname="tests.test_cm_biology_supervisor" name="test_limits_installed_and_job_assigned_before_thread_resumes" time="0.113" /><testcase classname="tests.test_cm_biology_supervisor" name="test_nonzero_exit_and_missing_executable" time="0.143" /><testcase classname="tests.test_cm_biology_supervisor" name="test_timeout_cleans_live_descendants_after_parent_exits" time="0.809" /><testcase classname="tests.test_cm_biology_supervisor" name="test_cpu_and_peak_include_descendant_work" time="0.546" /><testcase classname="tests.test_cm_biology_supervisor" name="test_combined_output_cap_and_invalid_utf8_are_bounded" time="0.134" /><testcase classname="tests.test_cm_biology_supervisor" name="test_job_memory_limit_notification_and_cleanup" time="0.119" /><testcase classname="tests.test_cm_biology_supervisor" name="test_memory_is_denied_by_os_even_without_notification_observer" time="0.151" /><testcase classname="tests.test_cm_biology_supervisor" name="test_memory_cap_is_shared_by_descendants" time="0.326" /><testcase classname="tests.test_cm_biology_supervisor" name="test_assignment_failure_never_executes_suspended_worker" time="0.020" /><testcase classname="tests.test_cm_biology_supervisor" name="test_invalid_affinity_does_not_start_worker" time="0.001" /><testcase classname="tests.test_cm_biology_supervisor" name="test_unsupported_platform_does_not_launch" time="0.001" /><testcase classname="tests.test_cm_biology_supervisor" name="test_invalid_configuration_rejected_before_launch[kwargs0]" time="0.001" /><testcase classname="tests.test_cm_biology_supervisor" name="test_invalid_configuration_rejected_before_launch[kwargs1]" time="0.001" /><testcase classname="tests.test_cm_biology_supervisor" name="test_invalid_configuration_rejected_before_launch[kwargs2]" time="0.001" /><testcase classname="tests.test_cm_biology_supervisor" name="test_invalid_configuration_rejected_before_launch[kwargs3]" time="0.001" /></testsuite></testsuites>