<?xml version="1.0" encoding="utf-8"?><testsuites name="pytest tests"><testsuite name="pytest" errors="0" failures="0" skipped="0" tests="12" time="0.515" timestamp="2026-09-15T02:56:54.658842+07:00" hostname="DESKTOP-QD8TM7N"><testcase classname="tests.test_share_aware_flatten" name="test_shared_xor_chain_multiple_parents_not_duplicated" time="0.002" /><testcase classname="tests.test_share_aware_flatten" name="test_shared_and_or_subchains_not_duplicated[And]" time="0.002" /><testcase classname="tests.test_share_aware_flatten" name="test_shared_and_or_subchains_not_duplicated[Or]" time="0.002" /><testcase classname="tests.test_share_aware_flatten" name="test_structurally_equal_separately_allocated_subtrees_are_guarded" time="0.002" /><testcase classname="tests.test_share_aware_flatten" name="test_serialized_defs_ref_dag_keeps_guard" time="0.002" /><testcase classname="tests.test_share_aware_flatten" name="test_xor_duplicate_parity_still_cancels_at_node_level" time="0.002" /><testcase classname="tests.test_share_aware_flatten" name="test_constants_negation_imp_eqv_around_shared_assoc_nodes" time="0.004" /><testcase classname="tests.test_share_aware_flatten" name="test_deterministic_compilation_across_repeated_runs" time="0.002" /><testcase classname="tests.test_share_aware_flatten" name="test_no_sharing_behavior_is_unchanged" time="0.002" /><testcase classname="tests.test_share_aware_flatten" name="test_canonical_key_is_representation_independent" time="0.032" /><testcase classname="tests.test_share_aware_flatten" name="test_commutative_equivalent_shared_subtrees_are_guarded" time="0.004" /><testcase classname="tests.test_share_aware_flatten" name="test_ablation_flag_reproduces_legacy_splice" time="0.002" /></testsuite></testsuites>