<?xml version="1.0" encoding="utf-8"?><testsuites name="pytest tests"><testsuite name="pytest" errors="0" failures="0" skipped="0" tests="6" time="0.933" timestamp="2026-09-15T02:47:28.167902+07:00" hostname="DESKTOP-QD8TM7N"><testcase classname="tests.test_cm_comparative_gf2_natural_headroom" name="test_c34_manifest_replays_source_roles_and_selection" time="0.019" /><testcase classname="tests.test_cm_comparative_gf2_natural_headroom" name="test_every_truth_method_delivers_the_same_canonical_complete_relation" time="0.028" /><testcase classname="tests.test_cm_comparative_gf2_natural_headroom" name="test_every_decomposition_method_uses_the_complete_universe_and_global_best" time="0.008" /><testcase classname="tests.test_cm_comparative_gf2_natural_headroom" name="test_truth_best_and_task_contract_tampering_fail_closed" time="0.003" /><testcase classname="tests.test_cm_comparative_gf2_natural_headroom" name="test_c34_schedule_and_headroom_summary_are_deterministic" time="0.002" /><testcase classname="tests.test_cm_comparative_gf2_natural_headroom" name="test_c34_frozen_config_and_backend_eligibility_boundary" time="0.346" /></testsuite></testsuites>