<?xml version="1.0" encoding="utf-8"?><testsuites name="pytest tests"><testsuite name="pytest" errors="0" failures="0" skipped="0" tests="60" time="0.572" timestamp="2026-09-15T02:51:29.345134+07:00" hostname="DESKTOP-QD8TM7N"><testcase classname="tests.test_cm_comparative_tasks.ComparativeTaskTests" name="test_all_tasks_backends_and_lifecycles_match_independent_oracle" time="0.089" /><testcase classname="tests.test_cm_comparative_tasks.ComparativeTaskTests" name="test_duplicate_version_is_equivalent_and_real_edit_is_not" time="0.001" /><testcase classname="tests.test_cm_comparative_tasks.ComparativeTaskTests" name="test_engine_cleanup_survives_evaluation_error" time="0.001" /><testcase classname="tests.test_cm_comparative_tasks.ComparativeTaskTests" name="test_invalid_trace_contract_and_selector_injection_refuse" time="0.003" /><testcase classname="tests.test_cm_comparative_tasks.ComparativeTaskTests" name="test_mutated_semantic_output_counts_or_claims_are_refused" time="0.003" /><testcase classname="tests.test_cm_comparative_tasks.ComparativeTaskTests" name="test_resident_reuses_one_engine_and_fresh_rebuilds_each_evaluation" time="0.004" /><testcase classname="tests.test_cm_comparative_tasks.ComparativeTaskTests" name="test_witness_is_canonical_and_unsat_is_explicit" time="0.001" /></testsuite></testsuites>