<?xml version="1.0" encoding="utf-8"?><testsuites name="pytest tests"><testsuite name="pytest" errors="0" failures="0" skipped="0" tests="26" time="7.566" timestamp="2026-09-15T03:02:15.010069+07:00" hostname="DESKTOP-QD8TM7N"><testcase classname="tests.test_cm_process_supervisor.ProcessSupervisorTests" name="test_assignment_failure_kills_suspended_process_without_releasing_workload" time="0.014" /><testcase classname="tests.test_cm_process_supervisor.ProcessSupervisorTests" name="test_blocked_stdin_cannot_block_timeout_and_cleanup" time="2.011" /><testcase classname="tests.test_cm_process_supervisor.ProcessSupervisorTests" name="test_bounded_reader_accepts_exact_limit_and_keeps_only_limit_on_overflow" time="0.002" /><testcase classname="tests.test_cm_process_supervisor.ProcessSupervisorTests" name="test_command_and_input_refuse_before_creation" time="0.001" /><testcase classname="tests.test_cm_process_supervisor.ProcessSupervisorTests" name="test_job_commit_limit_rejects_large_reservation_with_small_positive_control" time="0.677" /><testcase classname="tests.test_cm_process_supervisor.ProcessSupervisorTests" name="test_job_setup_failure_never_launches" time="0.001" /><testcase classname="tests.test_cm_process_supervisor.ProcessSupervisorTests" name="test_limits_reject_booleans_nonfinite_unbounded_or_too_small_values" time="0.003" /><testcase classname="tests.test_cm_process_supervisor.ProcessSupervisorTests" name="test_nonzero_exit_is_not_success" time="0.290" /><testcase classname="tests.test_cm_process_supervisor.ProcessSupervisorTests" name="test_other_platform_refuses_without_process_or_job" time="0.001" /><testcase classname="tests.test_cm_process_supervisor.ProcessSupervisorTests" name="test_parent_exit_does_not_leave_child_running" time="0.407" /><testcase classname="tests.test_cm_process_supervisor.ProcessSupervisorTests" name="test_reader_error_is_retained" time="0.001" /><testcase classname="tests.test_cm_process_supervisor.ProcessSupervisorTests" name="test_real_echo_binds_worker_to_job_and_caps_committed_memory" time="0.296" /><testcase classname="tests.test_cm_process_supervisor.ProcessSupervisorTests" name="test_real_stderr_flood_is_bounded_and_tree_cleaned" time="0.254" /><testcase classname="tests.test_cm_process_supervisor.ProcessSupervisorTests" name="test_real_stdout_flood_is_bounded_and_tree_cleaned" time="0.255" /><testcase classname="tests.test_cm_process_supervisor.ProcessSupervisorTests" name="test_timeout_cleans_child_and_grandchild" time="3.023" /></testsuite></testsuites>