<?xml version="1.0" encoding="utf-8"?><testsuites name="pytest tests"><testsuite name="pytest" errors="0" failures="0" skipped="0" tests="3" time="0.486" timestamp="2026-09-15T02:55:26.759251+07:00" hostname="DESKTOP-QD8TM7N"><testcase classname="tests.test_prepared_flat_evaluation" name="test_prepared_expr_and_cm_evaluation_match_recursive_reference" time="0.002" /><testcase classname="tests.test_prepared_flat_evaluation" name="test_bound_cache_key_ignores_irrelevant_ambient_fixed_bindings" time="0.001" /><testcase classname="tests.test_prepared_flat_evaluation" name="test_bound_cache_distinguishes_relevant_fixed_values" time="0.001" /></testsuite></testsuites>