<?xml version="1.0" encoding="utf-8"?><testsuites name="pytest tests"><testsuite name="pytest" errors="0" failures="0" skipped="0" tests="18" time="0.702" timestamp="2026-09-15T02:52:11.972043+07:00" hostname="DESKTOP-QD8TM7N"><testcase classname="tests.test_cm_optimizations.CMOptimizationTests" name="test_balanced_and_legacy_square_layouts_are_correct" time="0.025" /><testcase classname="tests.test_cm_optimizations.CMOptimizationTests" name="test_boundary_instrumentation_fields_exist_and_are_numeric" time="0.002" /><testcase classname="tests.test_cm_optimizations.CMOptimizationTests" name="test_cache_reuse_stats_are_observable" time="0.002" /><testcase classname="tests.test_cm_optimizations.CMOptimizationTests" name="test_canonical_cse_reuses_reordered_operands" time="0.002" /><testcase classname="tests.test_cm_optimizations.CMOptimizationTests" name="test_compile_ir_does_not_materialize" time="0.002" /><testcase classname="tests.test_cm_optimizations.CMOptimizationTests" name="test_default_cm_materialization_mode_is_partial_hybrid" time="0.001" /><testcase classname="tests.test_cm_optimizations.CMOptimizationTests" name="test_fixed_variables_can_drop_subproblem_under_hybrid_threshold" time="0.002" /><testcase classname="tests.test_cm_optimizations.CMOptimizationTests" name="test_fixed_variables_reduce_live_dimensions_before_materialization" time="0.002" /><testcase classname="tests.test_cm_optimizations.CMOptimizationTests" name="test_hybrid_dispatch_can_be_forced_to_numpy_only" time="0.001" /><testcase classname="tests.test_cm_optimizations.CMOptimizationTests" name="test_hybrid_dispatch_uses_bitset_for_small_live_var_subproblems" time="0.002" /><testcase classname="tests.test_cm_optimizations.CMOptimizationTests" name="test_memoization_reuse_eager_and_lazy" time="0.002" /><testcase classname="tests.test_cm_optimizations.CMOptimizationTests" name="test_pair_backend_forwards_materialization_options_on_fallback" time="0.002" /><testcase classname="tests.test_cm_optimizations.CMOptimizationTests" name="test_pair_backend_respects_fixed_assignments" time="0.001" /><testcase classname="tests.test_cm_optimizations.CMOptimizationTests" name="test_parallel_diagnostics_and_determinism" time="0.004" /><testcase classname="tests.test_cm_optimizations.CMOptimizationTests" name="test_partial_hybrid_preserves_root_combination_and_mixes_backends" time="0.002" /><testcase classname="tests.test_cm_optimizations.CMOptimizationTests" name="test_partial_hybrid_respects_fixed_vars_without_full_collapse" time="0.002" /><testcase classname="tests.test_cm_optimizations.CMOptimizationTests" name="test_partial_hybrid_root_forced_counter_increments_when_root_is_threshold_eligible" time="0.001" /><testcase classname="tests.test_cm_optimizations.CMOptimizationTests" name="test_pruning_short_circuit_is_correct" time="0.002" /></testsuite></testsuites>