<?xml version="1.0" encoding="utf-8"?><testsuites name="pytest tests"><testsuite name="pytest" errors="0" failures="0" skipped="0" tests="4" time="1.320" timestamp="2026-09-15T02:58:59.633230+07:00" hostname="DESKTOP-QD8TM7N"><testcase classname="tests.test_cm_feature_model_representation_battery" name="test_synthetic_matrix_is_deterministic_complete_and_planted_satisfiable" time="0.201" /><testcase classname="tests.test_cm_feature_model_representation_battery" name="test_packed_context_mask_matches_scalar_assignment_filter" time="0.001" /><testcase classname="tests.test_cm_feature_model_representation_battery" name="test_robdd_enumeration_preserves_external_lsb_first_assignment_order" time="0.001" /><testcase classname="tests.test_cm_feature_model_representation_battery" name="test_synthetic_duplicate_fraction_and_one_clause_edit_contract" time="0.003" /></testsuite></testsuites>