<?xml version="1.0" encoding="utf-8"?><testsuites name="pytest tests"><testsuite name="pytest" errors="0" failures="1" skipped="0" tests="1" time="0.709" timestamp="2026-09-15T02:54:52.672390+07:00" hostname="DESKTOP-QD8TM7N"><testcase classname="tests.test_normalization_experiment" name="test_normalization_experiment_slice_is_exact_and_bounded" time="0.002"><failure message="ValueError: frozen EPFL corpus hash mismatch">def test_normalization_experiment_slice_is_exact_and_bounded() -&gt; None:
        config = NormalizationConfig(case_count=8, rounds=1)
&gt;       cases, selection, document = load_cases(config)
                                     ^^^^^^^^^^^^^^^^^^

tests\test_normalization_experiment.py:12: 
_ _ _ _ _ _ _ _ _ _ _ _ _ _ _ _ _ _ _ _ _ _ _ _ _ _ _ _ _ _ _ _ _ _ _ _ _ _ _ _
cmbench\recognition\normalization_experiment.py:92: in load_cases
    cases, selection = load_natural_cases(natural_config)
                       ^^^^^^^^^^^^^^^^^^^^^^^^^^^^^^^^^^
_ _ _ _ _ _ _ _ _ _ _ _ _ _ _ _ _ _ _ _ _ _ _ _ _ _ _ _ _ _ _ _ _ _ _ _ _ _ _ _

config = NaturalRuleConfig(case_count=8, min_support=9, max_support=12, rounds=1, min_reuses=32, min_estimated_nodes=8, max_seconds=120.0)

    def load_natural_cases(config: NaturalRuleConfig) -&gt; tuple[list[ProfitabilityCone], dict[str, Any]]:
        config.validate()
        if sha256_file(EPFL_CORPUS) != EPFL_CORPUS_SHA256:
&gt;           raise ValueError("frozen EPFL corpus hash mismatch")
E           ValueError: frozen EPFL corpus hash mismatch

cmbench\recognition\natural_rule_experiment.py:117: ValueError</failure></testcase></testsuite></testsuites>