<?xml version="1.0" encoding="utf-8"?><testsuites name="pytest tests"><testsuite name="pytest" errors="0" failures="0" skipped="0" tests="7" time="0.406" timestamp="2026-09-15T02:50:31.240320+07:00" hostname="DESKTOP-QD8TM7N"><testcase classname="tests.test_cm_campaign_new_adapters" name="test_bnet_parser_preserves_precedence_constants_and_regulators" time="0.001" /><testcase classname="tests.test_cm_campaign_new_adapters" name="test_bnet_scalar_fixed_points" time="0.001" /><testcase classname="tests.test_cm_campaign_new_adapters" name="test_bnet_parser_fails_closed[x, a]" time="0.001" /><testcase classname="tests.test_cm_campaign_new_adapters" name="test_bnet_parser_fails_closed[targets,factors\nx, a + b\n]" time="0.001" /><testcase classname="tests.test_cm_campaign_new_adapters" name="test_bnet_parser_fails_closed[targets,factors\nx, (a\n]" time="0.001" /><testcase classname="tests.test_cm_campaign_new_adapters" name="test_exact_independent_support_is_not_projection" time="0.021" /><testcase classname="tests.test_cm_campaign_new_adapters" name="test_projected_hidden_multiplicity_empty_projection_and_contradiction" time="0.002" /></testsuite></testsuites>