<?xml version="1.0" encoding="utf-8"?><testsuites name="pytest tests"><testsuite name="pytest" errors="0" failures="0" skipped="0" tests="3" time="0.589" timestamp="2026-09-15T02:48:55.384778+07:00" hostname="DESKTOP-QD8TM7N"><testcase classname="tests.test_gf2_support_aware_session" name="test_support_aware_session_selects_truth_for_n4_and_packed_for_n5" time="0.028" /><testcase classname="tests.test_gf2_support_aware_session" name="test_support_aware_session_evaluates_once_reuses_plan_and_falls_back" time="0.053" /><testcase classname="tests.test_gf2_support_aware_session" name="test_support_aware_session_refusals_and_tampered_policies" time="0.044" /></testsuite></testsuites>