<?xml version="1.0" encoding="utf-8"?><testsuites name="pytest tests"><testsuite name="pytest" errors="0" failures="0" skipped="0" tests="14" time="0.391" timestamp="2026-09-15T02:51:21.322083+07:00" hostname="DESKTOP-QD8TM7N"><testcase classname="tests.test_cm_comparative_readiness.ComparativeReadinessTests" name="test_environment_uses_affinity_for_allocation_not_host_count" time="0.003" /><testcase classname="tests.test_cm_comparative_readiness.ComparativeReadinessTests" name="test_read_cgroup_retains_observed_missing_and_malformed_fields" time="0.024" /><testcase classname="tests.test_cm_comparative_readiness.ComparativeReadinessTests" name="test_strict_cgroup_parsers" time="0.004" /></testsuite></testsuites>