<?xml version="1.0" encoding="utf-8"?><testsuites name="pytest tests"><testsuite name="pytest" errors="0" failures="0" skipped="0" tests="14" time="2.786" timestamp="2026-09-15T02:52:41.228781+07:00" hostname="DESKTOP-QD8TM7N"><testcase classname="tests.test_cm_runpod_p7_functional_scout_v2.RunpodP7FunctionalScoutV2Tests" name="test_controller_is_blocked_without_exact_authorization" time="0.382" /><testcase classname="tests.test_cm_runpod_p7_functional_scout_v2.RunpodP7FunctionalScoutV2Tests" name="test_exact_package_is_closed_and_zip_matches_manifest" time="0.548" /><testcase classname="tests.test_cm_runpod_p7_functional_scout_v2.RunpodP7FunctionalScoutV2Tests" name="test_first_w3_development_partition_preflight_reconciles_prior_runs" time="0.014" /><testcase classname="tests.test_cm_runpod_p7_functional_scout_v2.RunpodP7FunctionalScoutV2Tests" name="test_remote_contract_uses_v6_gate_locked_binary_install_and_42_tests" time="0.001" /><testcase classname="tests.test_cm_runpod_p7_functional_scout_v2.RunpodP7FunctionalScoutV2Tests" name="test_v1_failure_is_consumed_and_clean" time="0.002" /><testcase classname="tests.test_cm_runpod_p7_functional_scout_v2.RunpodP7FunctionalScoutV2Tests" name="test_v2_failure_was_local_before_upload_and_is_clean" time="0.002" /><testcase classname="tests.test_cm_runpod_p7_functional_scout_v2.RunpodP7FunctionalScoutV2Tests" name="test_v6_reexports_reserve_and_accepts_recorded_v2_pod_shape" time="0.017" /><testcase classname="tests.test_cm_runpod_p7_functional_scout_v2.RunpodP7FunctionalScoutV2Tests" name="test_w3_development_partitions_are_disjoint_complete_and_authorized" time="0.064" /><testcase classname="tests.test_cm_runpod_p7_functional_scout_v2.RunpodP7FunctionalScoutV2Tests" name="test_w3_four_shards_are_exact_and_sequential" time="0.064" /><testcase classname="tests.test_cm_runpod_p7_functional_scout_v2.RunpodP7FunctionalScoutV2Tests" name="test_w3_plan_is_all_58_cases_and_522_functional_cells" time="0.632" /><testcase classname="tests.test_cm_runpod_p7_functional_scout_v2.RunpodP7FunctionalScoutV2Tests" name="test_w3_remote_and_controller_keep_correctness_only_contract" time="0.053" /><testcase classname="tests.test_cm_runpod_p7_functional_scout_v2.RunpodP7FunctionalScoutV2Tests" name="test_w3_v5_continuation_reconciles_unrelated_inventory_refusal" time="0.043" /><testcase classname="tests.test_cm_runpod_p7_functional_scout_v2.RunpodP7FunctionalScoutV2Tests" name="test_w3_v6_tail_is_complete_and_authorized" time="0.113" /><testcase classname="tests.test_cm_runpod_p7_functional_scout_v2.RunpodP7FunctionalScoutV2Tests" name="test_w3_v7_completion_and_postflight_are_exact" time="0.067" /></testsuite></testsuites>