<?xml version="1.0" encoding="utf-8"?><testsuites name="pytest tests"><testsuite name="pytest" errors="0" failures="0" skipped="0" tests="19" time="2.072" timestamp="2026-09-15T02:51:43.543906+07:00" hostname="DESKTOP-QD8TM7N"><testcase classname="tests.test_cm_latest_results_website.LatestResultsWebsiteTests" name="test_all_nine_routes_include_current_results" time="0.430" /><testcase classname="tests.test_cm_latest_results_website.LatestResultsWebsiteTests" name="test_all_shared_figures_have_current_review_and_correct_data_identity" time="0.008" /><testcase classname="tests.test_cm_latest_results_website.LatestResultsWebsiteTests" name="test_completed_native_batch_gate_is_not_a_future_or_positive_claim" time="0.001" /><testcase classname="tests.test_cm_latest_results_website.LatestResultsWebsiteTests" name="test_corrected_process_memory_and_all_bucket_refusals_are_retained" time="0.001" /><testcase classname="tests.test_cm_latest_results_website.LatestResultsWebsiteTests" name="test_current_payload_equals_sealed_sources" time="0.002" /><testcase classname="tests.test_cm_latest_results_website.LatestResultsWebsiteTests" name="test_every_current_source_download_has_exact_bytes_and_hash" time="0.094" /><testcase classname="tests.test_cm_latest_results_website.LatestResultsWebsiteTests" name="test_fair_feature_model_successor_is_published_with_exact_identity" time="0.004" /><testcase classname="tests.test_cm_latest_results_website.LatestResultsWebsiteTests" name="test_final_closure_preserves_historical_scope_and_balanced_candidate_results" time="0.032" /><testcase classname="tests.test_cm_latest_results_website.LatestResultsWebsiteTests" name="test_final_indexed_affine_attempt_controls_current_values" time="0.001" /><testcase classname="tests.test_cm_latest_results_website.LatestResultsWebsiteTests" name="test_frontier_contracts_do_not_relabel_old_timings_or_promote_unverified_counts" time="0.028" /><testcase classname="tests.test_cm_latest_results_website.LatestResultsWebsiteTests" name="test_full_site_snapshot_covers_the_same_data_as_every_page" time="0.042" /><testcase classname="tests.test_cm_latest_results_website.LatestResultsWebsiteTests" name="test_generated_output_is_atomic_and_identical_output_does_not_touch_disk" time="0.038" /><testcase classname="tests.test_cm_latest_results_website.LatestResultsWebsiteTests" name="test_historical_source_identity_survives_checkout_line_endings_but_detects_edits" time="0.300" /><testcase classname="tests.test_cm_latest_results_website.LatestResultsWebsiteTests" name="test_latest_repeat_headline_and_each_interval_equal_their_actual_audits" time="0.003" /><testcase classname="tests.test_cm_latest_results_website.LatestResultsWebsiteTests" name="test_legacy_pod_labels_are_distinct_on_windows_and_linux" time="0.029" /><testcase classname="tests.test_cm_latest_results_website.LatestResultsWebsiteTests" name="test_new_continuation_keeps_incomplete_values_unplotted_and_rejects_source_drift" time="0.020" /><testcase classname="tests.test_cm_latest_results_website.LatestResultsWebsiteTests" name="test_new_pages_are_exact_template_expansions" time="0.080" /><testcase classname="tests.test_cm_latest_results_website.LatestResultsWebsiteTests" name="test_published_current_downloads_are_not_rewritten_to_an_old_commit" time="0.091" /><testcase classname="tests.test_cm_latest_results_website.LatestResultsWebsiteTests" name="test_release_gate_verifies_current_site_and_rejects_a_stale_page" time="0.454" /></testsuite></testsuites>