<?xml version="1.0" encoding="utf-8"?><testsuites name="pytest tests"><testsuite name="pytest" errors="0" failures="0" skipped="0" tests="3" time="0.509" timestamp="2026-09-15T02:54:47.145325+07:00" hostname="DESKTOP-QD8TM7N"><testcase classname="tests.test_natural_profitability_policy.NaturalProfitabilityPolicyTests" name="test_declared_circuit_splits_are_disjoint" time="0.001" /><testcase classname="tests.test_natural_profitability_policy.NaturalProfitabilityPolicyTests" name="test_measured_frozen_decision_is_exact_and_charges_decision" time="0.003" /><testcase classname="tests.test_natural_profitability_policy.NaturalProfitabilityPolicyTests" name="test_summary_compares_policy_to_both_controls" time="0.001" /></testsuite></testsuites>