<?xml version="1.0" encoding="utf-8"?><testsuites name="pytest tests"><testsuite name="pytest" errors="0" failures="0" skipped="1" tests="8" time="0.389" timestamp="2026-09-15T02:50:10.285779+07:00" hostname="DESKTOP-QD8TM7N"><testcase classname="tests.test_closure_fixture_restoration" name="test_only_public_cnf_targets_are_allowed[../x.cnf]" time="0.005" /><testcase classname="tests.test_closure_fixture_restoration" name="test_only_public_cnf_targets_are_allowed[external/d4/../../x.cnf]" time="0.003" /><testcase classname="tests.test_closure_fixture_restoration" name="test_only_public_cnf_targets_are_allowed[external/d4/a.exe]" time="0.003" /><testcase classname="tests.test_closure_fixture_restoration" name="test_only_public_cnf_targets_are_allowed[external/other/a.cnf]" time="0.003" /><testcase classname="tests.test_closure_fixture_restoration" name="test_only_public_cnf_targets_are_allowed[external\\d4\\a.cnf]" time="0.003" /><testcase classname="tests.test_closure_fixture_restoration" name="test_only_public_cnf_targets_are_allowed[C:/x.cnf]" time="0.003" /><testcase classname="tests.test_closure_fixture_restoration" name="test_original_hash_is_required_for_line_ending_recovery" time="0.001" /><testcase classname="tests.test_closure_fixture_restoration" name="test_target_symlink_escape_is_refused" time="0.004"><skipped type="pytest.skip" message="symlink capability unavailable">C:\Users\brian\Documents\CM_Computation\tmp\cm-consolidation-20260914\tests\test_closure_fixture_restoration.py:21: symlink capability unavailable</skipped></testcase></testsuite></testsuites>