<?xml version="1.0" encoding="utf-8"?><testsuites name="pytest tests"><testsuite name="pytest" errors="0" failures="0" skipped="0" tests="6" time="1.167" timestamp="2026-09-15T02:47:30.075133+07:00" hostname="DESKTOP-QD8TM7N"><testcase classname="tests.test_cm_comparative_gf2_natural_repeated_queries" name="test_c35_frozen_manifest_replays_selection_traces_and_oracles" time="0.186" /><testcase classname="tests.test_cm_comparative_gf2_natural_repeated_queries" name="test_c35_trace_and_truth_projection_are_msb_ordered_and_fail_closed" time="0.005" /><testcase classname="tests.test_cm_comparative_gf2_natural_repeated_queries" name="test_c35_all_methods_deliver_identical_relation_count_sat_and_witness" time="0.423" /><testcase classname="tests.test_cm_comparative_gf2_natural_repeated_queries" name="test_c35_contract_and_trace_tampering_fail_closed" time="0.016" /><testcase classname="tests.test_cm_comparative_gf2_natural_repeated_queries" name="test_c35_schedule_and_break_even_summary_are_deterministic" time="0.005" /><testcase classname="tests.test_cm_comparative_gf2_natural_repeated_queries" name="test_c35_config_is_frozen" time="0.001" /></testsuite></testsuites>