<?xml version="1.0" encoding="utf-8"?><testsuites name="pytest tests"><testsuite name="pytest" errors="0" failures="0" skipped="0" tests="4" time="1.041" timestamp="2026-09-15T02:52:03.117290+07:00" hostname="DESKTOP-QD8TM7N"><testcase classname="tests.test_cm_neural_publication_numeric_audit.NeuralPublicationNumericAudit" name="test_batch_sum_ratios_and_wins_from_all_raw_cells" time="0.075" /><testcase classname="tests.test_cm_neural_publication_numeric_audit.NeuralPublicationNumericAudit" name="test_c16_confirmation_and_graph_bindings" time="0.002" /><testcase classname="tests.test_cm_neural_publication_numeric_audit.NeuralPublicationNumericAudit" name="test_positive_c6_graph_values_are_summary_ratios" time="0.002" /><testcase classname="tests.test_cm_neural_publication_numeric_audit.NeuralPublicationNumericAudit" name="test_q64_gross_and_charged_ratios_from_all_raw_cells" time="0.532" /></testsuite></testsuites>