<?xml version="1.0" encoding="utf-8"?><testsuites name="pytest tests"><testsuite name="pytest" errors="0" failures="0" skipped="0" tests="2" time="1.065" timestamp="2026-09-15T02:51:03.048856+07:00" hostname="DESKTOP-QD8TM7N"><testcase classname="tests.test_cm_comparative_p7.ComparativeP7Tests" name="test_bounded_output_metadata_detects_frozen_root_change" time="0.009" /><testcase classname="tests.test_cm_comparative_p7.ComparativeP7Tests" name="test_ir_controls_are_exact_and_memo_controls_have_identical_ir" time="0.003" /></testsuite></testsuites>