<?xml version="1.0" encoding="utf-8"?><testsuites name="pytest tests"><testsuite name="pytest" errors="0" failures="0" skipped="0" tests="2" time="0.524" timestamp="2026-09-15T02:47:20.251586+07:00" hostname="DESKTOP-QD8TM7N"><testcase classname="tests.test_cm_comparative_gf2_fresh_table_experiment" name="test_c23_config_preserves_c21_exact_bounds" time="0.001" /><testcase classname="tests.test_cm_comparative_gf2_fresh_table_experiment" name="test_fresh_summary_removes_retrospective_label" time="0.001" /></testsuite></testsuites>