<?xml version="1.0" encoding="utf-8"?><testsuites name="pytest tests"><testsuite name="pytest" errors="0" failures="0" skipped="0" tests="10" time="1.437" timestamp="2026-09-15T02:52:48.197116+07:00" hostname="DESKTOP-QD8TM7N"><testcase classname="tests.test_cm_runpod_p7_w5.P7W5RunpodTests" name="test_authorization_is_hash_bound_for_each_shard" time="0.432" /><testcase classname="tests.test_cm_runpod_p7_w5.P7W5RunpodTests" name="test_battery_amendment_preserves_shards_and_requires_known_charge_floor" time="0.062" /><testcase classname="tests.test_cm_runpod_p7_w5.P7W5RunpodTests" name="test_controller_configuration_is_shard_specific_and_bounded" time="0.012" /><testcase classname="tests.test_cm_runpod_p7_w5.P7W5RunpodTests" name="test_exact_source_payload_is_reused_without_secret_paths" time="0.094" /><testcase classname="tests.test_cm_runpod_p7_w5.P7W5RunpodTests" name="test_four_remote_programs_bind_exact_primary_and_anchor_freezes" time="0.030" /><testcase classname="tests.test_cm_runpod_p7_w5.P7W5RunpodTests" name="test_local_package_validation_is_network_free_and_ready" time="0.002" /><testcase classname="tests.test_cm_runpod_p7_w5.P7W5RunpodTests" name="test_paired_analysis_refuses_incomplete_or_nonpositive_metrics" time="0.001" /><testcase classname="tests.test_cm_runpod_p7_w5.P7W5RunpodTests" name="test_paired_analysis_uses_independent_case_clusters" time="0.177" /><testcase classname="tests.test_cm_runpod_p7_w5.P7W5RunpodTests" name="test_payload_binds_setup_and_execution_deadlines_without_credentials" time="0.004" /><testcase classname="tests.test_cm_runpod_p7_w5.P7W5RunpodTests" name="test_resource_gate_requires_exact_zero_volume_secure_cpu" time="0.003" /></testsuite></testsuites>