<?xml version="1.0" encoding="utf-8"?><testsuites name="pytest tests"><testsuite name="pytest" errors="0" failures="0" skipped="0" tests="9" time="0.656" timestamp="2026-09-15T02:48:36.822567+07:00" hostname="DESKTOP-QD8TM7N"><testcase classname="tests.test_gf2_async_shadow_boundary" name="test_disabled_boundary_serves_exact_baseline_without_shadow_work" time="0.006" /><testcase classname="tests.test_gf2_async_shadow_boundary" name="test_candidate_cannot_start_until_exact_delivery_is_acknowledged" time="0.012" /><testcase classname="tests.test_gf2_async_shadow_boundary" name="test_staged_request_is_immune_to_post_return_caller_mutation" time="0.008" /><testcase classname="tests.test_gf2_async_shadow_boundary" name="test_bounded_queue_drops_safely_without_blocking_or_ack_token" time="0.009" /><testcase classname="tests.test_gf2_async_shadow_boundary" name="test_deterministic_sampling_releases_only_selected_requests" time="0.026" /><testcase classname="tests.test_gf2_async_shadow_boundary" name="test_candidate_exception_and_refusal_are_contained_off_path" time="0.012" /><testcase classname="tests.test_gf2_async_shadow_boundary" name="test_exact_but_nonbest_candidate_is_an_observed_divergence_only" time="0.026" /><testcase classname="tests.test_gf2_async_shadow_boundary" name="test_wrong_binding_and_changed_source_fail_closed" time="0.022" /><testcase classname="tests.test_gf2_async_shadow_boundary" name="test_close_drains_staged_work_and_rejects_late_requests" time="0.008" /></testsuite></testsuites>