<?xml version="1.0" encoding="utf-8"?><testsuites name="pytest tests"><testsuite name="pytest" errors="0" failures="0" skipped="0" tests="22" time="6.887" timestamp="2026-09-15T02:51:07.533909+07:00" hostname="DESKTOP-QD8TM7N"><testcase classname="tests.test_cm_comparative_p7_runner.ComparativeP7RunnerTests" name="test_cell_success_is_exact_and_validation_is_outside_timed_span" time="0.533" /><testcase classname="tests.test_cm_comparative_p7_runner.ComparativeP7RunnerTests" name="test_complete_relation_worker_uses_fresh_process_contract_and_exact_oracle" time="0.470" /><testcase classname="tests.test_cm_comparative_p7_runner.ComparativeP7RunnerTests" name="test_functional_plan_preserves_frozen_order_and_performance_requires_full_cycle" time="0.674" /><testcase classname="tests.test_cm_comparative_p7_runner.ComparativeP7RunnerTests" name="test_mismatch_timeout_and_cleanup_fail_closed" time="0.479" /><testcase classname="tests.test_cm_comparative_p7_runner.ComparativeP7RunnerTests" name="test_oracle_package_is_source_bound_and_tamper_evident" time="0.332" /><testcase classname="tests.test_cm_comparative_p7_runner.ComparativeP7RunnerTests" name="test_partial_tail_cannot_be_hidden_by_a_later_segment" time="0.007" /><testcase classname="tests.test_cm_comparative_p7_runner.ComparativeP7RunnerTests" name="test_resource_profile_mismatch_refuses_before_supervisor" time="0.326" /><testcase classname="tests.test_cm_comparative_p7_runner.ComparativeP7RunnerTests" name="test_segmented_resume_preserves_interrupted_attempt_and_retries_exact_request" time="0.298" /><testcase classname="tests.test_cm_comparative_p7_runner.ComparativeP7RunnerTests" name="test_source_preparation_occurs_after_measured_span_starts" time="0.458" /><testcase classname="tests.test_cm_comparative_p7_runner.ComparativeP7RunnerTests" name="test_strict_json_and_worker_output_reject_ambiguity" time="0.334" /><testcase classname="tests.test_cm_comparative_p7_runner.ComparativeP7RunnerTests" name="test_successful_ledger_state_requires_primary_metrics_cleanup_and_oracle_identity" time="0.529" /><testcase classname="tests.test_cm_comparative_p7_runner.ComparativeP7RunnerTests" name="test_worker_cli_accepts_one_bounded_request_and_emits_one_result" time="1.181" /><testcase classname="tests.test_cm_comparative_p7_runner.ComparativeP7RunnerTests" name="test_worker_refuses_extra_and_forged_identity_before_loading_source" time="0.748" /></testsuite></testsuites>