<?xml version="1.0" encoding="utf-8"?><testsuites name="pytest tests"><testsuite name="pytest" errors="0" failures="0" skipped="0" tests="6" time="0.597" timestamp="2026-09-15T02:48:46.699141+07:00" hostname="DESKTOP-QD8TM7N"><testcase classname="tests.test_gf2_prepared_shadow_boundary" name="test_shadow_disabled_serves_exact_baseline_without_candidate_work" time="0.006" /><testcase classname="tests.test_gf2_prepared_shadow_boundary" name="test_shadow_enabled_observes_exact_candidate_but_still_serves_baseline" time="0.007" /><testcase classname="tests.test_gf2_prepared_shadow_boundary" name="test_candidate_exception_is_contained_and_baseline_remains_exact" time="0.005" /><testcase classname="tests.test_gf2_prepared_shadow_boundary" name="test_candidate_refusal_is_contained_and_baseline_remains_exact" time="0.005" /><testcase classname="tests.test_gf2_prepared_shadow_boundary" name="test_exact_but_nonbest_candidate_divergence_is_detected_and_not_served" time="0.022" /><testcase classname="tests.test_gf2_prepared_shadow_boundary" name="test_context_binding_and_changed_source_audit_fail_closed" time="0.059" /></testsuite></testsuites>