<?xml version="1.0" encoding="utf-8"?><testsuites name="pytest tests"><testsuite name="pytest" errors="0" failures="1" skipped="0" tests="2" time="0.427" timestamp="2026-09-15T02:54:12.031128+07:00" hostname="DESKTOP-QD8TM7N"><testcase classname="tests.test_generated_public_chart_data" name="test_generated_chart_data_is_current_and_pages_reference_it" time="0.048"><failure message="assert '// Generated... ]\n  }\n};\n' == '// Generated... ]\n  }\n};\n'&#10;  &#10;  Skipping 825 identical leading characters in diff, use -v to show&#10;  Skipping 426 identical trailing characters in diff, use -v to show&#10;  - : &quot;sha256:c98b0da2d4cf8bd274538ab3fe7898ccf2b1c2d13f84b99aab4799f3ce66b237&quot;,&#10;  + : &quot;sha256:a2a188412606f319b395d845fdccf7564d9b90679dcf1f86a2e6a03e388e4abd&quot;,&#10;      &quot;source_revision&quot;: null,&#10;      &quot;sources&quot;: {...&#10;  &#10;  ...Full output truncated (31 lines hidden), use '-vv' to show">def test_generated_chart_data_is_current_and_pages_reference_it():
        module = _module()
        generated = REPO / "deliverables_n22_24" / "v4audit_public_chart_data_2026_07_24.js"
&gt;       assert generated.read_text(encoding="utf-8") == module.render_javascript()
E       assert '// Generated... ]\n  }\n};\n' == '// Generated... ]\n  }\n};\n'
E         
E         Skipping 825 identical leading characters in diff, use -v to show
E         Skipping 426 identical trailing characters in diff, use -v to show
E         - : "sha256:c98b0da2d4cf8bd274538ab3fe7898ccf2b1c2d13f84b99aab4799f3ce66b237",
E         + : "sha256:a2a188412606f319b395d845fdccf7564d9b90679dcf1f86a2e6a03e388e4abd",
E             "source_revision": null,
E             "sources": {...
E         
E         ...Full output truncated (31 lines hidden), use '-vv' to show

tests\test_generated_public_chart_data.py:20: AssertionError</failure></testcase><testcase classname="tests.test_generated_public_chart_data" name="test_generated_core_series_match_current_public_values" time="0.007" /></testsuite></testsuites>