<?xml version="1.0" encoding="utf-8"?><testsuites name="pytest tests"><testsuite name="pytest" errors="0" failures="0" skipped="0" tests="111" time="0.482" timestamp="2026-09-15T02:52:25.141198+07:00" hostname="DESKTOP-QD8TM7N"><testcase classname="tests.test_cm_research_publication.ResearchPublicationTests" name="test_absolute_project_links_become_portable" time="0.001" /><testcase classname="tests.test_cm_research_publication.ResearchPublicationTests" name="test_archive_members_are_scanned_and_path_traversal_refused" time="0.005" /><testcase classname="tests.test_cm_research_publication.ResearchPublicationTests" name="test_archive_symlinks_refused" time="0.001" /><testcase classname="tests.test_cm_research_publication.ResearchPublicationTests" name="test_excluded_file_refused_before_content_processing" time="0.001" /><testcase classname="tests.test_cm_research_publication.ResearchPublicationTests" name="test_frozen_fixture_is_explicitly_allowed_and_hash_pinned" time="0.002" /><testcase classname="tests.test_cm_research_publication.ResearchPublicationTests" name="test_html_prose_converts_to_readable_markdown_and_relative_links" time="0.001" /><testcase classname="tests.test_cm_research_publication.ResearchPublicationTests" name="test_named_scientific_evidence_and_source_are_allowed" time="0.001" /><testcase classname="tests.test_cm_research_publication.ResearchPublicationTests" name="test_nested_archive_limit" time="0.002" /><testcase classname="tests.test_cm_research_publication.ResearchPublicationTests" name="test_number_formats_preserve_units" time="0.001" /><testcase classname="tests.test_cm_research_publication.ResearchPublicationTests" name="test_private_temporary_unrelated_and_traversal_paths_are_excluded" time="0.005" /><testcase classname="tests.test_cm_research_publication.ResearchPublicationTests" name="test_reading_editions_cover_all_cases_and_preserve_provenance" time="0.052" /><testcase classname="tests.test_cm_research_publication.ResearchPublicationTests" name="test_research_index_and_readers_have_resolving_local_links" time="0.071" /><testcase classname="tests.test_cm_research_publication.ResearchPublicationTests" name="test_secret_signature_errors_do_not_echo_values" time="0.001" /><testcase classname="tests.test_cm_research_publication.ResearchPublicationTests" name="test_sensitive_json_fields_are_refused_but_fake_fixtures_are_allowed" time="0.002" /><testcase classname="tests.test_cm_research_publication.ResearchPublicationTests" name="test_superscripts_and_spaces_in_links_are_preserved" time="0.001" /><testcase classname="tests.test_cm_research_publication.ResearchPublicationTests" name="test_unknown_number_token_refuses_generation" time="0.001" /></testsuite></testsuites>