<?xml version="1.0" encoding="utf-8"?><testsuites name="pytest tests"><testsuite name="pytest" errors="0" failures="0" skipped="0" tests="14" time="0.622" timestamp="2026-09-15T03:02:30.730284+07:00" hostname="DESKTOP-QD8TM7N"><testcase classname="tests.test_memory_learning_evidence" name="test_stable_material_memory_surface_is_development_eligible" time="0.002" /><testcase classname="tests.test_memory_learning_evidence" name="test_cross_host_winner_disagreement_becomes_abstention" time="0.002" /><testcase classname="tests.test_memory_learning_evidence" name="test_low_material_coverage_fails_before_any_fit_boundary" time="0.002" /><testcase classname="tests.test_memory_learning_evidence" name="test_materiality_thresholds_are_inclusive_and_unit_scale_invariant" time="0.003" /><testcase classname="tests.test_memory_learning_evidence" name="test_one_byte_below_absolute_materiality_floor_abstains_that_case" time="0.002" /><testcase classname="tests.test_memory_learning_evidence" name="test_perfect_memory_predictions_pass_development_metrics" time="0.002" /><testcase classname="tests.test_memory_learning_evidence" name="test_multiply_low_cone_wrong_order_regression_fails_closed" time="0.002" /><testcase classname="tests.test_memory_learning_evidence" name="test_tampering_or_target_leakage_abstains" time="0.003" /><testcase classname="tests.test_memory_learning_evidence" name="test_malformed_host_nan_and_candidate_kind_fields_fail_closed" time="0.003" /><testcase classname="tests.test_memory_learning_evidence" name="test_neural_memory_signal_requires_every_predeclared_seed_to_pass" time="0.005" /><testcase classname="tests.test_memory_learning_evidence" name="test_one_failed_neural_seed_rejects_the_replicated_memory_signal" time="0.005" /><testcase classname="tests.test_memory_learning_evidence" name="test_neural_seed_schedule_protocol_and_single_seed_paths_fail_closed" time="0.006" /><testcase classname="tests.test_memory_learning_evidence" name="test_read_only_cli_assesses_surface_and_predictions" time="0.005" /><testcase classname="tests.test_memory_learning_evidence" name="test_read_only_cli_assesses_all_neural_seeds_together" time="0.006" /></testsuite></testsuites>