<?xml version="1.0" encoding="utf-8"?><testsuites name="pytest tests"><testsuite name="pytest" errors="0" failures="0" skipped="0" tests="5" time="0.681" timestamp="2026-09-15T02:53:34.605907+07:00" hostname="DESKTOP-QD8TM7N"><testcase classname="tests.test_e3_output_safety" name="test_default_refuses_existing_corpus" time="0.273" /><testcase classname="tests.test_e3_output_safety" name="test_default_refuses_existing_results_and_summary" time="0.050" /><testcase classname="tests.test_e3_output_safety" name="test_fresh_directory_is_created_and_accepted" time="0.007" /><testcase classname="tests.test_e3_output_safety" name="test_overwrite_flag_permits_replacement" time="0.006" /><testcase classname="tests.test_e3_output_safety" name="test_loading_corpus_skips_corpus_target" time="0.007" /></testsuite></testsuites>