<?xml version="1.0" encoding="utf-8"?><testsuites name="pytest tests"><testsuite name="pytest" errors="0" failures="0" skipped="0" tests="7" time="0.365" timestamp="2026-09-15T02:49:10.201279+07:00" hostname="DESKTOP-QD8TM7N"><testcase classname="tests.test_application_fixture_restoration" name="test_restore_is_exact_and_idempotent" time="0.010" /><testcase classname="tests.test_application_fixture_restoration" name="test_invalid_targets_are_refused[../escape]" time="0.003" /><testcase classname="tests.test_application_fixture_restoration" name="test_invalid_targets_are_refused[/external/escape]" time="0.003" /><testcase classname="tests.test_application_fixture_restoration" name="test_invalid_targets_are_refused[external\\escape]" time="0.002" /><testcase classname="tests.test_application_fixture_restoration" name="test_invalid_targets_are_refused[external/d4v2/../../escape]" time="0.003" /><testcase classname="tests.test_application_fixture_restoration" name="test_invalid_targets_are_refused[scripts/elsewhere.py]" time="0.003" /><testcase classname="tests.test_application_fixture_restoration" name="test_all_files_validated_before_writing" time="0.008" /></testsuite></testsuites>