<?xml version="1.0" encoding="utf-8"?><testsuites name="pytest tests"><testsuite name="pytest" errors="0" failures="3" skipped="0" tests="3" time="0.696" timestamp="2026-09-15T02:59:42.658503+07:00" hostname="DESKTOP-QD8TM7N"><testcase classname="tests.test_cm_architecture_query_ladder_retry_002_package" name="test_retry_package_is_source_exact_and_non_authorizing" time="0.006"><failure message="AssertionError: assert 38615 == 38464&#10; +  where 38615 = os.stat_result(st_mode=33206, st_ino=3377699724718937, st_dev=17005674527478952702, st_nlink=1, st_uid=0, st_gid=0, st_size=38615, st_atime=1789415976, st_mtime=1789395358, st_ctime=1789395358).st_size&#10; +    where os.stat_result(st_mode=33206, st_ino=3377699724718937, st_dev=17005674527478952702, st_nlink=1, st_uid=0, st_gid=0, st_size=38615, st_atime=1789415976, st_mtime=1789395358, st_ctime=1789395358) = stat()&#10; +      where stat = WindowsPath('C:/Users/brian/Documents/CM_Computation/tmp/cm-consolidation-20260914/bitset_backend.py').stat">def test_retry_package_is_source_exact_and_non_authorizing() -&gt; None:
        manifest = _load(HERE / "UPLOAD_MANIFEST.json")
        contract = _load(HERE / "EXECUTION_CONTRACT.json")
        validation = _load(HERE / "LOCAL_PACKAGE_VALIDATION.json")
        request = _load(HERE / "RUNPOD_RETRY_002_AUTHORIZATION_REQUEST_20260904.json")
        freeze = _load(FREEZE)
    
        assert manifest["authorization_status"] == "upload_not_authorized_exact_approval_pending"
        assert manifest["file_count"] == len(manifest["files"]) == 70
        assert manifest["bytes"] == sum(row["bytes"] for row in manifest["files"])
        assert {row["path"] for row in freeze["source_closure"]} &lt;= {
            row["source"] for row in manifest["files"]
        }
        for row in manifest["files"]:
            source = ROOT.joinpath(*Path(row["source"]).parts)
&gt;           assert source.stat().st_size == row["bytes"]
E           AssertionError: assert 38615 == 38464
E            +  where 38615 = os.stat_result(st_mode=33206, st_ino=3377699724718937, st_dev=17005674527478952702, st_nlink=1, st_uid=0, st_gid=0, st_size=38615, st_atime=1789415976, st_mtime=1789395358, st_ctime=1789395358).st_size
E            +    where os.stat_result(st_mode=33206, st_ino=3377699724718937, st_dev=17005674527478952702, st_nlink=1, st_uid=0, st_gid=0, st_size=38615, st_atime=1789415976, st_mtime=1789395358, st_ctime=1789395358) = stat()
E            +      where stat = WindowsPath('C:/Users/brian/Documents/CM_Computation/tmp/cm-consolidation-20260914/bitset_backend.py').stat

tests\test_cm_architecture_query_ladder_retry_002_package.py:48: AssertionError</failure></testcase><testcase classname="tests.test_cm_architecture_query_ladder_retry_002_package" name="test_retry_controller_compiles_and_accepts_only_the_exact_authorization" time="0.219"><failure message="RuntimeError: query-ladder retry 002 authorization artifact mismatch">def test_retry_controller_compiles_and_accepts_only_the_exact_authorization() -&gt; None:
        retry = _controller()
        compile(retry.base.REMOTE_CODE, "&lt;query-ladder-retry-002-remote&gt;", "exec")
        assert retry.RUN_NAME in retry.base.REMOTE_CODE
        assert "architecture-query-ladder-linux-gcc-20260903-001" not in retry.base.REMOTE_CODE
        assert retry.shared.CAMPAIGN_CAP == 0.04
        assert retry.AUTHORIZATION == AUTHORIZATION
&gt;       authorization = retry.require_authorization()
                        ^^^^^^^^^^^^^^^^^^^^^^^^^^^^^

tests\test_cm_architecture_query_ladder_retry_002_package.py:86: 
_ _ _ _ _ _ _ _ _ _ _ _ _ _ _ _ _ _ _ _ _ _ _ _ _ _ _ _ _ _ _ _ _ _ _ _ _ _ _ _

    def require_authorization() -&gt; dict:
        authorization = _load(AUTHORIZATION)
        manifest = _load(MANIFEST)
        validation = _load(LOCAL_VALIDATION)
        request = _load(REQUEST)
        expected = {
            "schema": "cm-runpod-architecture-query-ladder-retry-002-exact-payload-authorization/v1",
            "authorized": True,
            "user_total_ceiling_usd": TOTAL_COST_CAP_USD,
            "controller_total_ceiling_usd": TOTAL_COST_CAP_USD,
            "cumulative_hard_ceiling_usd": CUMULATIVE_HARD_CEILING_USD,
            "prior_attempt_estimated_cost_usd": PRIOR_ESTIMATED_COST_USD,
            "one_create": True,
            "no_replacement": True,
            "source_files": manifest["file_count"],
            "source_bytes": manifest["bytes"],
            "planned_rows": 27_648,
            "query_rows": {"1": 6_912, "4": 6_912, "16": 6_912, "64": 6_912},
            "https_ports": ["8080/http"],
            "vcpu_count": 2,
            "minimum_ram_gb": 4,
            "container_disk_gb": 12,
            "pod_volume_gb": 0,
            "network_volume": False,
            "cleanup_seconds": 600,
            "reconciliation_seconds": 720,
            "rate_cap_usd_per_hour": 0.25,
            "total_cost_cap_usd": TOTAL_COST_CAP_USD,
            "same_pod_payload_attempt_limit": 6,
            "health_checks_before_upload": 2,
            "result_cap_bytes": 48 &lt;&lt; 20,
            "compiler": "cc",
            "image": controller.IMAGE,
            "local_isolated_validation": "pass",
            "local_validation_pythonpath_injected": False,
            "isolated_memory_method": "isolated_fork_child_wait4_ru_maxrss/v1",
            "isolated_cleanup_method": "cache_clear_then_isolated_child_exit",
            "credentials_recorded_or_uploaded": False,
            "prior_authorization_reused": False,
            "training": False,
            "selector_fit": False,
            "website_update": False,
            "production_write": False,
        }
        if any(authorization.get(key) != value for key, value in expected.items()):
            raise RuntimeError("query-ladder retry 002 authorization scope mismatch")
        hashes = {
            "upload_manifest_sha256": _sha256(MANIFEST),
            "protocol_sha256": _sha256(PROTOCOL),
            "execution_contract_sha256": _sha256(CONTRACT),
            "local_validation_sha256": _sha256(LOCAL_VALIDATION),
            "freeze_sha256": _sha256(FREEZE),
            "authorization_request_sha256": _sha256(REQUEST),
            "controller_sha256": _sha256(Path(__file__)),
        }
        if (
            any(authorization.get(key) != value for key, value in hashes.items())
            or authorization.get("transport_sources") != transport_source_identities()
            or any(request.get(key) != value for key, value in hashes.items() if key != "authorization_request_sha256")
            or request.get("transport_sources") != transport_source_identities()
            or validation.get("status") != "pass"
            or validation.get("manifest_sha256") != _sha256(MANIFEST)
            or validation.get("pythonpath_injected") is not False
            or validation.get("parent_and_followup_freeze_verification_passed") is not True
            or validation.get("timing_evidence_produced") is not False
            or validation.get("memory_evidence_produced") is not False
            or validation.get("decision_bearing_result_produced") is not False
        ):
&gt;           raise RuntimeError("query-ladder retry 002 authorization artifact mismatch")
E           RuntimeError: query-ladder retry 002 authorization artifact mismatch

scripts\runpod_architecture_query_ladder_retry_002_controller.py:140: RuntimeError</failure></testcase><testcase classname="tests.test_cm_architecture_query_ladder_retry_002_package" name="test_retry_request_binds_controller_transport_and_package" time="0.017"><failure message="AssertionError: assert 'da656c4f2071...727c4000e3959' == '7cbff879dc99...3a3df3a6c0dae'&#10;  &#10;  - 7cbff879dc9993f5dc54b6b9e64835186d8b671bebf97042ebf3a3df3a6c0dae&#10;  + da656c4f20716548405e54fb82cae75cbf14679a7a4d895efa5727c4000e3959">def test_retry_request_binds_controller_transport_and_package() -&gt; None:
        request = _load(HERE / "RUNPOD_RETRY_002_AUTHORIZATION_REQUEST_20260904.json")
        retry = _controller()
        controller_path = ROOT / "scripts/runpod_architecture_query_ladder_retry_002_controller.py"
&gt;       assert request["controller_sha256"] == _sha256(controller_path)
E       AssertionError: assert 'da656c4f2071...727c4000e3959' == '7cbff879dc99...3a3df3a6c0dae'
E         
E         - 7cbff879dc9993f5dc54b6b9e64835186d8b671bebf97042ebf3a3df3a6c0dae
E         + da656c4f20716548405e54fb82cae75cbf14679a7a4d895efa5727c4000e3959

tests\test_cm_architecture_query_ladder_retry_002_package.py:103: AssertionError</failure></testcase></testsuite></testsuites>