<?xml version="1.0" encoding="utf-8"?><testsuites name="pytest tests"><testsuite name="pytest" errors="0" failures="0" skipped="0" tests="5" time="1.481" timestamp="2026-09-15T03:00:40.077000+07:00" hostname="DESKTOP-QD8TM7N"><testcase classname="tests.test_cm_hardware_revision_feasibility" name="test_candidate_roles_and_selection_contract_are_frozen" time="0.001" /><testcase classname="tests.test_cm_hardware_revision_feasibility" name="test_comment_stripping_preserves_strings_and_driver_semantics" time="0.001" /><testcase classname="tests.test_cm_hardware_revision_feasibility" name="test_ambiguous_macro_and_generated_drivers_fail_closed" time="0.001" /><testcase classname="tests.test_cm_hardware_revision_feasibility" name="test_first_parent_transition_selection_is_mechanical" time="1.117" /><testcase classname="tests.test_cm_hardware_revision_feasibility" name="test_summary_requires_both_confirmation_histories_and_replay" time="0.001" /></testsuite></testsuites>