<?xml version="1.0" encoding="utf-8"?><testsuites name="pytest tests"><testsuite name="pytest" errors="0" failures="0" skipped="0" tests="27" time="0.664" timestamp="2026-09-15T02:53:59.339048+07:00" hostname="DESKTOP-QD8TM7N"><testcase classname="tests.test_expr_serde_v2" name="test_dag_roundtrip_preserves_semantics_and_sharing" time="0.002" /><testcase classname="tests.test_expr_serde_v2" name="test_structural_dedup_recovers_sharing_lost_by_construction" time="0.001" /><testcase classname="tests.test_expr_serde_v2" name="test_serialization_is_deterministic" time="0.001" /><testcase classname="tests.test_expr_serde_v2" name="test_v1_tree_documents_still_parse_identically" time="0.001" /><testcase classname="tests.test_expr_serde_v2" name="test_deep_dag_serde_is_iterative" time="0.082" /><testcase classname="tests.test_expr_serde_v2" name="test_malformed_documents_are_rejected[forward_ref-doc0]" time="0.001" /><testcase classname="tests.test_expr_serde_v2" name="test_malformed_documents_are_rejected[self_ref-doc1]" time="0.001" /><testcase classname="tests.test_expr_serde_v2" name="test_malformed_documents_are_rejected[dangling_ref-doc2]" time="0.001" /><testcase classname="tests.test_expr_serde_v2" name="test_malformed_documents_are_rejected[bool_ref-doc3]" time="0.001" /><testcase classname="tests.test_expr_serde_v2" name="test_malformed_documents_are_rejected[negative_ref-doc4]" time="0.002" /><testcase classname="tests.test_expr_serde_v2" name="test_malformed_documents_are_rejected[bad_root-doc5]" time="0.001" /><testcase classname="tests.test_expr_serde_v2" name="test_malformed_documents_are_rejected[bool_root-doc6]" time="0.001" /><testcase classname="tests.test_expr_serde_v2" name="test_malformed_documents_are_rejected[bad_version-doc7]" time="0.001" /><testcase classname="tests.test_expr_serde_v2" name="test_malformed_documents_are_rejected[empty_nodes-doc8]" time="0.001" /><testcase classname="tests.test_expr_serde_v2" name="test_malformed_documents_are_rejected[nodes_not_list-doc9]" time="0.001" /><testcase classname="tests.test_expr_serde_v2" name="test_malformed_documents_are_rejected[node_not_object-doc10]" time="0.001" /><testcase classname="tests.test_expr_serde_v2" name="test_malformed_documents_are_rejected[bad_op-doc11]" time="0.001" /><testcase classname="tests.test_expr_serde_v2" name="test_malformed_documents_are_rejected[bad_var_index-doc12]" time="0.001" /><testcase classname="tests.test_expr_serde_v2" name="test_malformed_documents_are_rejected[duplicate_definition-doc13]" time="0.001" /><testcase classname="tests.test_expr_serde_v2" name="test_non_mapping_input_rejected" time="0.001" /><testcase classname="tests.test_expr_serde_v2" name="test_unreachable_definitions_are_rejected" time="0.001" /><testcase classname="tests.test_expr_serde_v2" name="test_non_last_root_is_rejected_as_unreachable" time="0.001" /><testcase classname="tests.test_expr_serde_v2" name="test_alternate_topological_ordering_is_accepted_and_normalizes" time="0.001" /><testcase classname="tests.test_expr_serde_v2" name="test_deep_v1_documents_parse_iteratively" time="0.028" /><testcase classname="tests.test_expr_serde_v2" name="test_deep_v1_serialization_is_iterative" time="0.007" /><testcase classname="tests.test_expr_serde_v2" name="test_malformed_deep_v1_fails_with_valueerror" time="0.006" /><testcase classname="tests.test_expr_serde_v2" name="test_v1_roundtrip_output_unchanged_by_iterative_rewrite" time="0.001" /></testsuite></testsuites>