<?xml version="1.0" encoding="utf-8"?><testsuites name="pytest tests"><testsuite name="pytest" errors="0" failures="0" skipped="0" tests="5" time="30.026" timestamp="2026-09-15T03:01:15.916577+07:00" hostname="DESKTOP-QD8TM7N"><testcase classname="tests.test_cm_comparative_h6_fresh_process_memory_gate" name="test_h6_freeze_is_deterministic_and_has_the_declared_fresh_process_schedule" time="10.401" /><testcase classname="tests.test_cm_comparative_h6_fresh_process_memory_gate" name="test_all_selected_unchanged_operations_match_the_stored_oracle" time="4.409" /><testcase classname="tests.test_cm_comparative_h6_fresh_process_memory_gate" name="test_real_worker_handshake_covers_every_arm_and_lifecycle" time="9.385" /><testcase classname="tests.test_cm_comparative_h6_fresh_process_memory_gate" name="test_summary_gate_and_independent_replay_are_deterministic" time="0.295" /><testcase classname="tests.test_cm_comparative_h6_fresh_process_memory_gate" name="test_zero_os_signal_closes_h6_without_authorizing_a_candidate" time="0.098" /></testsuite></testsuites>