<?xml version="1.0" encoding="utf-8"?><testsuites name="pytest tests"><testsuite name="pytest" errors="0" failures="0" skipped="0" tests="3" time="0.684" timestamp="2026-09-15T02:51:38.263206+07:00" hostname="DESKTOP-QD8TM7N"><testcase classname="tests.test_cm_independent_active_workflow_gate" name="test_admitted_payload_matches_cold_and_reused_current_source" time="0.004" /><testcase classname="tests.test_cm_independent_active_workflow_gate" name="test_all_three_variable_functions_materialize_exactly" time="0.126" /><testcase classname="tests.test_cm_independent_active_workflow_gate" name="test_identity_sharing_and_tree_expansion_are_exact_and_structure_distinct" time="0.001" /></testsuite></testsuites>