<?xml version="1.0" encoding="utf-8"?><testsuites name="pytest tests"><testsuite name="pytest" errors="0" failures="0" skipped="0" tests="15" time="13.956" timestamp="2026-09-15T02:55:42.453913+07:00" hostname="DESKTOP-QD8TM7N"><testcase classname="tests.test_query_ladder_development_experiment" name="test_eligible_fit_receives_only_identity_free_fit_rows" time="0.629" /><testcase classname="tests.test_query_ladder_development_experiment" name="test_ineligible_handoff_never_invokes_fitter" time="0.262" /><testcase classname="tests.test_query_ladder_development_experiment" name="test_frozen_feature_or_split_tampering_never_invokes_fitter[model_features]" time="0.485" /><testcase classname="tests.test_query_ladder_development_experiment" name="test_frozen_feature_or_split_tampering_never_invokes_fitter[split]" time="0.455" /><testcase classname="tests.test_query_ladder_development_experiment" name="test_abstained_labels_are_retained_but_excluded_from_fit" time="0.411" /><testcase classname="tests.test_query_ladder_development_experiment" name="test_perfect_predictions_beat_chance_majority_and_control" time="0.413" /><testcase classname="tests.test_query_ladder_development_experiment" name="test_majority_prediction_is_not_mistaken_for_learning" time="0.432" /><testcase classname="tests.test_query_ladder_development_experiment" name="test_prediction_leakage_or_prospective_consumption_fails_closed" time="0.880" /><testcase classname="tests.test_query_ladder_development_experiment" name="test_prediction_digest_tampering_fails_closed" time="0.406" /><testcase classname="tests.test_query_ladder_development_experiment" name="test_neural_signal_requires_three_independently_passing_seeds" time="1.593" /><testcase classname="tests.test_query_ladder_development_experiment" name="test_neural_seed_instability_and_duplicate_seeds_fail_closed" time="1.271" /><testcase classname="tests.test_query_ladder_development_experiment" name="test_read_only_cli_recomputes_prediction_assessment" time="1.871" /><testcase classname="tests.test_query_ladder_development_experiment" name="test_candidate_routing_economics_are_recomputed_on_every_host" time="1.291" /><testcase classname="tests.test_query_ladder_development_experiment" name="test_expensive_candidate_fails_even_with_perfect_accuracy" time="0.960" /><testcase classname="tests.test_query_ladder_development_experiment" name="test_routing_timing_tampering_and_cross_host_reuse_fail_closed" time="1.787" /></testsuite></testsuites>