<?xml version="1.0" encoding="utf-8"?><testsuites name="pytest tests"><testsuite name="pytest" errors="0" failures="0" skipped="0" tests="6" time="1.145" timestamp="2026-09-15T03:02:10.739487+07:00" hostname="DESKTOP-QD8TM7N"><testcase classname="tests.test_cm_parallel.CMParallelTests" name="test_full_bitset_collapse_does_not_start_pool" time="0.002" /><testcase classname="tests.test_cm_parallel.CMParallelTests" name="test_parallel_activates_on_large_flat_work" time="0.652" /><testcase classname="tests.test_cm_parallel.CMParallelTests" name="test_parallel_is_deterministic" time="0.017" /><testcase classname="tests.test_cm_parallel.CMParallelTests" name="test_parallel_matches_eager_and_truth_table" time="0.006" /><testcase classname="tests.test_cm_parallel.CMParallelTests" name="test_parallel_matches_lazy_and_truth_table" time="0.005" /><testcase classname="tests.test_cm_parallel.CMParallelTests" name="test_small_cases_fall_back_without_pool_overhead" time="0.001" /></testsuite></testsuites>