<?xml version="1.0" encoding="utf-8"?><testsuites name="pytest tests"><testsuite name="pytest" errors="0" failures="0" skipped="0" tests="3" time="0.733" timestamp="2026-09-15T02:51:32.413388+07:00" hostname="DESKTOP-QD8TM7N"><testcase classname="tests.test_cm_heldout_abc_i10_selector" name="test_select_evenly_keeps_endpoints_and_refuses_duplicates" time="0.001" /><testcase classname="tests.test_cm_heldout_abc_i10_selector" name="test_ridge_fit_and_prediction_are_finite" time="0.122" /><testcase classname="tests.test_cm_heldout_abc_i10_selector" name="test_lambda_choice_is_training_only_and_deterministic" time="0.009" /></testsuite></testsuites>