<?xml version="1.0" encoding="utf-8"?><testsuites name="pytest tests"><testsuite name="pytest" errors="0" failures="0" skipped="0" tests="2" time="2.208" timestamp="2026-09-15T02:52:06.228785+07:00" hostname="DESKTOP-QD8TM7N"><testcase classname="tests.test_cm_neural_site_export.NeuralSiteExportTests" name="test_export_refuses_outside_build" time="0.002" /><testcase classname="tests.test_cm_neural_site_export.NeuralSiteExportTests" name="test_self_contained_home_sources_and_no_overwrite" time="1.844" /></testsuite></testsuites>