<?xml version="1.0" encoding="utf-8"?><testsuites name="pytest tests"><testsuite name="pytest" errors="0" failures="0" skipped="0" tests="96" time="1.574" timestamp="2026-09-15T03:02:24.173105+07:00" hostname="DESKTOP-QD8TM7N"><testcase classname="tests.test_cm_session_contracts.SessionContractTests" name="test_aggregate_preserves_refused_cells_without_counting_their_outputs" time="0.163" /><testcase classname="tests.test_cm_session_contracts.SessionContractTests" name="test_all_synthetic_non_native_arms_match_both_task_oracles" time="0.268" /><testcase classname="tests.test_cm_session_contracts.SessionContractTests" name="test_cached_history_selection_retains_candidates_and_original_refusal" time="0.234" /><testcase classname="tests.test_cm_session_contracts.SessionContractTests" name="test_changed_historical_input_is_refused_before_selection" time="0.003" /><testcase classname="tests.test_cm_session_contracts.SessionContractTests" name="test_cm_persistent_pool_restored_on_success_and_error" time="0.003" /><testcase classname="tests.test_cm_session_contracts.SessionContractTests" name="test_controller_refuses_a_count_substituted_for_complete_delta" time="0.003" /><testcase classname="tests.test_cm_session_contracts.SessionContractTests" name="test_controller_refuses_omitted_or_wrong_selector_sign" time="0.004" /><testcase classname="tests.test_cm_session_contracts.SessionContractTests" name="test_controller_rejects_every_missing_and_unknown_result_field" time="0.004" /><testcase classname="tests.test_cm_session_contracts.SessionContractTests" name="test_controller_rejects_wrong_answers_identity_cache_claims_and_forged_work" time="0.009" /><testcase classname="tests.test_cm_session_contracts.SessionContractTests" name="test_empty_clause_disables_only_its_own_version" time="0.003" /><testcase classname="tests.test_cm_session_contracts.SessionContractTests" name="test_free_variable_contexts_cross_words_bigint_and_zero_width" time="0.003" /><testcase classname="tests.test_cm_session_contracts.SessionContractTests" name="test_fresh_and_reused_sat_load_identical_guarded_formulas" time="0.004" /><testcase classname="tests.test_cm_session_contracts.SessionContractTests" name="test_fresh_representations_are_reconstructed_for_each_query" time="0.003" /><testcase classname="tests.test_cm_session_contracts.SessionContractTests" name="test_historical_canonical_relations_match_their_saved_packed_hashes" time="0.266" /><testcase classname="tests.test_cm_session_contracts.SessionContractTests" name="test_known_change_control_is_explicitly_separate_and_keeps_selection_denominator" time="0.222" /><testcase classname="tests.test_cm_session_contracts.SessionContractTests" name="test_reused_programs_recompute_outputs_and_preserve_only_structure" time="0.004" /><testcase classname="tests.test_cm_session_contracts.SessionContractTests" name="test_same_version_and_duplicate_clause_changes_remain_zero_delta" time="0.007" /><testcase classname="tests.test_cm_session_contracts.SessionContractTests" name="test_sat_gates_select_one_version_and_allow_rollback" time="0.014" /><testcase classname="tests.test_cm_session_contracts.SessionContractTests" name="test_sat_vector_enumeration_charges_every_original_assignment_not_selectors" time="0.002" /><testcase classname="tests.test_cm_session_contracts.SessionContractTests" name="test_schema_width_alignment_and_version_identity_refuse" time="0.001" /><testcase classname="tests.test_cm_session_contracts.SessionContractTests" name="test_selector_injection_bad_traces_and_modes_refuse_before_construction" time="0.001" /><testcase classname="tests.test_cm_session_contracts.SessionContractTests" name="test_solver_is_closed_after_add_clause_failure" time="0.001" /><testcase classname="tests.test_cm_session_contracts.SessionContractTests" name="test_solver_is_closed_after_unknown_result" time="0.001" /><testcase classname="tests.test_cm_session_contracts.SessionContractTests" name="test_synthetic_scenarios_and_traces_are_deterministic_and_include_undo" time="0.002" /></testsuite></testsuites>