<?xml version="1.0" encoding="utf-8"?><testsuites name="pytest tests"><testsuite name="pytest" errors="0" failures="0" skipped="0" tests="4" time="0.661" timestamp="2026-09-15T02:53:19.784471+07:00" hostname="DESKTOP-QD8TM7N"><testcase classname="tests.test_corpus_provenance" name="test_load_corpus_validates_formula_and_file_hash" time="0.010" /><testcase classname="tests.test_corpus_provenance" name="test_load_corpus_rejects_formula_hash_mismatch" time="0.098" /><testcase classname="tests.test_corpus_provenance" name="test_load_corpus_rejects_duplicate_ids" time="0.007" /><testcase classname="tests.test_corpus_provenance" name="test_aggregation_rejects_mixed_or_missing_corpus_hashes" time="0.001" /></testsuite></testsuites>