<?xml version="1.0" encoding="utf-8"?><testsuites name="pytest tests"><testsuite name="pytest" errors="0" failures="0" skipped="0" tests="3" time="2.198" timestamp="2026-09-15T02:51:22.501622+07:00" hostname="DESKTOP-QD8TM7N"><testcase classname="tests.test_cm_comparative_real_task_bridge.ComparativeRealTaskBridgeTests" name="test_bundle_has_one_functional_cell_per_declared_combination" time="0.652" /><testcase classname="tests.test_cm_comparative_real_task_bridge.ComparativeRealTaskBridgeTests" name="test_default_zero_changes_and_named_control_nonzero_stay_separate" time="0.587" /><testcase classname="tests.test_cm_comparative_real_task_bridge.ComparativeRealTaskBridgeTests" name="test_selection_retains_complete_candidate_and_admission_ledgers" time="0.508" /></testsuite></testsuites>