<?xml version="1.0" encoding="utf-8"?><testsuites name="pytest tests"><testsuite name="pytest" errors="0" failures="0" skipped="0" tests="5" time="0.549" timestamp="2026-09-15T02:52:59.522599+07:00" hostname="DESKTOP-QD8TM7N"><testcase classname="tests.test_cm_workload_manifest.WorkloadManifestTests" name="test_cli_hashes_input_and_refuses_overwrite" time="0.014" /><testcase classname="tests.test_cm_workload_manifest.WorkloadManifestTests" name="test_declared_manifest_is_ready_only_for_approved_capture_modes" time="0.002" /><testcase classname="tests.test_cm_workload_manifest.WorkloadManifestTests" name="test_incomplete_template_is_valid_but_not_real_workload" time="0.001" /><testcase classname="tests.test_cm_workload_manifest.WorkloadManifestTests" name="test_initial_capture_sampling_is_fixed_and_bounded" time="0.002" /><testcase classname="tests.test_cm_workload_manifest.WorkloadManifestTests" name="test_unknown_field_and_invalid_budget_are_refused" time="0.002" /></testsuite></testsuites>