<?xml version="1.0" encoding="utf-8"?><testsuites name="pytest tests"><testsuite name="pytest" errors="0" failures="0" skipped="0" tests="5" time="0.571" timestamp="2026-09-15T02:52:09.679066+07:00" hostname="DESKTOP-QD8TM7N"><testcase classname="tests.test_cm_no_reinflate.CMNoReinflateTests" name="test_existing_materialize_cm_still_performs_dense_cm_output_contract" time="0.002" /><testcase classname="tests.test_cm_no_reinflate.CMNoReinflateTests" name="test_large_n_guard_rejects_too_many_reduced_live_vars" time="0.008" /><testcase classname="tests.test_cm_no_reinflate.CMNoReinflateTests" name="test_large_n_guard_requires_reduced_output_opt_in" time="0.002" /><testcase classname="tests.test_cm_no_reinflate.CMNoReinflateTests" name="test_no_reinflate_fallback_returns_tt_vector_and_avoids_cm_matrix" time="0.030" /><testcase classname="tests.test_cm_no_reinflate.CMNoReinflateTests" name="test_no_reinflate_returns_packed_bitset_and_matches_eval_expr_tt" time="0.002" /></testsuite></testsuites>